{"obj": {"type": "AssignString", "path": ["sys", "name"], "value": "Reg0.02484151312329247_LR0.009178868768555868_FuncHashd4bce7"}, "version": 1}
{"obj": {"type": "AssignString", "path": ["sys", "description"], "value": ""}, "version": 2}
{"obj": {"type": "AssignString", "path": ["monitoring", "f6467f4f", "hostname"], "value": "DESKTOP-F0FFPV5"}, "version": 3}
{"obj": {"type": "AssignString", "path": ["sys", "hostname"], "value": "DESKTOP-F0FFPV5"}, "version": 4}
{"obj": {"type": "AssignString", "path": ["monitoring", "f6467f4f", "pid"], "value": "18780"}, "version": 5}
{"obj": {"type": "AssignString", "path": ["monitoring", "f6467f4f", "tid"], "value": "25076"}, "version": 6}
{"obj": {"type": "AssignBool", "path": ["sys", "failed"], "value": false}, "version": 7}
{"obj": {"type": "ClearStringLog", "path": ["monitoring", "f6467f4f", "stdout"]}, "version": 8}
{"obj": {"type": "ClearStringLog", "path": ["monitoring", "f6467f4f", "stderr"]}, "version": 9}
{"obj": {"type": "AssignString", "path": ["source_code", "entrypoint"], "value": "execute.py"}, "version": 10}
{"obj": {"type": "UploadFileSet", "path": ["source_code", "files"], "file_globs": ["D:\\PyCharmProjects\\pyProjects\\mllib_f2023-master\\execute.py"], "reset": "False"}, "version": 11}
{"obj": {"type": "UploadFile", "path": ["source_code", "diff"], "ext": "patch", "file_path": null, "tmp_file_name": "source_code_diff-1696870502.018421-2023-10-09_19.55.02.018421.patch", "clean_after_upload": false}, "version": 12}
{"obj": {"type": "ConfigFloatSeries", "path": ["monitoring", "f6467f4f", "cpu"], "min": 0.0, "max": 100.0, "unit": "%"}, "version": 13}
{"obj": {"type": "ClearFloatLog", "path": ["monitoring", "f6467f4f", "cpu"]}, "version": 14}
{"obj": {"type": "ConfigFloatSeries", "path": ["monitoring", "f6467f4f", "memory"], "min": 0.0, "max": 31.85687255859375, "unit": "GB"}, "version": 15}
{"obj": {"type": "ClearFloatLog", "path": ["monitoring", "f6467f4f", "memory"]}, "version": 16}
{"obj": {"type": "ConfigFloatSeries", "path": ["monitoring", "f6467f4f", "gpu"], "min": 0.0, "max": 100.0, "unit": "%"}, "version": 17}
{"obj": {"type": "ClearFloatLog", "path": ["monitoring", "f6467f4f", "gpu"]}, "version": 18}
{"obj": {"type": "ConfigFloatSeries", "path": ["monitoring", "f6467f4f", "gpu_memory"], "min": 0.0, "max": 8.0, "unit": "GB"}, "version": 19}
{"obj": {"type": "ClearFloatLog", "path": ["monitoring", "f6467f4f", "gpu_memory"]}, "version": 20}
{"obj": {"type": "AssignString", "path": ["hyperparameters", "base_function"], "value": "exp_func = lambda x: np.exp(x)\npolynomial_func = lambda x: 5 + x + x**2\nlog_func = lambda x: np.log(x)"}, "version": 21}
{"obj": {"type": "AssignFloat", "path": ["hyperparameters", "regularisation_coefficient"], "value": 0.02484151312329247}, "version": 22}
{"obj": {"type": "AssignFloat", "path": ["hyperparameters", "learning_rate"], "value": 0.009178868768555868}, "version": 23}
{"obj": {"type": "LogFloats", "path": ["monitoring", "f6467f4f", "cpu"], "values": [{"value": 10.7, "step": null, "ts": 1696870502.0254214}]}, "version": 24}
{"obj": {"type": "LogFloats", "path": ["train", "mse"], "values": [{"value": 4.957783304605619, "step": null, "ts": 1696870502.0354214}]}, "version": 25}
{"obj": {"type": "LogFloats", "path": ["monitoring", "f6467f4f", "memory"], "values": [{"value": 16.95980453491211, "step": null, "ts": 1696870502.0254214}]}, "version": 26}
{"obj": {"type": "LogFloats", "path": ["train", "cost_function"], "values": [{"value": 5.0061121916984614, "step": null, "ts": 1696870502.0364213}]}, "version": 27}
{"obj": {"type": "LogFloats", "path": ["monitoring", "f6467f4f", "gpu"], "values": [{"value": 29.0, "step": null, "ts": 1696870502.0254214}]}, "version": 28}
{"obj": {"type": "LogFloats", "path": ["monitoring", "f6467f4f", "gpu_memory"], "values": [{"value": 1.80438232421875, "step": null, "ts": 1696870502.0254214}]}, "version": 29}
{"obj": {"type": "LogFloats", "path": ["train", "mse"], "values": [{"value": 2.1334117860874096, "step": null, "ts": 1696870502.039421}]}, "version": 30}
{"obj": {"type": "LogFloats", "path": ["train", "cost_function"], "values": [{"value": 2.172340017785723, "step": null, "ts": 1696870502.039421}]}, "version": 31}
{"obj": {"type": "LogFloats", "path": ["train", "mse"], "values": [{"value": 1.983035844179322, "step": null, "ts": 1696870502.0414212}]}, "version": 32}
{"obj": {"type": "LogFloats", "path": ["train", "cost_function"], "values": [{"value": 2.0158473301931883, "step": null, "ts": 1696870502.0414212}]}, "version": 33}
{"obj": {"type": "LogFloats", "path": ["train", "mse"], "values": [{"value": 1.8765894401421963, "step": null, "ts": 1696870502.043421}]}, "version": 34}
{"obj": {"type": "LogFloats", "path": ["train", "cost_function"], "values": [{"value": 1.9047157333317823, "step": null, "ts": 1696870502.0444212}]}, "version": 35}
{"obj": {"type": "LogFloats", "path": ["train", "mse"], "values": [{"value": 1.8009270638973731, "step": null, "ts": 1696870502.0464213}]}, "version": 36}
{"obj": {"type": "LogFloats", "path": ["train", "cost_function"], "values": [{"value": 1.8254104012793488, "step": null, "ts": 1696870502.0464213}]}, "version": 37}
{"obj": {"type": "LogFloats", "path": ["train", "mse"], "values": [{"value": 1.7468345097144071, "step": null, "ts": 1696870502.0484214}]}, "version": 38}
{"obj": {"type": "LogFloats", "path": ["train", "cost_function"], "values": [{"value": 1.7684388329522132, "step": null, "ts": 1696870502.0484214}]}, "version": 39}
{"obj": {"type": "AssignFloat", "path": ["final_metrics", "validation_mse"], "value": 1.7219579056734933}, "version": 40}
{"obj": {"type": "LogFloats", "path": ["valid", "mse"], "values": [{"value": 1.5485753411240626, "step": null, "ts": 1696870502.0514212}]}, "version": 41}
{"obj": {"type": "LogFloats", "path": ["valid", "cost_function"], "values": [{"value": 1.568733379342089, "step": null, "ts": 1696870502.0524213}]}, "version": 42}
{"obj": {"type": "LogStrings", "path": ["monitoring", "f6467f4f", "stdout"], "values": [{"value": "https://app.neptune.ai/wildbine/linear-regression/e/LIN-332\n", "step": null, "ts": 1696870502.6080818}]}, "version": 43}
{"obj": {"type": "LogStrings", "path": ["monitoring", "f6467f4f", "stdout"], "values": [{"value": "https://app.neptune.ai/wildbine/linear-regression/e/LIN-333\n", "step": null, "ts": 1696870503.27162}]}, "version": 44}
{"obj": {"type": "LogStrings", "path": ["monitoring", "f6467f4f", "stdout"], "values": [{"value": "https://app.neptune.ai/wildbine/linear-regression/e/LIN-334\n", "step": null, "ts": 1696870503.9172347}]}, "version": 45}
{"obj": {"type": "LogStrings", "path": ["monitoring", "f6467f4f", "stdout"], "values": [{"value": "https://app.neptune.ai/wildbine/linear-regression/e/LIN-335\n", "step": null, "ts": 1696870504.5387018}]}, "version": 46}
{"obj": {"type": "LogStrings", "path": ["monitoring", "f6467f4f", "stdout"], "values": [{"value": "https://app.neptune.ai/wildbine/linear-regression/e/LIN-336\n", "step": null, "ts": 1696870505.1967525}]}, "version": 47}
{"obj": {"type": "LogStrings", "path": ["monitoring", "f6467f4f", "stdout"], "values": [{"value": "https://app.neptune.ai/wildbine/linear-regression/e/LIN-337\n", "step": null, "ts": 1696870506.2172315}]}, "version": 48}
{"obj": {"type": "LogStrings", "path": ["monitoring", "f6467f4f", "stdout"], "values": [{"value": "https://app.neptune.ai/wildbine/linear-regression/e/LIN-338\n", "step": null, "ts": 1696870506.8532662}]}, "version": 49}
{"obj": {"type": "LogStrings", "path": ["monitoring", "f6467f4f", "stdout"], "values": [{"value": "https://app.neptune.ai/wildbine/linear-regression/e/LIN-339\n", "step": null, "ts": 1696870507.5198767}]}, "version": 50}
{"obj": {"type": "LogStrings", "path": ["monitoring", "f6467f4f", "stdout"], "values": [{"value": "https://app.neptune.ai/wildbine/linear-regression/e/LIN-340\n", "step": null, "ts": 1696870508.1085875}]}, "version": 51}
{"obj": {"type": "LogStrings", "path": ["monitoring", "f6467f4f", "stdout"], "values": [{"value": "https://app.neptune.ai/wildbine/linear-regression/e/LIN-341\n", "step": null, "ts": 1696870508.843522}]}, "version": 52}
{"obj": {"type": "LogStrings", "path": ["monitoring", "f6467f4f", "stdout"], "values": [{"value": "https://app.neptune.ai/wildbine/linear-regression/e/LIN-342\n", "step": null, "ts": 1696870509.4581687}]}, "version": 53}
{"obj": {"type": "LogStrings", "path": ["monitoring", "f6467f4f", "stdout"], "values": [{"value": "https://app.neptune.ai/wildbine/linear-regression/e/LIN-343\n", "step": null, "ts": 1696870510.0208097}]}, "version": 54}
{"obj": {"type": "LogStrings", "path": ["monitoring", "f6467f4f", "stdout"], "values": [{"value": "https://app.neptune.ai/wildbine/linear-regression/e/LIN-344\n", "step": null, "ts": 1696870510.652141}]}, "version": 55}
{"obj": {"type": "LogStrings", "path": ["monitoring", "f6467f4f", "stdout"], "values": [{"value": "https://app.neptune.ai/wildbine/linear-regression/e/LIN-345\n", "step": null, "ts": 1696870511.3053772}]}, "version": 56}
{"obj": {"type": "LogStrings", "path": ["monitoring", "f6467f4f", "stdout"], "values": [{"value": "https://app.neptune.ai/wildbine/linear-regression/e/LIN-346\n", "step": null, "ts": 1696870511.9023185}]}, "version": 57}
{"obj": {"type": "LogFloats", "path": ["monitoring", "f6467f4f", "cpu"], "values": [{"value": 4.6, "step": null, "ts": 1696870512.0486655}]}, "version": 58}
{"obj": {"type": "LogFloats", "path": ["monitoring", "f6467f4f", "memory"], "values": [{"value": 16.981460571289062, "step": null, "ts": 1696870512.0486655}]}, "version": 59}
{"obj": {"type": "LogFloats", "path": ["monitoring", "f6467f4f", "gpu"], "values": [{"value": 29.0, "step": null, "ts": 1696870512.0486655}]}, "version": 60}
{"obj": {"type": "LogFloats", "path": ["monitoring", "f6467f4f", "gpu_memory"], "values": [{"value": 1.80438232421875, "step": null, "ts": 1696870512.0486655}]}, "version": 61}
{"obj": {"type": "LogStrings", "path": ["monitoring", "f6467f4f", "stdout"], "values": [{"value": "https://app.neptune.ai/wildbine/linear-regression/e/LIN-347\n", "step": null, "ts": 1696870512.4601998}]}, "version": 62}
{"obj": {"type": "LogStrings", "path": ["monitoring", "f6467f4f", "stdout"], "values": [{"value": "https://app.neptune.ai/wildbine/linear-regression/e/LIN-348\n", "step": null, "ts": 1696870513.0525868}]}, "version": 63}
{"obj": {"type": "LogStrings", "path": ["monitoring", "f6467f4f", "stdout"], "values": [{"value": "https://app.neptune.ai/wildbine/linear-regression/e/LIN-349\n", "step": null, "ts": 1696870513.591577}]}, "version": 64}
{"obj": {"type": "LogStrings", "path": ["monitoring", "f6467f4f", "stdout"], "values": [{"value": "https://app.neptune.ai/wildbine/linear-regression/e/LIN-350\n", "step": null, "ts": 1696870514.1588073}]}, "version": 65}
{"obj": {"type": "LogStrings", "path": ["monitoring", "f6467f4f", "stdout"], "values": [{"value": "https://app.neptune.ai/wildbine/linear-regression/e/LIN-351\n", "step": null, "ts": 1696870514.7637393}]}, "version": 66}
{"obj": {"type": "LogStrings", "path": ["monitoring", "f6467f4f", "stdout"], "values": [{"value": "https://app.neptune.ai/wildbine/linear-regression/e/LIN-352\n", "step": null, "ts": 1696870515.3985746}]}, "version": 67}
{"obj": {"type": "LogStrings", "path": ["monitoring", "f6467f4f", "stdout"], "values": [{"value": "Shutting down background jobs, please wait a moment...\n", "step": null, "ts": 1696870515.4395745}]}, "version": 68}
{"obj": {"type": "LogStrings", "path": ["monitoring", "f6467f4f", "stdout"], "values": [{"value": "Done!\n", "step": null, "ts": 1696870516.1477551}]}, "version": 69}
{"obj": {"type": "LogStrings", "path": ["monitoring", "f6467f4f", "stdout"], "values": [{"value": "Waiting for the remaining 39 operations to synchronize with Neptune. Do not kill this process.\n", "step": null, "ts": 1696870516.1497555}]}, "version": 70}
{"obj": {"type": "LogStrings", "path": ["monitoring", "f6467f4f", "stdout"], "values": [{"value": "All 39 operations synced, thanks for waiting!\n", "step": null, "ts": 1696870516.433775}]}, "version": 71}
{"obj": {"type": "LogStrings", "path": ["monitoring", "f6467f4f", "stdout"], "values": [{"value": "Explore the metadata in the Neptune app:\n", "step": null, "ts": 1696870516.4367747}]}, "version": 72}
{"obj": {"type": "LogStrings", "path": ["monitoring", "f6467f4f", "stdout"], "values": [{"value": "https://app.neptune.ai/wildbine/linear-regression/e/LIN-352/metadata\n", "step": null, "ts": 1696870516.4378438}]}, "version": 73}
{"obj": {"type": "LogStrings", "path": ["monitoring", "f6467f4f", "stdout"], "values": [{"value": "Shutting down background jobs, please wait a moment...\n", "step": null, "ts": 1696870516.4397748}]}, "version": 74}
{"obj": {"type": "LogStrings", "path": ["monitoring", "f6467f4f", "stdout"], "values": [{"value": "Done!\n", "step": null, "ts": 1696870516.612774}]}, "version": 75}
{"obj": {"type": "LogStrings", "path": ["monitoring", "f6467f4f", "stdout"], "values": [{"value": "Waiting for the remaining 26 operations to synchronize with Neptune. Do not kill this process.\n", "step": null, "ts": 1696870516.6167748}]}, "version": 76}
{"obj": {"type": "LogStrings", "path": ["monitoring", "f6467f4f", "stdout"], "values": [{"value": "All 26 operations synced, thanks for waiting!\n", "step": null, "ts": 1696870516.9033227}]}, "version": 77}
{"obj": {"type": "LogStrings", "path": ["monitoring", "f6467f4f", "stdout"], "values": [{"value": "Explore the metadata in the Neptune app:\n", "step": null, "ts": 1696870516.9073215}]}, "version": 78}
{"obj": {"type": "LogStrings", "path": ["monitoring", "f6467f4f", "stdout"], "values": [{"value": "https://app.neptune.ai/wildbine/linear-regression/e/LIN-351/metadata\n", "step": null, "ts": 1696870516.909322}]}, "version": 79}
{"obj": {"type": "LogStrings", "path": ["monitoring", "f6467f4f", "stdout"], "values": [{"value": "Shutting down background jobs, please wait a moment...\n", "step": null, "ts": 1696870516.910322}]}, "version": 80}
{"obj": {"type": "LogStrings", "path": ["monitoring", "f6467f4f", "stdout"], "values": [{"value": "Done!\n", "step": null, "ts": 1696870517.1363258}]}, "version": 81}
{"obj": {"type": "LogStrings", "path": ["monitoring", "f6467f4f", "stdout"], "values": [{"value": "Waiting for the remaining 45 operations to synchronize with Neptune. Do not kill this process.\n", "step": null, "ts": 1696870517.140325}]}, "version": 82}
{"obj": {"type": "LogStrings", "path": ["monitoring", "f6467f4f", "stdout"], "values": [{"value": "All 45 operations synced, thanks for waiting!\n", "step": null, "ts": 1696870517.4553635}]}, "version": 83}
{"obj": {"type": "LogStrings", "path": ["monitoring", "f6467f4f", "stdout"], "values": [{"value": "Explore the metadata in the Neptune app:\n", "step": null, "ts": 1696870517.4573631}]}, "version": 84}
{"obj": {"type": "LogStrings", "path": ["monitoring", "f6467f4f", "stdout"], "values": [{"value": "https://app.neptune.ai/wildbine/linear-regression/e/LIN-350/metadata\n", "step": null, "ts": 1696870517.4593625}]}, "version": 85}
{"obj": {"type": "LogStrings", "path": ["monitoring", "f6467f4f", "stdout"], "values": [{"value": "Shutting down background jobs, please wait a moment...\n", "step": null, "ts": 1696870517.4603631}]}, "version": 86}
{"obj": {"type": "LogStrings", "path": ["monitoring", "f6467f4f", "stdout"], "values": [{"value": "Done!\n", "step": null, "ts": 1696870517.6263683}]}, "version": 87}
{"obj": {"type": "LogStrings", "path": ["monitoring", "f6467f4f", "stdout"], "values": [{"value": "Waiting for the remaining 40 operations to synchronize with Neptune. Do not kill this process.\n", "step": null, "ts": 1696870517.6283681}]}, "version": 88}
{"obj": {"type": "LogStrings", "path": ["monitoring", "f6467f4f", "stdout"], "values": [{"value": "All 40 operations synced, thanks for waiting!\n", "step": null, "ts": 1696870517.9793797}]}, "version": 89}
{"obj": {"type": "LogStrings", "path": ["monitoring", "f6467f4f", "stdout"], "values": [{"value": "Explore the metadata in the Neptune app:\n", "step": null, "ts": 1696870517.9803793}]}, "version": 90}
{"obj": {"type": "LogStrings", "path": ["monitoring", "f6467f4f", "stdout"], "values": [{"value": "https://app.neptune.ai/wildbine/linear-regression/e/LIN-349/metadata\n", "step": null, "ts": 1696870517.9823794}]}, "version": 91}
{"obj": {"type": "LogStrings", "path": ["monitoring", "f6467f4f", "stdout"], "values": [{"value": "Shutting down background jobs, please wait a moment...\n", "step": null, "ts": 1696870517.983379}]}, "version": 92}
{"obj": {"type": "LogStrings", "path": ["monitoring", "f6467f4f", "stdout"], "values": [{"value": "Done!\n", "step": null, "ts": 1696870518.1015236}]}, "version": 93}
{"obj": {"type": "LogStrings", "path": ["monitoring", "f6467f4f", "stdout"], "values": [{"value": "Waiting for the remaining 55 operations to synchronize with Neptune. Do not kill this process.\n", "step": null, "ts": 1696870518.1045232}]}, "version": 94}
{"obj": {"type": "LogStrings", "path": ["monitoring", "f6467f4f", "stdout"], "values": [{"value": "All 55 operations synced, thanks for waiting!\n", "step": null, "ts": 1696870518.4145343}]}, "version": 95}
{"obj": {"type": "LogStrings", "path": ["monitoring", "f6467f4f", "stdout"], "values": [{"value": "Explore the metadata in the Neptune app:\n", "step": null, "ts": 1696870518.4175344}]}, "version": 96}
{"obj": {"type": "LogStrings", "path": ["monitoring", "f6467f4f", "stdout"], "values": [{"value": "https://app.neptune.ai/wildbine/linear-regression/e/LIN-348/metadata\n", "step": null, "ts": 1696870518.419534}]}, "version": 97}
{"obj": {"type": "LogStrings", "path": ["monitoring", "f6467f4f", "stdout"], "values": [{"value": "Shutting down background jobs, please wait a moment...\n", "step": null, "ts": 1696870518.4205341}]}, "version": 98}
{"obj": {"type": "LogStrings", "path": ["monitoring", "f6467f4f", "stdout"], "values": [{"value": "Done!\n", "step": null, "ts": 1696870518.5802195}]}, "version": 99}
{"obj": {"type": "LogStrings", "path": ["monitoring", "f6467f4f", "stdout"], "values": [{"value": "Waiting for the remaining 6 operations to synchronize with Neptune. Do not kill this process.\n", "step": null, "ts": 1696870518.5822184}]}, "version": 100}
{"obj": {"type": "LogStrings", "path": ["monitoring", "f6467f4f", "stdout"], "values": [{"value": "All 6 operations synced, thanks for waiting!\n", "step": null, "ts": 1696870518.7552388}]}, "version": 101}
{"obj": {"type": "LogStrings", "path": ["monitoring", "f6467f4f", "stdout"], "values": [{"value": "Explore the metadata in the Neptune app:\n", "step": null, "ts": 1696870518.757238}]}, "version": 102}
{"obj": {"type": "LogStrings", "path": ["monitoring", "f6467f4f", "stdout"], "values": [{"value": "https://app.neptune.ai/wildbine/linear-regression/e/LIN-347/metadata\n", "step": null, "ts": 1696870518.7592382}]}, "version": 103}
{"obj": {"type": "LogStrings", "path": ["monitoring", "f6467f4f", "stdout"], "values": [{"value": "Shutting down background jobs, please wait a moment...\n", "step": null, "ts": 1696870518.7602382}]}, "version": 104}
{"obj": {"type": "LogStrings", "path": ["monitoring", "f6467f4f", "stdout"], "values": [{"value": "Done!\n", "step": null, "ts": 1696870518.9752584}]}, "version": 105}
{"obj": {"type": "LogStrings", "path": ["monitoring", "f6467f4f", "stdout"], "values": [{"value": "Waiting for the remaining 18 operations to synchronize with Neptune. Do not kill this process.\n", "step": null, "ts": 1696870518.9772582}]}, "version": 106}
{"obj": {"type": "LogStrings", "path": ["monitoring", "f6467f4f", "stdout"], "values": [{"value": "All 18 operations synced, thanks for waiting!\n", "step": null, "ts": 1696870519.1612113}]}, "version": 107}
{"obj": {"type": "LogStrings", "path": ["monitoring", "f6467f4f", "stdout"], "values": [{"value": "Explore the metadata in the Neptune app:\n", "step": null, "ts": 1696870519.1632118}]}, "version": 108}
{"obj": {"type": "LogStrings", "path": ["monitoring", "f6467f4f", "stdout"], "values": [{"value": "https://app.neptune.ai/wildbine/linear-regression/e/LIN-346/metadata\n", "step": null, "ts": 1696870519.1672115}]}, "version": 109}
{"obj": {"type": "LogStrings", "path": ["monitoring", "f6467f4f", "stdout"], "values": [{"value": "Shutting down background jobs, please wait a moment...\n", "step": null, "ts": 1696870519.1682115}]}, "version": 110}
{"obj": {"type": "LogStrings", "path": ["monitoring", "f6467f4f", "stdout"], "values": [{"value": "Done!\n", "step": null, "ts": 1696870519.325663}]}, "version": 111}
{"obj": {"type": "LogStrings", "path": ["monitoring", "f6467f4f", "stdout"], "values": [{"value": "Waiting for the remaining 30 operations to synchronize with Neptune. Do not kill this process.\n", "step": null, "ts": 1696870519.3316576}]}, "version": 112}
{"obj": {"type": "LogStrings", "path": ["monitoring", "f6467f4f", "stdout"], "values": [{"value": "All 30 operations synced, thanks for waiting!\n", "step": null, "ts": 1696870519.496657}]}, "version": 113}
{"obj": {"type": "LogStrings", "path": ["monitoring", "f6467f4f", "stdout"], "values": [{"value": "Explore the metadata in the Neptune app:\n", "step": null, "ts": 1696870519.4996572}]}, "version": 114}
{"obj": {"type": "LogStrings", "path": ["monitoring", "f6467f4f", "stdout"], "values": [{"value": "https://app.neptune.ai/wildbine/linear-regression/e/LIN-345/metadata\n", "step": null, "ts": 1696870519.500658}]}, "version": 115}
{"obj": {"type": "LogStrings", "path": ["monitoring", "f6467f4f", "stdout"], "values": [{"value": "Shutting down background jobs, please wait a moment...\n", "step": null, "ts": 1696870519.500658}]}, "version": 116}
{"obj": {"type": "LogStrings", "path": ["monitoring", "f6467f4f", "stdout"], "values": [{"value": "Done!\n", "step": null, "ts": 1696870519.6896567}]}, "version": 117}
{"obj": {"type": "LogStrings", "path": ["monitoring", "f6467f4f", "stdout"], "values": [{"value": "Waiting for the remaining 46 operations to synchronize with Neptune. Do not kill this process.\n", "step": null, "ts": 1696870519.6916566}]}, "version": 118}
{"obj": {"type": "LogStrings", "path": ["monitoring", "f6467f4f", "stdout"], "values": [{"value": "All 46 operations synced, thanks for waiting!\n", "step": null, "ts": 1696870519.8774014}]}, "version": 119}
{"obj": {"type": "LogStrings", "path": ["monitoring", "f6467f4f", "stdout"], "values": [{"value": "Explore the metadata in the Neptune app:\n", "step": null, "ts": 1696870519.8784015}]}, "version": 120}
{"obj": {"type": "LogStrings", "path": ["monitoring", "f6467f4f", "stdout"], "values": [{"value": "https://app.neptune.ai/wildbine/linear-regression/e/LIN-344/metadata\n", "step": null, "ts": 1696870519.8794017}]}, "version": 121}
{"obj": {"type": "LogStrings", "path": ["monitoring", "f6467f4f", "stdout"], "values": [{"value": "Shutting down background jobs, please wait a moment...\n", "step": null, "ts": 1696870519.8804016}]}, "version": 122}
{"obj": {"type": "LogStrings", "path": ["monitoring", "f6467f4f", "stdout"], "values": [{"value": "Done!\n", "step": null, "ts": 1696870520.062407}]}, "version": 123}
{"obj": {"type": "LogStrings", "path": ["monitoring", "f6467f4f", "stdout"], "values": [{"value": "Waiting for the remaining 58 operations to synchronize with Neptune. Do not kill this process.\n", "step": null, "ts": 1696870520.0664072}]}, "version": 124}
{"obj": {"type": "LogStrings", "path": ["monitoring", "f6467f4f", "stdout"], "values": [{"value": "All 58 operations synced, thanks for waiting!\n", "step": null, "ts": 1696870520.25842}]}, "version": 125}
{"obj": {"type": "LogStrings", "path": ["monitoring", "f6467f4f", "stdout"], "values": [{"value": "Explore the metadata in the Neptune app:\n", "step": null, "ts": 1696870520.2594204}]}, "version": 126}
{"obj": {"type": "LogStrings", "path": ["monitoring", "f6467f4f", "stdout"], "values": [{"value": "https://app.neptune.ai/wildbine/linear-regression/e/LIN-343/metadata\n", "step": null, "ts": 1696870520.2604203}]}, "version": 127}
{"obj": {"type": "LogStrings", "path": ["monitoring", "f6467f4f", "stdout"], "values": [{"value": "Shutting down background jobs, please wait a moment...\n", "step": null, "ts": 1696870520.26142}]}, "version": 128}
{"obj": {"type": "LogStrings", "path": ["monitoring", "f6467f4f", "stdout"], "values": [{"value": "Done!\n", "step": null, "ts": 1696870520.3794198}]}, "version": 129}
{"obj": {"type": "LogStrings", "path": ["monitoring", "f6467f4f", "stdout"], "values": [{"value": "Waiting for the remaining 66 operations to synchronize with Neptune. Do not kill this process.\n", "step": null, "ts": 1696870520.3814194}]}, "version": 130}
{"obj": {"type": "LogStrings", "path": ["monitoring", "f6467f4f", "stdout"], "values": [{"value": "All 66 operations synced, thanks for waiting!\n", "step": null, "ts": 1696870520.6600478}]}, "version": 131}
{"obj": {"type": "LogStrings", "path": ["monitoring", "f6467f4f", "stdout"], "values": [{"value": "Explore the metadata in the Neptune app:\n", "step": null, "ts": 1696870520.6620474}]}, "version": 132}
{"obj": {"type": "LogStrings", "path": ["monitoring", "f6467f4f", "stdout"], "values": [{"value": "https://app.neptune.ai/wildbine/linear-regression/e/LIN-342/metadata\n", "step": null, "ts": 1696870520.6630473}]}, "version": 133}
{"obj": {"type": "LogStrings", "path": ["monitoring", "f6467f4f", "stdout"], "values": [{"value": "Shutting down background jobs, please wait a moment...\n", "step": null, "ts": 1696870520.6640477}]}, "version": 134}
{"obj": {"type": "LogStrings", "path": ["monitoring", "f6467f4f", "stdout"], "values": [{"value": "Done!\n", "step": null, "ts": 1696870520.832053}]}, "version": 135}
{"obj": {"type": "LogStrings", "path": ["monitoring", "f6467f4f", "stdout"], "values": [{"value": "Waiting for the remaining 16 operations to synchronize with Neptune. Do not kill this process.\n", "step": null, "ts": 1696870520.834052}]}, "version": 136}
{"obj": {"type": "LogStrings", "path": ["monitoring", "f6467f4f", "stdout"], "values": [{"value": "All 16 operations synced, thanks for waiting!\n", "step": null, "ts": 1696870521.0020525}]}, "version": 137}
{"obj": {"type": "LogStrings", "path": ["monitoring", "f6467f4f", "stdout"], "values": [{"value": "Explore the metadata in the Neptune app:\n", "step": null, "ts": 1696870521.0030527}]}, "version": 138}
{"obj": {"type": "LogStrings", "path": ["monitoring", "f6467f4f", "stdout"], "values": [{"value": "https://app.neptune.ai/wildbine/linear-regression/e/LIN-341/metadata\n", "step": null, "ts": 1696870521.006052}]}, "version": 139}
{"obj": {"type": "LogStrings", "path": ["monitoring", "f6467f4f", "stdout"], "values": [{"value": "Shutting down background jobs, please wait a moment...\n", "step": null, "ts": 1696870521.0070536}]}, "version": 140}
{"obj": {"type": "LogStrings", "path": ["monitoring", "f6467f4f", "stdout"], "values": [{"value": "Done!\n", "step": null, "ts": 1696870521.1260521}]}, "version": 141}
{"obj": {"type": "LogStrings", "path": ["monitoring", "f6467f4f", "stdout"], "values": [{"value": "Waiting for the remaining 34 operations to synchronize with Neptune. Do not kill this process.\n", "step": null, "ts": 1696870521.129052}]}, "version": 142}
{"obj": {"type": "LogStrings", "path": ["monitoring", "f6467f4f", "stdout"], "values": [{"value": "All 34 operations synced, thanks for waiting!\n", "step": null, "ts": 1696870521.367052}]}, "version": 143}
{"obj": {"type": "LogStrings", "path": ["monitoring", "f6467f4f", "stdout"], "values": [{"value": "Explore the metadata in the Neptune app:\n", "step": null, "ts": 1696870521.369052}]}, "version": 144}
{"obj": {"type": "LogStrings", "path": ["monitoring", "f6467f4f", "stdout"], "values": [{"value": "https://app.neptune.ai/wildbine/linear-regression/e/LIN-340/metadata\n", "step": null, "ts": 1696870521.371051}]}, "version": 145}
{"obj": {"type": "LogStrings", "path": ["monitoring", "f6467f4f", "stdout"], "values": [{"value": "Shutting down background jobs, please wait a moment...\n", "step": null, "ts": 1696870521.373052}]}, "version": 146}
{"obj": {"type": "LogStrings", "path": ["monitoring", "f6467f4f", "stdout"], "values": [{"value": "Done!\n", "step": null, "ts": 1696870521.6180522}]}, "version": 147}
{"obj": {"type": "LogStrings", "path": ["monitoring", "f6467f4f", "stdout"], "values": [{"value": "Waiting for the remaining 52 operations to synchronize with Neptune. Do not kill this process.\n", "step": null, "ts": 1696870521.6200514}]}, "version": 148}
{"obj": {"type": "LogStrings", "path": ["monitoring", "f6467f4f", "stdout"], "values": [{"value": "All 52 operations synced, thanks for waiting!\n", "step": null, "ts": 1696870521.7980504}]}, "version": 149}
{"obj": {"type": "LogStrings", "path": ["monitoring", "f6467f4f", "stdout"], "values": [{"value": "Explore the metadata in the Neptune app:\n", "step": null, "ts": 1696870521.8000503}]}, "version": 150}
{"obj": {"type": "LogStrings", "path": ["monitoring", "f6467f4f", "stdout"], "values": [{"value": "https://app.neptune.ai/wildbine/linear-regression/e/LIN-339/metadata\n", "step": null, "ts": 1696870521.8020506}]}, "version": 151}
{"obj": {"type": "LogStrings", "path": ["monitoring", "f6467f4f", "stdout"], "values": [{"value": "Shutting down background jobs, please wait a moment...\n", "step": null, "ts": 1696870521.80305}]}, "version": 152}
{"obj": {"type": "LogStrings", "path": ["monitoring", "f6467f4f", "stdout"], "values": [{"value": "Done!\n", "step": null, "ts": 1696870522.0080614}]}, "version": 153}
{"obj": {"type": "LogStrings", "path": ["monitoring", "f6467f4f", "stdout"], "values": [{"value": "Waiting for the remaining 64 operations to synchronize with Neptune. Do not kill this process.\n", "step": null, "ts": 1696870522.0080614}]}, "version": 154}
{"obj": {"type": "LogFloats", "path": ["monitoring", "f6467f4f", "cpu"], "values": [{"value": 17.9, "step": null, "ts": 1696870522.068061}]}, "version": 155}
{"obj": {"type": "LogFloats", "path": ["monitoring", "f6467f4f", "memory"], "values": [{"value": 17.042171478271484, "step": null, "ts": 1696870522.068061}]}, "version": 156}
{"obj": {"type": "LogFloats", "path": ["monitoring", "f6467f4f", "gpu"], "values": [{"value": 10.0, "step": null, "ts": 1696870522.068061}]}, "version": 157}
{"obj": {"type": "LogFloats", "path": ["monitoring", "f6467f4f", "gpu_memory"], "values": [{"value": 1.80438232421875, "step": null, "ts": 1696870522.068061}]}, "version": 158}
{"obj": {"type": "LogStrings", "path": ["monitoring", "f6467f4f", "stdout"], "values": [{"value": "All 64 operations synced, thanks for waiting!\n", "step": null, "ts": 1696870522.2850616}]}, "version": 159}
{"obj": {"type": "LogStrings", "path": ["monitoring", "f6467f4f", "stdout"], "values": [{"value": "Explore the metadata in the Neptune app:\n", "step": null, "ts": 1696870522.287062}]}, "version": 160}
{"obj": {"type": "LogStrings", "path": ["monitoring", "f6467f4f", "stdout"], "values": [{"value": "https://app.neptune.ai/wildbine/linear-regression/e/LIN-338/metadata\n", "step": null, "ts": 1696870522.2880619}]}, "version": 161}
{"obj": {"type": "LogStrings", "path": ["monitoring", "f6467f4f", "stdout"], "values": [{"value": "Shutting down background jobs, please wait a moment...\n", "step": null, "ts": 1696870522.2890613}]}, "version": 162}
{"obj": {"type": "LogStrings", "path": ["monitoring", "f6467f4f", "stdout"], "values": [{"value": "Done!\n", "step": null, "ts": 1696870522.4050617}]}, "version": 163}
{"obj": {"type": "LogStrings", "path": ["monitoring", "f6467f4f", "stdout"], "values": [{"value": "Waiting for the remaining 76 operations to synchronize with Neptune. Do not kill this process.\n", "step": null, "ts": 1696870522.406062}]}, "version": 164}
{"obj": {"type": "LogStrings", "path": ["monitoring", "f6467f4f", "stdout"], "values": [{"value": "All 76 operations synced, thanks for waiting!\n", "step": null, "ts": 1696870522.6230605}]}, "version": 165}
{"obj": {"type": "LogStrings", "path": ["monitoring", "f6467f4f", "stdout"], "values": [{"value": "Explore the metadata in the Neptune app:\n", "step": null, "ts": 1696870522.6250598}]}, "version": 166}
{"obj": {"type": "LogStrings", "path": ["monitoring", "f6467f4f", "stdout"], "values": [{"value": "https://app.neptune.ai/wildbine/linear-regression/e/LIN-337/metadata\n", "step": null, "ts": 1696870522.6260598}]}, "version": 167}
{"obj": {"type": "LogStrings", "path": ["monitoring", "f6467f4f", "stdout"], "values": [{"value": "Shutting down background jobs, please wait a moment...\n", "step": null, "ts": 1696870522.6260598}]}, "version": 168}
{"obj": {"type": "LogStrings", "path": ["monitoring", "f6467f4f", "stdout"], "values": [{"value": "Done!\n", "step": null, "ts": 1696870522.7490716}]}, "version": 169}
{"obj": {"type": "LogStrings", "path": ["monitoring", "f6467f4f", "stdout"], "values": [{"value": "Waiting for the remaining 18 operations to synchronize with Neptune. Do not kill this process.\n", "step": null, "ts": 1696870522.7500708}]}, "version": 170}
{"obj": {"type": "LogStrings", "path": ["monitoring", "f6467f4f", "stdout"], "values": [{"value": "All 18 operations synced, thanks for waiting!\n", "step": null, "ts": 1696870522.9190743}]}, "version": 171}
{"obj": {"type": "LogStrings", "path": ["monitoring", "f6467f4f", "stdout"], "values": [{"value": "Explore the metadata in the Neptune app:\n", "step": null, "ts": 1696870522.921074}]}, "version": 172}
{"obj": {"type": "LogStrings", "path": ["monitoring", "f6467f4f", "stdout"], "values": [{"value": "https://app.neptune.ai/wildbine/linear-regression/e/LIN-336/metadata\n", "step": null, "ts": 1696870522.921074}]}, "version": 173}
{"obj": {"type": "LogStrings", "path": ["monitoring", "f6467f4f", "stdout"], "values": [{"value": "Shutting down background jobs, please wait a moment...\n", "step": null, "ts": 1696870522.9220736}]}, "version": 174}
{"obj": {"type": "LogStrings", "path": ["monitoring", "f6467f4f", "stdout"], "values": [{"value": "Done!\n", "step": null, "ts": 1696870523.142074}]}, "version": 175}
{"obj": {"type": "LogStrings", "path": ["monitoring", "f6467f4f", "stdout"], "values": [{"value": "Waiting for the remaining 28 operations to synchronize with Neptune. Do not kill this process.\n", "step": null, "ts": 1696870523.144074}]}, "version": 176}
