{"obj": {"type": "AssignString", "path": ["sys", "name"], "value": "Reg0.0021552311555494853_LR0.004389612284255079_FuncHashe6ec51"}, "version": 1}
{"obj": {"type": "AssignString", "path": ["sys", "description"], "value": ""}, "version": 2}
{"obj": {"type": "AssignString", "path": ["monitoring", "43e0afa8", "hostname"], "value": "DESKTOP-F0FFPV5"}, "version": 3}
{"obj": {"type": "AssignString", "path": ["sys", "hostname"], "value": "DESKTOP-F0FFPV5"}, "version": 4}
{"obj": {"type": "AssignString", "path": ["monitoring", "43e0afa8", "pid"], "value": "23716"}, "version": 5}
{"obj": {"type": "AssignString", "path": ["monitoring", "43e0afa8", "tid"], "value": "23640"}, "version": 6}
{"obj": {"type": "AssignBool", "path": ["sys", "failed"], "value": false}, "version": 7}
{"obj": {"type": "ClearStringLog", "path": ["monitoring", "43e0afa8", "stdout"]}, "version": 8}
{"obj": {"type": "ClearStringLog", "path": ["monitoring", "43e0afa8", "stderr"]}, "version": 9}
{"obj": {"type": "AssignString", "path": ["source_code", "entrypoint"], "value": "execute.py"}, "version": 10}
{"obj": {"type": "UploadFileSet", "path": ["source_code", "files"], "file_globs": ["D:\\PyCharmProjects\\pyProjects\\mllib_f2023-master\\execute.py"], "reset": "False"}, "version": 11}
{"obj": {"type": "UploadFile", "path": ["source_code", "diff"], "ext": "patch", "file_path": null, "tmp_file_name": "source_code_diff-1696884223.035772-2023-10-09_23.43.43.035772.patch", "clean_after_upload": false}, "version": 12}
{"obj": {"type": "ConfigFloatSeries", "path": ["monitoring", "43e0afa8", "cpu"], "min": 0.0, "max": 100.0, "unit": "%"}, "version": 13}
{"obj": {"type": "ClearFloatLog", "path": ["monitoring", "43e0afa8", "cpu"]}, "version": 14}
{"obj": {"type": "ConfigFloatSeries", "path": ["monitoring", "43e0afa8", "memory"], "min": 0.0, "max": 31.85687255859375, "unit": "GB"}, "version": 15}
{"obj": {"type": "ClearFloatLog", "path": ["monitoring", "43e0afa8", "memory"]}, "version": 16}
{"obj": {"type": "ConfigFloatSeries", "path": ["monitoring", "43e0afa8", "gpu"], "min": 0.0, "max": 100.0, "unit": "%"}, "version": 17}
{"obj": {"type": "ClearFloatLog", "path": ["monitoring", "43e0afa8", "gpu"]}, "version": 18}
{"obj": {"type": "ConfigFloatSeries", "path": ["monitoring", "43e0afa8", "gpu_memory"], "min": 0.0, "max": 8.0, "unit": "GB"}, "version": 19}
{"obj": {"type": "ClearFloatLog", "path": ["monitoring", "43e0afa8", "gpu_memory"]}, "version": 20}
{"obj": {"type": "AssignString", "path": ["hyperparameters", "base_function"], "value": "polynomial_func = lambda x: 5 + x + x**2\ncos_func = lambda x: np.cos(x)\nexp_func = lambda x: np.exp(x)"}, "version": 21}
{"obj": {"type": "AssignFloat", "path": ["hyperparameters", "regularisation_coefficient"], "value": 0.0021552311555494853}, "version": 22}
{"obj": {"type": "AssignFloat", "path": ["hyperparameters", "learning_rate"], "value": 0.004389612284255079}, "version": 23}
{"obj": {"type": "LogFloats", "path": ["monitoring", "43e0afa8", "cpu"], "values": [{"value": 16.4, "step": null, "ts": 1696884223.0457728}]}, "version": 24}
{"obj": {"type": "LogFloats", "path": ["normal_equation", "mse"], "values": [{"value": 0.4854686658664299, "step": null, "ts": 1696884223.0527725}]}, "version": 25}
{"obj": {"type": "LogFloats", "path": ["monitoring", "43e0afa8", "memory"], "values": [{"value": 16.897075653076172, "step": null, "ts": 1696884223.0457728}]}, "version": 26}
{"obj": {"type": "LogFloats", "path": ["normal_equation", "cost_function"], "values": [{"value": 0.5786136148901668, "step": null, "ts": 1696884223.053772}]}, "version": 27}
{"obj": {"type": "LogFloats", "path": ["monitoring", "43e0afa8", "gpu"], "values": [{"value": 40.0, "step": null, "ts": 1696884223.0457728}]}, "version": 28}
{"obj": {"type": "AssignFloat", "path": ["final_metrics", "validation_mse"], "value": 0.4854686658664299}, "version": 29}
{"obj": {"type": "LogFloats", "path": ["monitoring", "43e0afa8", "gpu_memory"], "values": [{"value": 1.8784408569335938, "step": null, "ts": 1696884223.0457728}]}, "version": 30}
{"obj": {"type": "LogFloats", "path": ["valid", "mse"], "values": [{"value": 0.5644416886675641, "step": null, "ts": 1696884223.0567727}]}, "version": 31}
{"obj": {"type": "LogFloats", "path": ["valid", "cost_function"], "values": [{"value": 0.6575866376913011, "step": null, "ts": 1696884223.0587723}]}, "version": 32}
{"obj": {"type": "LogStrings", "path": ["monitoring", "43e0afa8", "stdout"], "values": [{"value": "https://app.neptune.ai/wildbine/linear-regression/e/LIN-21\n", "step": null, "ts": 1696884223.539784}]}, "version": 33}
{"obj": {"type": "LogStrings", "path": ["monitoring", "43e0afa8", "stdout"], "values": [{"value": "https://app.neptune.ai/wildbine/linear-regression/e/LIN-22\n", "step": null, "ts": 1696884224.0677931}]}, "version": 34}
{"obj": {"type": "LogStrings", "path": ["monitoring", "43e0afa8", "stdout"], "values": [{"value": "https://app.neptune.ai/wildbine/linear-regression/e/LIN-23\n", "step": null, "ts": 1696884224.5656905}]}, "version": 35}
{"obj": {"type": "LogFloats", "path": ["monitoring", "43e0afa8", "cpu"], "values": [{"value": 21.5, "step": null, "ts": 1696884233.0616686}]}, "version": 36}
{"obj": {"type": "LogFloats", "path": ["monitoring", "43e0afa8", "memory"], "values": [{"value": 16.865509033203125, "step": null, "ts": 1696884233.0616686}]}, "version": 37}
{"obj": {"type": "LogFloats", "path": ["monitoring", "43e0afa8", "gpu"], "values": [{"value": 40.0, "step": null, "ts": 1696884233.0616686}]}, "version": 38}
{"obj": {"type": "LogFloats", "path": ["monitoring", "43e0afa8", "gpu_memory"], "values": [{"value": 1.889984130859375, "step": null, "ts": 1696884233.0616686}]}, "version": 39}
{"obj": {"type": "LogFloats", "path": ["monitoring", "43e0afa8", "cpu"], "values": [{"value": 20.1, "step": null, "ts": 1696884243.085818}]}, "version": 40}
{"obj": {"type": "LogFloats", "path": ["monitoring", "43e0afa8", "memory"], "values": [{"value": 17.59680938720703, "step": null, "ts": 1696884243.085818}]}, "version": 41}
{"obj": {"type": "LogFloats", "path": ["monitoring", "43e0afa8", "gpu"], "values": [{"value": 38.0, "step": null, "ts": 1696884243.085818}]}, "version": 42}
{"obj": {"type": "LogFloats", "path": ["monitoring", "43e0afa8", "gpu_memory"], "values": [{"value": 1.9149169921875, "step": null, "ts": 1696884243.085818}]}, "version": 43}
{"obj": {"type": "LogStrings", "path": ["monitoring", "43e0afa8", "stdout"], "values": [{"value": "https://app.neptune.ai/wildbine/linear-regression/e/LIN-24\n", "step": null, "ts": 1696884252.609048}]}, "version": 44}
{"obj": {"type": "LogFloats", "path": ["monitoring", "43e0afa8", "cpu"], "values": [{"value": 56.0, "step": null, "ts": 1696884253.0950472}]}, "version": 45}
{"obj": {"type": "LogFloats", "path": ["monitoring", "43e0afa8", "memory"], "values": [{"value": 17.8685302734375, "step": null, "ts": 1696884253.0950472}]}, "version": 46}
{"obj": {"type": "LogFloats", "path": ["monitoring", "43e0afa8", "gpu"], "values": [{"value": 41.0, "step": null, "ts": 1696884253.0950472}]}, "version": 47}
{"obj": {"type": "LogFloats", "path": ["monitoring", "43e0afa8", "gpu_memory"], "values": [{"value": 1.9539413452148438, "step": null, "ts": 1696884253.0950472}]}, "version": 48}
{"obj": {"type": "LogFloats", "path": ["monitoring", "43e0afa8", "cpu"], "values": [{"value": 25.7, "step": null, "ts": 1696884263.122242}]}, "version": 49}
{"obj": {"type": "LogFloats", "path": ["monitoring", "43e0afa8", "memory"], "values": [{"value": 17.967594146728516, "step": null, "ts": 1696884263.122242}]}, "version": 50}
{"obj": {"type": "LogFloats", "path": ["monitoring", "43e0afa8", "gpu"], "values": [{"value": 24.0, "step": null, "ts": 1696884263.122242}]}, "version": 51}
{"obj": {"type": "LogFloats", "path": ["monitoring", "43e0afa8", "gpu_memory"], "values": [{"value": 1.9501762390136719, "step": null, "ts": 1696884263.122242}]}, "version": 52}
{"obj": {"type": "LogFloats", "path": ["monitoring", "43e0afa8", "cpu"], "values": [{"value": 13.9, "step": null, "ts": 1696884273.1453445}]}, "version": 53}
{"obj": {"type": "LogFloats", "path": ["monitoring", "43e0afa8", "memory"], "values": [{"value": 17.942611694335938, "step": null, "ts": 1696884273.1453445}]}, "version": 54}
{"obj": {"type": "LogFloats", "path": ["monitoring", "43e0afa8", "gpu"], "values": [{"value": 34.0, "step": null, "ts": 1696884273.1453445}]}, "version": 55}
{"obj": {"type": "LogFloats", "path": ["monitoring", "43e0afa8", "gpu_memory"], "values": [{"value": 1.9167709350585938, "step": null, "ts": 1696884273.1453445}]}, "version": 56}
{"obj": {"type": "LogFloats", "path": ["monitoring", "43e0afa8", "cpu"], "values": [{"value": 33.3, "step": null, "ts": 1696884283.1615603}]}, "version": 57}
{"obj": {"type": "LogFloats", "path": ["monitoring", "43e0afa8", "memory"], "values": [{"value": 17.92298126220703, "step": null, "ts": 1696884283.1615603}]}, "version": 58}
{"obj": {"type": "LogFloats", "path": ["monitoring", "43e0afa8", "gpu"], "values": [{"value": 10.0, "step": null, "ts": 1696884283.1615603}]}, "version": 59}
{"obj": {"type": "LogFloats", "path": ["monitoring", "43e0afa8", "gpu_memory"], "values": [{"value": 1.93878173828125, "step": null, "ts": 1696884283.1615603}]}, "version": 60}
{"obj": {"type": "LogFloats", "path": ["monitoring", "43e0afa8", "cpu"], "values": [{"value": 10.4, "step": null, "ts": 1696884293.177968}]}, "version": 61}
{"obj": {"type": "LogFloats", "path": ["monitoring", "43e0afa8", "memory"], "values": [{"value": 17.91156005859375, "step": null, "ts": 1696884293.177968}]}, "version": 62}
{"obj": {"type": "LogFloats", "path": ["monitoring", "43e0afa8", "gpu"], "values": [{"value": 27.0, "step": null, "ts": 1696884293.177968}]}, "version": 63}
{"obj": {"type": "LogFloats", "path": ["monitoring", "43e0afa8", "gpu_memory"], "values": [{"value": 1.93621826171875, "step": null, "ts": 1696884293.177968}]}, "version": 64}
{"obj": {"type": "LogStrings", "path": ["monitoring", "43e0afa8", "stdout"], "values": [{"value": "https://app.neptune.ai/wildbine/linear-regression/e/LIN-25\n", "step": null, "ts": 1696884300.124559}]}, "version": 65}
{"obj": {"type": "LogFloats", "path": ["monitoring", "43e0afa8", "cpu"], "values": [{"value": 32.5, "step": null, "ts": 1696884303.183272}]}, "version": 66}
{"obj": {"type": "LogFloats", "path": ["monitoring", "43e0afa8", "memory"], "values": [{"value": 17.26046371459961, "step": null, "ts": 1696884303.183272}]}, "version": 67}
{"obj": {"type": "LogFloats", "path": ["monitoring", "43e0afa8", "gpu"], "values": [{"value": 29.0, "step": null, "ts": 1696884303.183272}]}, "version": 68}
{"obj": {"type": "LogFloats", "path": ["monitoring", "43e0afa8", "gpu_memory"], "values": [{"value": 1.93621826171875, "step": null, "ts": 1696884303.183272}]}, "version": 69}
