{"obj": {"type": "AssignString", "path": ["sys", "name"], "value": "Reg0.001515233257929949_LR0.005300879328228155_FuncHashc79830"}, "version": 1}
{"obj": {"type": "AssignString", "path": ["sys", "description"], "value": ""}, "version": 2}
{"obj": {"type": "AssignString", "path": ["monitoring", "43e0afa8", "hostname"], "value": "DESKTOP-F0FFPV5"}, "version": 3}
{"obj": {"type": "AssignString", "path": ["sys", "hostname"], "value": "DESKTOP-F0FFPV5"}, "version": 4}
{"obj": {"type": "AssignString", "path": ["monitoring", "43e0afa8", "pid"], "value": "23716"}, "version": 5}
{"obj": {"type": "AssignString", "path": ["monitoring", "43e0afa8", "tid"], "value": "23640"}, "version": 6}
{"obj": {"type": "AssignBool", "path": ["sys", "failed"], "value": false}, "version": 7}
{"obj": {"type": "ClearStringLog", "path": ["monitoring", "43e0afa8", "stdout"]}, "version": 8}
{"obj": {"type": "ClearStringLog", "path": ["monitoring", "43e0afa8", "stderr"]}, "version": 9}
{"obj": {"type": "AssignString", "path": ["source_code", "entrypoint"], "value": "execute.py"}, "version": 10}
{"obj": {"type": "UploadFileSet", "path": ["source_code", "files"], "file_globs": ["D:\\PyCharmProjects\\pyProjects\\mllib_f2023-master\\execute.py"], "reset": "False"}, "version": 11}
{"obj": {"type": "UploadFile", "path": ["source_code", "diff"], "ext": "patch", "file_path": null, "tmp_file_name": "source_code_diff-1696884195.270307-2023-10-09_23.43.15.270307.patch", "clean_after_upload": false}, "version": 12}
{"obj": {"type": "ConfigFloatSeries", "path": ["monitoring", "43e0afa8", "cpu"], "min": 0.0, "max": 100.0, "unit": "%"}, "version": 13}
{"obj": {"type": "ClearFloatLog", "path": ["monitoring", "43e0afa8", "cpu"]}, "version": 14}
{"obj": {"type": "ConfigFloatSeries", "path": ["monitoring", "43e0afa8", "memory"], "min": 0.0, "max": 31.85687255859375, "unit": "GB"}, "version": 15}
{"obj": {"type": "ClearFloatLog", "path": ["monitoring", "43e0afa8", "memory"]}, "version": 16}
{"obj": {"type": "ConfigFloatSeries", "path": ["monitoring", "43e0afa8", "gpu"], "min": 0.0, "max": 100.0, "unit": "%"}, "version": 17}
{"obj": {"type": "ClearFloatLog", "path": ["monitoring", "43e0afa8", "gpu"]}, "version": 18}
{"obj": {"type": "ConfigFloatSeries", "path": ["monitoring", "43e0afa8", "gpu_memory"], "min": 0.0, "max": 8.0, "unit": "GB"}, "version": 19}
{"obj": {"type": "ClearFloatLog", "path": ["monitoring", "43e0afa8", "gpu_memory"]}, "version": 20}
{"obj": {"type": "AssignString", "path": ["hyperparameters", "base_function"], "value": "exp_func = lambda x: np.exp(x)\nlog_func = lambda x: np.log(x)\nsin_func = lambda x: np.sin(x)"}, "version": 21}
{"obj": {"type": "LogFloats", "path": ["monitoring", "43e0afa8", "cpu"], "values": [{"value": 16.6, "step": null, "ts": 1696884195.2813065}]}, "version": 22}
{"obj": {"type": "AssignFloat", "path": ["hyperparameters", "regularisation_coefficient"], "value": 0.001515233257929949}, "version": 23}
{"obj": {"type": "LogFloats", "path": ["monitoring", "43e0afa8", "memory"], "values": [{"value": 16.795516967773438, "step": null, "ts": 1696884195.2813065}]}, "version": 24}
{"obj": {"type": "AssignFloat", "path": ["hyperparameters", "learning_rate"], "value": 0.005300879328228155}, "version": 25}
{"obj": {"type": "LogFloats", "path": ["monitoring", "43e0afa8", "gpu"], "values": [{"value": 78.0, "step": null, "ts": 1696884195.2813065}]}, "version": 26}
{"obj": {"type": "LogFloats", "path": ["monitoring", "43e0afa8", "gpu_memory"], "values": [{"value": 1.9021682739257812, "step": null, "ts": 1696884195.2813065}]}, "version": 27}
{"obj": {"type": "LogFloats", "path": ["normal_equation", "mse"], "values": [{"value": 0.01314655745559231, "step": null, "ts": 1696884195.2903063}]}, "version": 28}
{"obj": {"type": "LogFloats", "path": ["normal_equation", "cost_function"], "values": [{"value": 0.018798636134016923, "step": null, "ts": 1696884195.2903063}]}, "version": 29}
{"obj": {"type": "AssignFloat", "path": ["final_metrics", "validation_mse"], "value": 0.01314655745559231}, "version": 30}
{"obj": {"type": "LogFloats", "path": ["valid", "mse"], "values": [{"value": 0.014588464995498592, "step": null, "ts": 1696884195.2933064}]}, "version": 31}
{"obj": {"type": "LogFloats", "path": ["valid", "cost_function"], "values": [{"value": 0.020240543673923205, "step": null, "ts": 1696884195.2943065}]}, "version": 32}
{"obj": {"type": "LogStrings", "path": ["monitoring", "43e0afa8", "stdout"], "values": [{"value": "https://app.neptune.ai/wildbine/linear-regression/e/LIN-15\n", "step": null, "ts": 1696884195.7839239}]}, "version": 33}
{"obj": {"type": "LogFloats", "path": ["monitoring", "43e0afa8", "cpu"], "values": [{"value": 31.4, "step": null, "ts": 1696884205.29151}]}, "version": 34}
{"obj": {"type": "LogFloats", "path": ["monitoring", "43e0afa8", "memory"], "values": [{"value": 16.766876220703125, "step": null, "ts": 1696884205.29151}]}, "version": 35}
{"obj": {"type": "LogFloats", "path": ["monitoring", "43e0afa8", "gpu"], "values": [{"value": 40.0, "step": null, "ts": 1696884205.29151}]}, "version": 36}
{"obj": {"type": "LogFloats", "path": ["monitoring", "43e0afa8", "gpu_memory"], "values": [{"value": 1.8868026733398438, "step": null, "ts": 1696884205.29151}]}, "version": 37}
{"obj": {"type": "LogStrings", "path": ["monitoring", "43e0afa8", "stdout"], "values": [{"value": "https://app.neptune.ai/wildbine/linear-regression/e/LIN-16\n", "step": null, "ts": 1696884210.6395042}]}, "version": 38}
{"obj": {"type": "LogFloats", "path": ["monitoring", "43e0afa8", "cpu"], "values": [{"value": 19.8, "step": null, "ts": 1696884215.3032758}]}, "version": 39}
{"obj": {"type": "LogFloats", "path": ["monitoring", "43e0afa8", "memory"], "values": [{"value": 16.813343048095703, "step": null, "ts": 1696884215.3032758}]}, "version": 40}
{"obj": {"type": "LogFloats", "path": ["monitoring", "43e0afa8", "gpu"], "values": [{"value": 33.0, "step": null, "ts": 1696884215.3032758}]}, "version": 41}
{"obj": {"type": "LogFloats", "path": ["monitoring", "43e0afa8", "gpu_memory"], "values": [{"value": 1.892974853515625, "step": null, "ts": 1696884215.3032758}]}, "version": 42}
{"obj": {"type": "LogStrings", "path": ["monitoring", "43e0afa8", "stdout"], "values": [{"value": "https://app.neptune.ai/wildbine/linear-regression/e/LIN-17\n", "step": null, "ts": 1696884216.530855}]}, "version": 43}
{"obj": {"type": "LogStrings", "path": ["monitoring", "43e0afa8", "stdout"], "values": [{"value": "https://app.neptune.ai/wildbine/linear-regression/e/LIN-18\n", "step": null, "ts": 1696884217.0428603}]}, "version": 44}
{"obj": {"type": "LogStrings", "path": ["monitoring", "43e0afa8", "stdout"], "values": [{"value": "https://app.neptune.ai/wildbine/linear-regression/e/LIN-19\n", "step": null, "ts": 1696884217.5667942}]}, "version": 45}
{"obj": {"type": "LogStrings", "path": ["monitoring", "43e0afa8", "stdout"], "values": [{"value": "https://app.neptune.ai/wildbine/linear-regression/e/LIN-20\n", "step": null, "ts": 1696884223.0377722}]}, "version": 46}
{"obj": {"type": "LogStrings", "path": ["monitoring", "43e0afa8", "stdout"], "values": [{"value": "https://app.neptune.ai/wildbine/linear-regression/e/LIN-21\n", "step": null, "ts": 1696884223.539784}]}, "version": 47}
{"obj": {"type": "LogStrings", "path": ["monitoring", "43e0afa8", "stdout"], "values": [{"value": "https://app.neptune.ai/wildbine/linear-regression/e/LIN-22\n", "step": null, "ts": 1696884224.0677931}]}, "version": 48}
{"obj": {"type": "LogStrings", "path": ["monitoring", "43e0afa8", "stdout"], "values": [{"value": "https://app.neptune.ai/wildbine/linear-regression/e/LIN-23\n", "step": null, "ts": 1696884224.5656905}]}, "version": 49}
{"obj": {"type": "LogFloats", "path": ["monitoring", "43e0afa8", "cpu"], "values": [{"value": 15.7, "step": null, "ts": 1696884225.3236892}]}, "version": 50}
{"obj": {"type": "LogFloats", "path": ["monitoring", "43e0afa8", "memory"], "values": [{"value": 16.835933685302734, "step": null, "ts": 1696884225.3236892}]}, "version": 51}
{"obj": {"type": "LogFloats", "path": ["monitoring", "43e0afa8", "gpu"], "values": [{"value": 39.0, "step": null, "ts": 1696884225.3236892}]}, "version": 52}
{"obj": {"type": "LogFloats", "path": ["monitoring", "43e0afa8", "gpu_memory"], "values": [{"value": 1.8786849975585938, "step": null, "ts": 1696884225.3236892}]}, "version": 53}
{"obj": {"type": "LogFloats", "path": ["monitoring", "43e0afa8", "cpu"], "values": [{"value": 24.8, "step": null, "ts": 1696884235.3356924}]}, "version": 54}
{"obj": {"type": "LogFloats", "path": ["monitoring", "43e0afa8", "memory"], "values": [{"value": 16.868934631347656, "step": null, "ts": 1696884235.3356924}]}, "version": 55}
{"obj": {"type": "LogFloats", "path": ["monitoring", "43e0afa8", "gpu"], "values": [{"value": 48.0, "step": null, "ts": 1696884235.3356924}]}, "version": 56}
{"obj": {"type": "LogFloats", "path": ["monitoring", "43e0afa8", "gpu_memory"], "values": [{"value": 1.902557373046875, "step": null, "ts": 1696884235.3356924}]}, "version": 57}
{"obj": {"type": "LogFloats", "path": ["monitoring", "43e0afa8", "cpu"], "values": [{"value": 22.7, "step": null, "ts": 1696884245.3515422}]}, "version": 58}
{"obj": {"type": "LogFloats", "path": ["monitoring", "43e0afa8", "memory"], "values": [{"value": 17.633407592773438, "step": null, "ts": 1696884245.3515422}]}, "version": 59}
{"obj": {"type": "LogFloats", "path": ["monitoring", "43e0afa8", "gpu"], "values": [{"value": 39.0, "step": null, "ts": 1696884245.3515422}]}, "version": 60}
{"obj": {"type": "LogFloats", "path": ["monitoring", "43e0afa8", "gpu_memory"], "values": [{"value": 1.8961181640625, "step": null, "ts": 1696884245.3515422}]}, "version": 61}
{"obj": {"type": "LogStrings", "path": ["monitoring", "43e0afa8", "stdout"], "values": [{"value": "https://app.neptune.ai/wildbine/linear-regression/e/LIN-24\n", "step": null, "ts": 1696884252.6080477}]}, "version": 62}
{"obj": {"type": "LogFloats", "path": ["monitoring", "43e0afa8", "cpu"], "values": [{"value": 26.8, "step": null, "ts": 1696884255.3642614}]}, "version": 63}
{"obj": {"type": "LogFloats", "path": ["monitoring", "43e0afa8", "memory"], "values": [{"value": 17.963375091552734, "step": null, "ts": 1696884255.3642614}]}, "version": 64}
{"obj": {"type": "LogFloats", "path": ["monitoring", "43e0afa8", "gpu"], "values": [{"value": 38.0, "step": null, "ts": 1696884255.3642614}]}, "version": 65}
{"obj": {"type": "LogFloats", "path": ["monitoring", "43e0afa8", "gpu_memory"], "values": [{"value": 1.9666709899902344, "step": null, "ts": 1696884255.3642614}]}, "version": 66}
{"obj": {"type": "LogFloats", "path": ["monitoring", "43e0afa8", "cpu"], "values": [{"value": 28.4, "step": null, "ts": 1696884265.3882382}]}, "version": 67}
{"obj": {"type": "LogFloats", "path": ["monitoring", "43e0afa8", "memory"], "values": [{"value": 17.941654205322266, "step": null, "ts": 1696884265.3882382}]}, "version": 68}
{"obj": {"type": "LogFloats", "path": ["monitoring", "43e0afa8", "gpu"], "values": [{"value": 9.0, "step": null, "ts": 1696884265.3882382}]}, "version": 69}
{"obj": {"type": "LogFloats", "path": ["monitoring", "43e0afa8", "gpu_memory"], "values": [{"value": 1.9622001647949219, "step": null, "ts": 1696884265.3882382}]}, "version": 70}
{"obj": {"type": "LogFloats", "path": ["monitoring", "43e0afa8", "cpu"], "values": [{"value": 22.5, "step": null, "ts": 1696884275.406425}]}, "version": 71}
{"obj": {"type": "LogFloats", "path": ["monitoring", "43e0afa8", "memory"], "values": [{"value": 17.944625854492188, "step": null, "ts": 1696884275.406425}]}, "version": 72}
{"obj": {"type": "LogFloats", "path": ["monitoring", "43e0afa8", "gpu"], "values": [{"value": 36.0, "step": null, "ts": 1696884275.406425}]}, "version": 73}
{"obj": {"type": "LogFloats", "path": ["monitoring", "43e0afa8", "gpu_memory"], "values": [{"value": 1.9016342163085938, "step": null, "ts": 1696884275.406425}]}, "version": 74}
{"obj": {"type": "LogFloats", "path": ["monitoring", "43e0afa8", "cpu"], "values": [{"value": 8.0, "step": null, "ts": 1696884285.4166846}]}, "version": 75}
{"obj": {"type": "LogFloats", "path": ["monitoring", "43e0afa8", "memory"], "values": [{"value": 17.94533920288086, "step": null, "ts": 1696884285.4166846}]}, "version": 76}
{"obj": {"type": "LogFloats", "path": ["monitoring", "43e0afa8", "gpu"], "values": [{"value": 9.0, "step": null, "ts": 1696884285.4166846}]}, "version": 77}
{"obj": {"type": "LogFloats", "path": ["monitoring", "43e0afa8", "gpu_memory"], "values": [{"value": 1.94219970703125, "step": null, "ts": 1696884285.4166846}]}, "version": 78}
{"obj": {"type": "LogFloats", "path": ["monitoring", "43e0afa8", "cpu"], "values": [{"value": 48.3, "step": null, "ts": 1696884295.4329367}]}, "version": 79}
{"obj": {"type": "LogFloats", "path": ["monitoring", "43e0afa8", "memory"], "values": [{"value": 17.869918823242188, "step": null, "ts": 1696884295.4329367}]}, "version": 80}
{"obj": {"type": "LogFloats", "path": ["monitoring", "43e0afa8", "gpu"], "values": [{"value": 40.0, "step": null, "ts": 1696884295.4329367}]}, "version": 81}
{"obj": {"type": "LogFloats", "path": ["monitoring", "43e0afa8", "gpu_memory"], "values": [{"value": 1.93621826171875, "step": null, "ts": 1696884295.4329367}]}, "version": 82}
{"obj": {"type": "LogStrings", "path": ["monitoring", "43e0afa8", "stdout"], "values": [{"value": "https://app.neptune.ai/wildbine/linear-regression/e/LIN-25\n", "step": null, "ts": 1696884300.124559}]}, "version": 83}
