{"obj": {"type": "AssignString", "path": ["sys", "name"], "value": "Reg0.005988223349330427_LR0.009778211188136734_FuncHash0664da"}, "version": 1}
{"obj": {"type": "AssignString", "path": ["sys", "description"], "value": ""}, "version": 2}
{"obj": {"type": "AssignString", "path": ["monitoring", "43e0afa8", "hostname"], "value": "DESKTOP-F0FFPV5"}, "version": 3}
{"obj": {"type": "AssignString", "path": ["sys", "hostname"], "value": "DESKTOP-F0FFPV5"}, "version": 4}
{"obj": {"type": "AssignString", "path": ["monitoring", "43e0afa8", "pid"], "value": "23716"}, "version": 5}
{"obj": {"type": "AssignString", "path": ["monitoring", "43e0afa8", "tid"], "value": "23640"}, "version": 6}
{"obj": {"type": "AssignBool", "path": ["sys", "failed"], "value": false}, "version": 7}
{"obj": {"type": "ClearStringLog", "path": ["monitoring", "43e0afa8", "stdout"]}, "version": 8}
{"obj": {"type": "ClearStringLog", "path": ["monitoring", "43e0afa8", "stderr"]}, "version": 9}
{"obj": {"type": "AssignString", "path": ["source_code", "entrypoint"], "value": "execute.py"}, "version": 10}
{"obj": {"type": "UploadFileSet", "path": ["source_code", "files"], "file_globs": ["D:\\PyCharmProjects\\pyProjects\\mllib_f2023-master\\execute.py"], "reset": "False"}, "version": 11}
{"obj": {"type": "UploadFile", "path": ["source_code", "diff"], "ext": "patch", "file_path": null, "tmp_file_name": "source_code_diff-1696884118.976575-2023-10-09_23.41.58.976575.patch", "clean_after_upload": false}, "version": 12}
{"obj": {"type": "ConfigFloatSeries", "path": ["monitoring", "43e0afa8", "cpu"], "min": 0.0, "max": 100.0, "unit": "%"}, "version": 13}
{"obj": {"type": "ClearFloatLog", "path": ["monitoring", "43e0afa8", "cpu"]}, "version": 14}
{"obj": {"type": "ConfigFloatSeries", "path": ["monitoring", "43e0afa8", "memory"], "min": 0.0, "max": 31.85687255859375, "unit": "GB"}, "version": 15}
{"obj": {"type": "ClearFloatLog", "path": ["monitoring", "43e0afa8", "memory"]}, "version": 16}
{"obj": {"type": "ConfigFloatSeries", "path": ["monitoring", "43e0afa8", "gpu"], "min": 0.0, "max": 100.0, "unit": "%"}, "version": 17}
{"obj": {"type": "ClearFloatLog", "path": ["monitoring", "43e0afa8", "gpu"]}, "version": 18}
{"obj": {"type": "ConfigFloatSeries", "path": ["monitoring", "43e0afa8", "gpu_memory"], "min": 0.0, "max": 8.0, "unit": "GB"}, "version": 19}
{"obj": {"type": "ClearFloatLog", "path": ["monitoring", "43e0afa8", "gpu_memory"]}, "version": 20}
{"obj": {"type": "AssignString", "path": ["hyperparameters", "base_function"], "value": "polynomial_func = lambda x: 5 + x + x**2\nlog_func = lambda x: np.log(x)\nsin_func = lambda x: np.sin(x)"}, "version": 21}
{"obj": {"type": "AssignFloat", "path": ["hyperparameters", "regularisation_coefficient"], "value": 0.005988223349330427}, "version": 22}
{"obj": {"type": "AssignFloat", "path": ["hyperparameters", "learning_rate"], "value": 0.009778211188136734}, "version": 23}
{"obj": {"type": "LogFloats", "path": ["monitoring", "43e0afa8", "cpu"], "values": [{"value": 16.4, "step": null, "ts": 1696884118.9865768}]}, "version": 24}
{"obj": {"type": "LogFloats", "path": ["monitoring", "43e0afa8", "memory"], "values": [{"value": 17.142955780029297, "step": null, "ts": 1696884118.9865768}]}, "version": 25}
{"obj": {"type": "LogFloats", "path": ["normal_equation", "mse"], "values": [{"value": 0.01276876203683624, "step": null, "ts": 1696884118.9945765}]}, "version": 26}
{"obj": {"type": "LogFloats", "path": ["monitoring", "43e0afa8", "gpu"], "values": [{"value": 35.0, "step": null, "ts": 1696884118.9865768}]}, "version": 27}
{"obj": {"type": "LogFloats", "path": ["normal_equation", "cost_function"], "values": [{"value": 0.14978159123569582, "step": null, "ts": 1696884118.995576}]}, "version": 28}
{"obj": {"type": "LogFloats", "path": ["monitoring", "43e0afa8", "gpu_memory"], "values": [{"value": 1.8955841064453125, "step": null, "ts": 1696884118.9865768}]}, "version": 29}
{"obj": {"type": "AssignFloat", "path": ["final_metrics", "validation_mse"], "value": 0.01276876203683624}, "version": 30}
{"obj": {"type": "LogFloats", "path": ["valid", "mse"], "values": [{"value": 0.015341821146177952, "step": null, "ts": 1696884118.9985764}]}, "version": 31}
{"obj": {"type": "LogFloats", "path": ["valid", "cost_function"], "values": [{"value": 0.15235465034503753, "step": null, "ts": 1696884118.999576}]}, "version": 32}
{"obj": {"type": "LogStrings", "path": ["monitoring", "43e0afa8", "stdout"], "values": [{"value": "https://app.neptune.ai/wildbine/linear-regression/e/LIN-5\n", "step": null, "ts": 1696884119.4809716}]}, "version": 33}
{"obj": {"type": "LogFloats", "path": ["monitoring", "43e0afa8", "cpu"], "values": [{"value": 20.2, "step": null, "ts": 1696884129.0018606}]}, "version": 34}
{"obj": {"type": "LogFloats", "path": ["monitoring", "43e0afa8", "memory"], "values": [{"value": 17.202922821044922, "step": null, "ts": 1696884129.0018606}]}, "version": 35}
{"obj": {"type": "LogFloats", "path": ["monitoring", "43e0afa8", "gpu"], "values": [{"value": 26.0, "step": null, "ts": 1696884129.0018606}]}, "version": 36}
{"obj": {"type": "LogFloats", "path": ["monitoring", "43e0afa8", "gpu_memory"], "values": [{"value": 1.8919830322265625, "step": null, "ts": 1696884129.0018606}]}, "version": 37}
{"obj": {"type": "LogStrings", "path": ["monitoring", "43e0afa8", "stdout"], "values": [{"value": "https://app.neptune.ai/wildbine/linear-regression/e/LIN-6\n", "step": null, "ts": 1696884136.1809187}]}, "version": 38}
{"obj": {"type": "LogStrings", "path": ["monitoring", "43e0afa8", "stdout"], "values": [{"value": "https://app.neptune.ai/wildbine/linear-regression/e/LIN-7\n", "step": null, "ts": 1696884136.6989226}]}, "version": 39}
{"obj": {"type": "LogStrings", "path": ["monitoring", "43e0afa8", "stdout"], "values": [{"value": "https://app.neptune.ai/wildbine/linear-regression/e/LIN-8\n", "step": null, "ts": 1696884137.4739323}]}, "version": 40}
{"obj": {"type": "LogFloats", "path": ["monitoring", "43e0afa8", "cpu"], "values": [{"value": 12.9, "step": null, "ts": 1696884139.0249267}]}, "version": 41}
{"obj": {"type": "LogFloats", "path": ["monitoring", "43e0afa8", "memory"], "values": [{"value": 17.19961166381836, "step": null, "ts": 1696884139.0249267}]}, "version": 42}
{"obj": {"type": "LogFloats", "path": ["monitoring", "43e0afa8", "gpu"], "values": [{"value": 33.0, "step": null, "ts": 1696884139.0249267}]}, "version": 43}
{"obj": {"type": "LogFloats", "path": ["monitoring", "43e0afa8", "gpu_memory"], "values": [{"value": 1.8895950317382812, "step": null, "ts": 1696884139.0249267}]}, "version": 44}
{"obj": {"type": "LogFloats", "path": ["monitoring", "43e0afa8", "cpu"], "values": [{"value": 15.0, "step": null, "ts": 1696884149.0409117}]}, "version": 45}
{"obj": {"type": "LogFloats", "path": ["monitoring", "43e0afa8", "memory"], "values": [{"value": 17.268051147460938, "step": null, "ts": 1696884149.0409117}]}, "version": 46}
{"obj": {"type": "LogFloats", "path": ["monitoring", "43e0afa8", "gpu"], "values": [{"value": 35.0, "step": null, "ts": 1696884149.0409117}]}, "version": 47}
{"obj": {"type": "LogFloats", "path": ["monitoring", "43e0afa8", "gpu_memory"], "values": [{"value": 1.8953628540039062, "step": null, "ts": 1696884149.0409117}]}, "version": 48}
{"obj": {"type": "LogStrings", "path": ["monitoring", "43e0afa8", "stdout"], "values": [{"value": "https://app.neptune.ai/wildbine/linear-regression/e/LIN-9\n", "step": null, "ts": 1696884157.923012}]}, "version": 49}
{"obj": {"type": "LogStrings", "path": ["monitoring", "43e0afa8", "stdout"], "values": [{"value": "https://app.neptune.ai/wildbine/linear-regression/e/LIN-10\n", "step": null, "ts": 1696884158.4399908}]}, "version": 50}
{"obj": {"type": "LogFloats", "path": ["monitoring", "43e0afa8", "cpu"], "values": [{"value": 16.9, "step": null, "ts": 1696884159.0629888}]}, "version": 51}
{"obj": {"type": "LogFloats", "path": ["monitoring", "43e0afa8", "memory"], "values": [{"value": 17.301891326904297, "step": null, "ts": 1696884159.0629888}]}, "version": 52}
{"obj": {"type": "LogFloats", "path": ["monitoring", "43e0afa8", "gpu"], "values": [{"value": 37.0, "step": null, "ts": 1696884159.0629888}]}, "version": 53}
{"obj": {"type": "LogFloats", "path": ["monitoring", "43e0afa8", "gpu_memory"], "values": [{"value": 1.8923797607421875, "step": null, "ts": 1696884159.0629888}]}, "version": 54}
{"obj": {"type": "LogFloats", "path": ["monitoring", "43e0afa8", "cpu"], "values": [{"value": 17.1, "step": null, "ts": 1696884169.0818288}]}, "version": 55}
{"obj": {"type": "LogFloats", "path": ["monitoring", "43e0afa8", "memory"], "values": [{"value": 17.332660675048828, "step": null, "ts": 1696884169.0818288}]}, "version": 56}
{"obj": {"type": "LogFloats", "path": ["monitoring", "43e0afa8", "gpu"], "values": [{"value": 36.0, "step": null, "ts": 1696884169.0818288}]}, "version": 57}
{"obj": {"type": "LogFloats", "path": ["monitoring", "43e0afa8", "gpu_memory"], "values": [{"value": 1.8923797607421875, "step": null, "ts": 1696884169.0818288}]}, "version": 58}
{"obj": {"type": "LogStrings", "path": ["monitoring", "43e0afa8", "stdout"], "values": [{"value": "https://app.neptune.ai/wildbine/linear-regression/e/LIN-11\n", "step": null, "ts": 1696884175.375162}]}, "version": 59}
{"obj": {"type": "LogStrings", "path": ["monitoring", "43e0afa8", "stdout"], "values": [{"value": "https://app.neptune.ai/wildbine/linear-regression/e/LIN-12\n", "step": null, "ts": 1696884175.8791602}]}, "version": 60}
{"obj": {"type": "LogFloats", "path": ["monitoring", "43e0afa8", "cpu"], "values": [{"value": 16.4, "step": null, "ts": 1696884179.0921524}]}, "version": 61}
{"obj": {"type": "LogFloats", "path": ["monitoring", "43e0afa8", "memory"], "values": [{"value": 17.30855941772461, "step": null, "ts": 1696884179.0921524}]}, "version": 62}
{"obj": {"type": "LogFloats", "path": ["monitoring", "43e0afa8", "gpu"], "values": [{"value": 34.0, "step": null, "ts": 1696884179.0921524}]}, "version": 63}
{"obj": {"type": "LogFloats", "path": ["monitoring", "43e0afa8", "gpu_memory"], "values": [{"value": 1.8920745849609375, "step": null, "ts": 1696884179.0921524}]}, "version": 64}
{"obj": {"type": "LogFloats", "path": ["monitoring", "43e0afa8", "cpu"], "values": [{"value": 21.7, "step": null, "ts": 1696884189.1138775}]}, "version": 65}
{"obj": {"type": "LogFloats", "path": ["monitoring", "43e0afa8", "memory"], "values": [{"value": 16.73804473876953, "step": null, "ts": 1696884189.1138775}]}, "version": 66}
{"obj": {"type": "LogFloats", "path": ["monitoring", "43e0afa8", "gpu"], "values": [{"value": 37.0, "step": null, "ts": 1696884189.1138775}]}, "version": 67}
{"obj": {"type": "LogFloats", "path": ["monitoring", "43e0afa8", "gpu_memory"], "values": [{"value": 1.8917007446289062, "step": null, "ts": 1696884189.1138775}]}, "version": 68}
{"obj": {"type": "LogStrings", "path": ["monitoring", "43e0afa8", "stdout"], "values": [{"value": "https://app.neptune.ai/wildbine/linear-regression/e/LIN-13\n", "step": null, "ts": 1696884194.7068567}]}, "version": 69}
{"obj": {"type": "LogStrings", "path": ["monitoring", "43e0afa8", "stdout"], "values": [{"value": "https://app.neptune.ai/wildbine/linear-regression/e/LIN-14\n", "step": null, "ts": 1696884195.2713065}]}, "version": 70}
{"obj": {"type": "LogStrings", "path": ["monitoring", "43e0afa8", "stdout"], "values": [{"value": "https://app.neptune.ai/wildbine/linear-regression/e/LIN-15\n", "step": null, "ts": 1696884195.7839239}]}, "version": 71}
{"obj": {"type": "LogFloats", "path": ["monitoring", "43e0afa8", "cpu"], "values": [{"value": 18.7, "step": null, "ts": 1696884199.1295214}]}, "version": 72}
{"obj": {"type": "LogFloats", "path": ["monitoring", "43e0afa8", "memory"], "values": [{"value": 16.733192443847656, "step": null, "ts": 1696884199.1295214}]}, "version": 73}
{"obj": {"type": "LogFloats", "path": ["monitoring", "43e0afa8", "gpu"], "values": [{"value": 36.0, "step": null, "ts": 1696884199.1295214}]}, "version": 74}
{"obj": {"type": "LogFloats", "path": ["monitoring", "43e0afa8", "gpu_memory"], "values": [{"value": 1.9144287109375, "step": null, "ts": 1696884199.1295214}]}, "version": 75}
{"obj": {"type": "LogFloats", "path": ["monitoring", "43e0afa8", "cpu"], "values": [{"value": 18.8, "step": null, "ts": 1696884209.1428297}]}, "version": 76}
{"obj": {"type": "LogFloats", "path": ["monitoring", "43e0afa8", "memory"], "values": [{"value": 16.797340393066406, "step": null, "ts": 1696884209.1428297}]}, "version": 77}
{"obj": {"type": "LogFloats", "path": ["monitoring", "43e0afa8", "gpu"], "values": [{"value": 35.0, "step": null, "ts": 1696884209.1428297}]}, "version": 78}
{"obj": {"type": "LogFloats", "path": ["monitoring", "43e0afa8", "gpu_memory"], "values": [{"value": 1.8956527709960938, "step": null, "ts": 1696884209.1428297}]}, "version": 79}
{"obj": {"type": "LogStrings", "path": ["monitoring", "43e0afa8", "stdout"], "values": [{"value": "https://app.neptune.ai/wildbine/linear-regression/e/LIN-16\n", "step": null, "ts": 1696884210.6385038}]}, "version": 80}
{"obj": {"type": "LogStrings", "path": ["monitoring", "43e0afa8", "stdout"], "values": [{"value": "https://app.neptune.ai/wildbine/linear-regression/e/LIN-17\n", "step": null, "ts": 1696884216.528855}]}, "version": 81}
{"obj": {"type": "LogStrings", "path": ["monitoring", "43e0afa8", "stdout"], "values": [{"value": "https://app.neptune.ai/wildbine/linear-regression/e/LIN-18\n", "step": null, "ts": 1696884217.0428603}]}, "version": 82}
{"obj": {"type": "LogStrings", "path": ["monitoring", "43e0afa8", "stdout"], "values": [{"value": "https://app.neptune.ai/wildbine/linear-regression/e/LIN-19\n", "step": null, "ts": 1696884217.5667942}]}, "version": 83}
{"obj": {"type": "LogFloats", "path": ["monitoring", "43e0afa8", "cpu"], "values": [{"value": 15.8, "step": null, "ts": 1696884219.1587899}]}, "version": 84}
{"obj": {"type": "LogFloats", "path": ["monitoring", "43e0afa8", "memory"], "values": [{"value": 16.84539794921875, "step": null, "ts": 1696884219.1587899}]}, "version": 85}
{"obj": {"type": "LogFloats", "path": ["monitoring", "43e0afa8", "gpu"], "values": [{"value": 40.0, "step": null, "ts": 1696884219.1587899}]}, "version": 86}
{"obj": {"type": "LogFloats", "path": ["monitoring", "43e0afa8", "gpu_memory"], "values": [{"value": 1.879974365234375, "step": null, "ts": 1696884219.1587899}]}, "version": 87}
{"obj": {"type": "LogStrings", "path": ["monitoring", "43e0afa8", "stdout"], "values": [{"value": "https://app.neptune.ai/wildbine/linear-regression/e/LIN-20\n", "step": null, "ts": 1696884223.0367725}]}, "version": 88}
{"obj": {"type": "LogStrings", "path": ["monitoring", "43e0afa8", "stdout"], "values": [{"value": "https://app.neptune.ai/wildbine/linear-regression/e/LIN-21\n", "step": null, "ts": 1696884223.540784}]}, "version": 89}
{"obj": {"type": "LogStrings", "path": ["monitoring", "43e0afa8", "stdout"], "values": [{"value": "https://app.neptune.ai/wildbine/linear-regression/e/LIN-22\n", "step": null, "ts": 1696884224.0677931}]}, "version": 90}
{"obj": {"type": "LogStrings", "path": ["monitoring", "43e0afa8", "stdout"], "values": [{"value": "https://app.neptune.ai/wildbine/linear-regression/e/LIN-23\n", "step": null, "ts": 1696884224.5656905}]}, "version": 91}
{"obj": {"type": "LogFloats", "path": ["monitoring", "43e0afa8", "cpu"], "values": [{"value": 15.8, "step": null, "ts": 1696884229.168679}]}, "version": 92}
{"obj": {"type": "LogFloats", "path": ["monitoring", "43e0afa8", "memory"], "values": [{"value": 16.817333221435547, "step": null, "ts": 1696884229.168679}]}, "version": 93}
{"obj": {"type": "LogFloats", "path": ["monitoring", "43e0afa8", "gpu"], "values": [{"value": 40.0, "step": null, "ts": 1696884229.168679}]}, "version": 94}
{"obj": {"type": "LogFloats", "path": ["monitoring", "43e0afa8", "gpu_memory"], "values": [{"value": 1.884124755859375, "step": null, "ts": 1696884229.168679}]}, "version": 95}
{"obj": {"type": "LogFloats", "path": ["monitoring", "43e0afa8", "cpu"], "values": [{"value": 27.1, "step": null, "ts": 1696884239.1856818}]}, "version": 96}
{"obj": {"type": "LogFloats", "path": ["monitoring", "43e0afa8", "memory"], "values": [{"value": 17.61593246459961, "step": null, "ts": 1696884239.1856818}]}, "version": 97}
{"obj": {"type": "LogFloats", "path": ["monitoring", "43e0afa8", "gpu"], "values": [{"value": 19.0, "step": null, "ts": 1696884239.1856818}]}, "version": 98}
{"obj": {"type": "LogFloats", "path": ["monitoring", "43e0afa8", "gpu_memory"], "values": [{"value": 1.890411376953125, "step": null, "ts": 1696884239.1856818}]}, "version": 99}
{"obj": {"type": "LogFloats", "path": ["monitoring", "43e0afa8", "cpu"], "values": [{"value": 19.6, "step": null, "ts": 1696884249.1996891}]}, "version": 100}
{"obj": {"type": "LogFloats", "path": ["monitoring", "43e0afa8", "memory"], "values": [{"value": 17.698028564453125, "step": null, "ts": 1696884249.1996891}]}, "version": 101}
{"obj": {"type": "LogFloats", "path": ["monitoring", "43e0afa8", "gpu"], "values": [{"value": 28.0, "step": null, "ts": 1696884249.1996891}]}, "version": 102}
{"obj": {"type": "LogFloats", "path": ["monitoring", "43e0afa8", "gpu_memory"], "values": [{"value": 1.8919296264648438, "step": null, "ts": 1696884249.1996891}]}, "version": 103}
{"obj": {"type": "LogStrings", "path": ["monitoring", "43e0afa8", "stdout"], "values": [{"value": "https://app.neptune.ai/wildbine/linear-regression/e/LIN-24\n", "step": null, "ts": 1696884252.6080477}]}, "version": 104}
{"obj": {"type": "LogFloats", "path": ["monitoring", "43e0afa8", "cpu"], "values": [{"value": 44.3, "step": null, "ts": 1696884259.2072527}]}, "version": 105}
{"obj": {"type": "LogFloats", "path": ["monitoring", "43e0afa8", "memory"], "values": [{"value": 17.963764190673828, "step": null, "ts": 1696884259.2072527}]}, "version": 106}
{"obj": {"type": "LogFloats", "path": ["monitoring", "43e0afa8", "gpu"], "values": [{"value": 31.0, "step": null, "ts": 1696884259.2072527}]}, "version": 107}
{"obj": {"type": "LogFloats", "path": ["monitoring", "43e0afa8", "gpu_memory"], "values": [{"value": 1.9672050476074219, "step": null, "ts": 1696884259.2072527}]}, "version": 108}
{"obj": {"type": "LogFloats", "path": ["monitoring", "43e0afa8", "cpu"], "values": [{"value": 35.5, "step": null, "ts": 1696884269.2212257}]}, "version": 109}
{"obj": {"type": "LogFloats", "path": ["monitoring", "43e0afa8", "memory"], "values": [{"value": 17.969379425048828, "step": null, "ts": 1696884269.2212257}]}, "version": 110}
{"obj": {"type": "LogFloats", "path": ["monitoring", "43e0afa8", "gpu"], "values": [{"value": 41.0, "step": null, "ts": 1696884269.2212257}]}, "version": 111}
{"obj": {"type": "LogFloats", "path": ["monitoring", "43e0afa8", "gpu_memory"], "values": [{"value": 1.9812850952148438, "step": null, "ts": 1696884269.2212257}]}, "version": 112}
{"obj": {"type": "LogFloats", "path": ["monitoring", "43e0afa8", "cpu"], "values": [{"value": 10.0, "step": null, "ts": 1696884279.2412004}]}, "version": 113}
{"obj": {"type": "LogFloats", "path": ["monitoring", "43e0afa8", "memory"], "values": [{"value": 17.93111801147461, "step": null, "ts": 1696884279.2412004}]}, "version": 114}
{"obj": {"type": "LogFloats", "path": ["monitoring", "43e0afa8", "gpu"], "values": [{"value": 36.0, "step": null, "ts": 1696884279.2412004}]}, "version": 115}
{"obj": {"type": "LogFloats", "path": ["monitoring", "43e0afa8", "gpu_memory"], "values": [{"value": 1.8915023803710938, "step": null, "ts": 1696884279.2412004}]}, "version": 116}
{"obj": {"type": "LogFloats", "path": ["monitoring", "43e0afa8", "cpu"], "values": [{"value": 19.0, "step": null, "ts": 1696884289.2475402}]}, "version": 117}
{"obj": {"type": "LogFloats", "path": ["monitoring", "43e0afa8", "memory"], "values": [{"value": 17.926029205322266, "step": null, "ts": 1696884289.2475402}]}, "version": 118}
{"obj": {"type": "LogFloats", "path": ["monitoring", "43e0afa8", "gpu"], "values": [{"value": 31.0, "step": null, "ts": 1696884289.2475402}]}, "version": 119}
{"obj": {"type": "LogFloats", "path": ["monitoring", "43e0afa8", "gpu_memory"], "values": [{"value": 1.93621826171875, "step": null, "ts": 1696884289.2475402}]}, "version": 120}
{"obj": {"type": "LogFloats", "path": ["monitoring", "43e0afa8", "cpu"], "values": [{"value": 10.7, "step": null, "ts": 1696884299.2655654}]}, "version": 121}
{"obj": {"type": "LogFloats", "path": ["monitoring", "43e0afa8", "memory"], "values": [{"value": 17.88729476928711, "step": null, "ts": 1696884299.2655654}]}, "version": 122}
{"obj": {"type": "LogFloats", "path": ["monitoring", "43e0afa8", "gpu"], "values": [{"value": 37.0, "step": null, "ts": 1696884299.2655654}]}, "version": 123}
{"obj": {"type": "LogFloats", "path": ["monitoring", "43e0afa8", "gpu_memory"], "values": [{"value": 1.93621826171875, "step": null, "ts": 1696884299.2655654}]}, "version": 124}
{"obj": {"type": "LogStrings", "path": ["monitoring", "43e0afa8", "stdout"], "values": [{"value": "https://app.neptune.ai/wildbine/linear-regression/e/LIN-25\n", "step": null, "ts": 1696884300.124559}]}, "version": 125}
