{"obj": {"type": "AssignString", "path": ["sys", "name"], "value": "Reg0.07240358993501944_LR0.0022169752625172574_FuncHash6c8fbf"}, "version": 1}
{"obj": {"type": "AssignString", "path": ["sys", "description"], "value": ""}, "version": 2}
{"obj": {"type": "AssignString", "path": ["monitoring", "f6467f4f", "hostname"], "value": "DESKTOP-F0FFPV5"}, "version": 3}
{"obj": {"type": "AssignString", "path": ["sys", "hostname"], "value": "DESKTOP-F0FFPV5"}, "version": 4}
{"obj": {"type": "AssignString", "path": ["monitoring", "f6467f4f", "pid"], "value": "18780"}, "version": 5}
{"obj": {"type": "AssignString", "path": ["monitoring", "f6467f4f", "tid"], "value": "25076"}, "version": 6}
{"obj": {"type": "AssignBool", "path": ["sys", "failed"], "value": false}, "version": 7}
{"obj": {"type": "ClearStringLog", "path": ["monitoring", "f6467f4f", "stdout"]}, "version": 8}
{"obj": {"type": "ClearStringLog", "path": ["monitoring", "f6467f4f", "stderr"]}, "version": 9}
{"obj": {"type": "AssignString", "path": ["source_code", "entrypoint"], "value": "execute.py"}, "version": 10}
{"obj": {"type": "UploadFileSet", "path": ["source_code", "files"], "file_globs": ["D:\\PyCharmProjects\\pyProjects\\mllib_f2023-master\\execute.py"], "reset": "False"}, "version": 11}
{"obj": {"type": "UploadFile", "path": ["source_code", "diff"], "ext": "patch", "file_path": null, "tmp_file_name": "source_code_diff-1696870500.646289-2023-10-09_19.55.00.646289.patch", "clean_after_upload": false}, "version": 12}
{"obj": {"type": "ConfigFloatSeries", "path": ["monitoring", "f6467f4f", "cpu"], "min": 0.0, "max": 100.0, "unit": "%"}, "version": 13}
{"obj": {"type": "ClearFloatLog", "path": ["monitoring", "f6467f4f", "cpu"]}, "version": 14}
{"obj": {"type": "ConfigFloatSeries", "path": ["monitoring", "f6467f4f", "memory"], "min": 0.0, "max": 31.85687255859375, "unit": "GB"}, "version": 15}
{"obj": {"type": "ClearFloatLog", "path": ["monitoring", "f6467f4f", "memory"]}, "version": 16}
{"obj": {"type": "ConfigFloatSeries", "path": ["monitoring", "f6467f4f", "gpu"], "min": 0.0, "max": 100.0, "unit": "%"}, "version": 17}
{"obj": {"type": "ClearFloatLog", "path": ["monitoring", "f6467f4f", "gpu"]}, "version": 18}
{"obj": {"type": "ConfigFloatSeries", "path": ["monitoring", "f6467f4f", "gpu_memory"], "min": 0.0, "max": 8.0, "unit": "GB"}, "version": 19}
{"obj": {"type": "ClearFloatLog", "path": ["monitoring", "f6467f4f", "gpu_memory"]}, "version": 20}
{"obj": {"type": "AssignString", "path": ["hyperparameters", "base_function"], "value": "log_func = lambda x: np.log(x)\nsin_func = lambda x: np.sin(x)\ncos_func = lambda x: np.cos(x)"}, "version": 21}
{"obj": {"type": "AssignFloat", "path": ["hyperparameters", "regularisation_coefficient"], "value": 0.07240358993501944}, "version": 22}
{"obj": {"type": "AssignFloat", "path": ["hyperparameters", "learning_rate"], "value": 0.0022169752625172574}, "version": 23}
{"obj": {"type": "LogFloats", "path": ["monitoring", "f6467f4f", "cpu"], "values": [{"value": 8.5, "step": null, "ts": 1696870500.6532893}]}, "version": 24}
{"obj": {"type": "LogFloats", "path": ["train", "mse"], "values": [{"value": 9.346188929219963, "step": null, "ts": 1696870500.664289}]}, "version": 25}
{"obj": {"type": "LogFloats", "path": ["monitoring", "f6467f4f", "memory"], "values": [{"value": 16.95595932006836, "step": null, "ts": 1696870500.6532893}]}, "version": 26}
{"obj": {"type": "LogFloats", "path": ["train", "cost_function"], "values": [{"value": 9.616741220059833, "step": null, "ts": 1696870500.664289}]}, "version": 27}
{"obj": {"type": "LogFloats", "path": ["monitoring", "f6467f4f", "gpu"], "values": [{"value": 29.0, "step": null, "ts": 1696870500.6532893}]}, "version": 28}
{"obj": {"type": "LogFloats", "path": ["monitoring", "f6467f4f", "gpu_memory"], "values": [{"value": 1.80438232421875, "step": null, "ts": 1696870500.6532893}]}, "version": 29}
{"obj": {"type": "LogFloats", "path": ["train", "mse"], "values": [{"value": 7.292687907234511, "step": null, "ts": 1696870500.667289}]}, "version": 30}
{"obj": {"type": "LogFloats", "path": ["train", "cost_function"], "values": [{"value": 7.517840695733834, "step": null, "ts": 1696870500.667289}]}, "version": 31}
{"obj": {"type": "LogFloats", "path": ["train", "mse"], "values": [{"value": 5.766523479725615, "step": null, "ts": 1696870500.6692884}]}, "version": 32}
{"obj": {"type": "LogFloats", "path": ["train", "cost_function"], "values": [{"value": 5.957851937848407, "step": null, "ts": 1696870500.6702883}]}, "version": 33}
{"obj": {"type": "LogFloats", "path": ["train", "mse"], "values": [{"value": 4.6319811881833255, "step": null, "ts": 1696870500.6722891}]}, "version": 34}
{"obj": {"type": "LogFloats", "path": ["train", "cost_function"], "values": [{"value": 4.798074866102612, "step": null, "ts": 1696870500.6722891}]}, "version": 35}
{"obj": {"type": "LogFloats", "path": ["train", "mse"], "values": [{"value": 3.788267376209893, "step": null, "ts": 1696870500.6752892}]}, "version": 36}
{"obj": {"type": "LogFloats", "path": ["train", "cost_function"], "values": [{"value": 3.935500204510595, "step": null, "ts": 1696870500.6752892}]}, "version": 37}
{"obj": {"type": "LogFloats", "path": ["train", "mse"], "values": [{"value": 3.1605249323226863, "step": null, "ts": 1696870500.677289}]}, "version": 38}
{"obj": {"type": "LogFloats", "path": ["train", "cost_function"], "values": [{"value": 3.2936268611001207, "step": null, "ts": 1696870500.677289}]}, "version": 39}
{"obj": {"type": "LogFloats", "path": ["train", "mse"], "values": [{"value": 2.693160288920686, "step": null, "ts": 1696870500.680289}]}, "version": 40}
{"obj": {"type": "LogFloats", "path": ["train", "cost_function"], "values": [{"value": 2.815641630375672, "step": null, "ts": 1696870500.680289}]}, "version": 41}
{"obj": {"type": "LogFloats", "path": ["train", "mse"], "values": [{"value": 2.3448871151866797, "step": null, "ts": 1696870500.682289}]}, "version": 42}
{"obj": {"type": "LogFloats", "path": ["train", "cost_function"], "values": [{"value": 2.4593535145493575, "step": null, "ts": 1696870500.682289}]}, "version": 43}
{"obj": {"type": "LogFloats", "path": ["train", "mse"], "values": [{"value": 2.085045087637501, "step": null, "ts": 1696870500.685289}]}, "version": 44}
{"obj": {"type": "LogFloats", "path": ["train", "cost_function"], "values": [{"value": 2.1934312867938095, "step": null, "ts": 1696870500.685289}]}, "version": 45}
{"obj": {"type": "LogFloats", "path": ["train", "mse"], "values": [{"value": 1.8908657243654319, "step": null, "ts": 1696870500.6872888}]}, "version": 46}
{"obj": {"type": "LogFloats", "path": ["train", "cost_function"], "values": [{"value": 1.994609033510766, "step": null, "ts": 1696870500.6872888}]}, "version": 47}
{"obj": {"type": "AssignFloat", "path": ["final_metrics", "validation_mse"], "value": 1.8276324208710946}, "version": 48}
{"obj": {"type": "LogFloats", "path": ["valid", "mse"], "values": [{"value": 1.9128137340121774, "step": null, "ts": 1696870500.6902888}]}, "version": 49}
{"obj": {"type": "LogFloats", "path": ["valid", "cost_function"], "values": [{"value": 2.015016232940763, "step": null, "ts": 1696870500.691289}]}, "version": 50}
{"obj": {"type": "LogStrings", "path": ["monitoring", "f6467f4f", "stdout"], "values": [{"value": "https://app.neptune.ai/wildbine/linear-regression/e/LIN-330\n", "step": null, "ts": 1696870501.3642106}]}, "version": 51}
{"obj": {"type": "LogStrings", "path": ["monitoring", "f6467f4f", "stdout"], "values": [{"value": "https://app.neptune.ai/wildbine/linear-regression/e/LIN-331\n", "step": null, "ts": 1696870502.0194213}]}, "version": 52}
{"obj": {"type": "LogStrings", "path": ["monitoring", "f6467f4f", "stdout"], "values": [{"value": "https://app.neptune.ai/wildbine/linear-regression/e/LIN-332\n", "step": null, "ts": 1696870502.6080818}]}, "version": 53}
{"obj": {"type": "LogStrings", "path": ["monitoring", "f6467f4f", "stdout"], "values": [{"value": "https://app.neptune.ai/wildbine/linear-regression/e/LIN-333\n", "step": null, "ts": 1696870503.27162}]}, "version": 54}
{"obj": {"type": "LogStrings", "path": ["monitoring", "f6467f4f", "stdout"], "values": [{"value": "https://app.neptune.ai/wildbine/linear-regression/e/LIN-334\n", "step": null, "ts": 1696870503.9182346}]}, "version": 55}
{"obj": {"type": "LogStrings", "path": ["monitoring", "f6467f4f", "stdout"], "values": [{"value": "https://app.neptune.ai/wildbine/linear-regression/e/LIN-335\n", "step": null, "ts": 1696870504.5387018}]}, "version": 56}
{"obj": {"type": "LogStrings", "path": ["monitoring", "f6467f4f", "stdout"], "values": [{"value": "https://app.neptune.ai/wildbine/linear-regression/e/LIN-336\n", "step": null, "ts": 1696870505.1967525}]}, "version": 57}
{"obj": {"type": "LogStrings", "path": ["monitoring", "f6467f4f", "stdout"], "values": [{"value": "https://app.neptune.ai/wildbine/linear-regression/e/LIN-337\n", "step": null, "ts": 1696870506.2162313}]}, "version": 58}
{"obj": {"type": "LogStrings", "path": ["monitoring", "f6467f4f", "stdout"], "values": [{"value": "https://app.neptune.ai/wildbine/linear-regression/e/LIN-338\n", "step": null, "ts": 1696870506.8522663}]}, "version": 59}
{"obj": {"type": "LogStrings", "path": ["monitoring", "f6467f4f", "stdout"], "values": [{"value": "https://app.neptune.ai/wildbine/linear-regression/e/LIN-339\n", "step": null, "ts": 1696870507.5198767}]}, "version": 60}
{"obj": {"type": "LogStrings", "path": ["monitoring", "f6467f4f", "stdout"], "values": [{"value": "https://app.neptune.ai/wildbine/linear-regression/e/LIN-340\n", "step": null, "ts": 1696870508.1085875}]}, "version": 61}
{"obj": {"type": "LogStrings", "path": ["monitoring", "f6467f4f", "stdout"], "values": [{"value": "https://app.neptune.ai/wildbine/linear-regression/e/LIN-341\n", "step": null, "ts": 1696870508.843522}]}, "version": 62}
{"obj": {"type": "LogStrings", "path": ["monitoring", "f6467f4f", "stdout"], "values": [{"value": "https://app.neptune.ai/wildbine/linear-regression/e/LIN-342\n", "step": null, "ts": 1696870509.459169}]}, "version": 63}
{"obj": {"type": "LogStrings", "path": ["monitoring", "f6467f4f", "stdout"], "values": [{"value": "https://app.neptune.ai/wildbine/linear-regression/e/LIN-343\n", "step": null, "ts": 1696870510.0198777}]}, "version": 64}
{"obj": {"type": "LogStrings", "path": ["monitoring", "f6467f4f", "stdout"], "values": [{"value": "https://app.neptune.ai/wildbine/linear-regression/e/LIN-344\n", "step": null, "ts": 1696870510.651141}]}, "version": 65}
{"obj": {"type": "LogFloats", "path": ["monitoring", "f6467f4f", "cpu"], "values": [{"value": 50.0, "step": null, "ts": 1696870510.673141}]}, "version": 66}
{"obj": {"type": "LogFloats", "path": ["monitoring", "f6467f4f", "memory"], "values": [{"value": 16.97112274169922, "step": null, "ts": 1696870510.673141}]}, "version": 67}
{"obj": {"type": "LogFloats", "path": ["monitoring", "f6467f4f", "gpu"], "values": [{"value": 28.0, "step": null, "ts": 1696870510.673141}]}, "version": 68}
{"obj": {"type": "LogFloats", "path": ["monitoring", "f6467f4f", "gpu_memory"], "values": [{"value": 1.80438232421875, "step": null, "ts": 1696870510.673141}]}, "version": 69}
{"obj": {"type": "LogStrings", "path": ["monitoring", "f6467f4f", "stdout"], "values": [{"value": "https://app.neptune.ai/wildbine/linear-regression/e/LIN-345\n", "step": null, "ts": 1696870511.3063762}]}, "version": 70}
{"obj": {"type": "LogStrings", "path": ["monitoring", "f6467f4f", "stdout"], "values": [{"value": "https://app.neptune.ai/wildbine/linear-regression/e/LIN-346\n", "step": null, "ts": 1696870511.9033191}]}, "version": 71}
{"obj": {"type": "LogStrings", "path": ["monitoring", "f6467f4f", "stdout"], "values": [{"value": "https://app.neptune.ai/wildbine/linear-regression/e/LIN-347\n", "step": null, "ts": 1696870512.4592001}]}, "version": 72}
{"obj": {"type": "LogStrings", "path": ["monitoring", "f6467f4f", "stdout"], "values": [{"value": "https://app.neptune.ai/wildbine/linear-regression/e/LIN-348\n", "step": null, "ts": 1696870513.0515857}]}, "version": 73}
{"obj": {"type": "LogStrings", "path": ["monitoring", "f6467f4f", "stdout"], "values": [{"value": "https://app.neptune.ai/wildbine/linear-regression/e/LIN-349\n", "step": null, "ts": 1696870513.591577}]}, "version": 74}
{"obj": {"type": "LogStrings", "path": ["monitoring", "f6467f4f", "stdout"], "values": [{"value": "https://app.neptune.ai/wildbine/linear-regression/e/LIN-350\n", "step": null, "ts": 1696870514.1568072}]}, "version": 75}
{"obj": {"type": "LogStrings", "path": ["monitoring", "f6467f4f", "stdout"], "values": [{"value": "https://app.neptune.ai/wildbine/linear-regression/e/LIN-351\n", "step": null, "ts": 1696870514.7617395}]}, "version": 76}
{"obj": {"type": "LogStrings", "path": ["monitoring", "f6467f4f", "stdout"], "values": [{"value": "https://app.neptune.ai/wildbine/linear-regression/e/LIN-352\n", "step": null, "ts": 1696870515.3975747}]}, "version": 77}
{"obj": {"type": "LogStrings", "path": ["monitoring", "f6467f4f", "stdout"], "values": [{"value": "Shutting down background jobs, please wait a moment...\n", "step": null, "ts": 1696870515.4385746}]}, "version": 78}
{"obj": {"type": "LogStrings", "path": ["monitoring", "f6467f4f", "stdout"], "values": [{"value": "Done!\n", "step": null, "ts": 1696870516.1467557}]}, "version": 79}
{"obj": {"type": "LogStrings", "path": ["monitoring", "f6467f4f", "stdout"], "values": [{"value": "Waiting for the remaining 39 operations to synchronize with Neptune. Do not kill this process.\n", "step": null, "ts": 1696870516.151755}]}, "version": 80}
{"obj": {"type": "LogStrings", "path": ["monitoring", "f6467f4f", "stdout"], "values": [{"value": "All 39 operations synced, thanks for waiting!\n", "step": null, "ts": 1696870516.433775}]}, "version": 81}
{"obj": {"type": "LogStrings", "path": ["monitoring", "f6467f4f", "stdout"], "values": [{"value": "Explore the metadata in the Neptune app:\n", "step": null, "ts": 1696870516.4367747}]}, "version": 82}
{"obj": {"type": "LogStrings", "path": ["monitoring", "f6467f4f", "stdout"], "values": [{"value": "https://app.neptune.ai/wildbine/linear-regression/e/LIN-352/metadata\n", "step": null, "ts": 1696870516.4387755}]}, "version": 83}
{"obj": {"type": "LogStrings", "path": ["monitoring", "f6467f4f", "stdout"], "values": [{"value": "Shutting down background jobs, please wait a moment...\n", "step": null, "ts": 1696870516.4407742}]}, "version": 84}
{"obj": {"type": "LogStrings", "path": ["monitoring", "f6467f4f", "stdout"], "values": [{"value": "Done!\n", "step": null, "ts": 1696870516.612774}]}, "version": 85}
{"obj": {"type": "LogStrings", "path": ["monitoring", "f6467f4f", "stdout"], "values": [{"value": "Waiting for the remaining 26 operations to synchronize with Neptune. Do not kill this process.\n", "step": null, "ts": 1696870516.6157742}]}, "version": 86}
{"obj": {"type": "LogStrings", "path": ["monitoring", "f6467f4f", "stdout"], "values": [{"value": "All 26 operations synced, thanks for waiting!\n", "step": null, "ts": 1696870516.9043214}]}, "version": 87}
{"obj": {"type": "LogStrings", "path": ["monitoring", "f6467f4f", "stdout"], "values": [{"value": "Explore the metadata in the Neptune app:\n", "step": null, "ts": 1696870516.9073215}]}, "version": 88}
{"obj": {"type": "LogStrings", "path": ["monitoring", "f6467f4f", "stdout"], "values": [{"value": "https://app.neptune.ai/wildbine/linear-regression/e/LIN-351/metadata\n", "step": null, "ts": 1696870516.9083214}]}, "version": 89}
{"obj": {"type": "LogStrings", "path": ["monitoring", "f6467f4f", "stdout"], "values": [{"value": "Shutting down background jobs, please wait a moment...\n", "step": null, "ts": 1696870516.909322}]}, "version": 90}
{"obj": {"type": "LogStrings", "path": ["monitoring", "f6467f4f", "stdout"], "values": [{"value": "Done!\n", "step": null, "ts": 1696870517.1363258}]}, "version": 91}
{"obj": {"type": "LogStrings", "path": ["monitoring", "f6467f4f", "stdout"], "values": [{"value": "Waiting for the remaining 45 operations to synchronize with Neptune. Do not kill this process.\n", "step": null, "ts": 1696870517.1383252}]}, "version": 92}
{"obj": {"type": "LogStrings", "path": ["monitoring", "f6467f4f", "stdout"], "values": [{"value": "All 45 operations synced, thanks for waiting!\n", "step": null, "ts": 1696870517.4553635}]}, "version": 93}
{"obj": {"type": "LogStrings", "path": ["monitoring", "f6467f4f", "stdout"], "values": [{"value": "Explore the metadata in the Neptune app:\n", "step": null, "ts": 1696870517.4583626}]}, "version": 94}
{"obj": {"type": "LogStrings", "path": ["monitoring", "f6467f4f", "stdout"], "values": [{"value": "https://app.neptune.ai/wildbine/linear-regression/e/LIN-350/metadata\n", "step": null, "ts": 1696870517.4613633}]}, "version": 95}
{"obj": {"type": "LogStrings", "path": ["monitoring", "f6467f4f", "stdout"], "values": [{"value": "Shutting down background jobs, please wait a moment...\n", "step": null, "ts": 1696870517.4623632}]}, "version": 96}
{"obj": {"type": "LogStrings", "path": ["monitoring", "f6467f4f", "stdout"], "values": [{"value": "Done!\n", "step": null, "ts": 1696870517.6263683}]}, "version": 97}
{"obj": {"type": "LogStrings", "path": ["monitoring", "f6467f4f", "stdout"], "values": [{"value": "Waiting for the remaining 40 operations to synchronize with Neptune. Do not kill this process.\n", "step": null, "ts": 1696870517.6293678}]}, "version": 98}
{"obj": {"type": "LogStrings", "path": ["monitoring", "f6467f4f", "stdout"], "values": [{"value": "All 40 operations synced, thanks for waiting!\n", "step": null, "ts": 1696870517.9783797}]}, "version": 99}
{"obj": {"type": "LogStrings", "path": ["monitoring", "f6467f4f", "stdout"], "values": [{"value": "Explore the metadata in the Neptune app:\n", "step": null, "ts": 1696870517.9803793}]}, "version": 100}
{"obj": {"type": "LogStrings", "path": ["monitoring", "f6467f4f", "stdout"], "values": [{"value": "https://app.neptune.ai/wildbine/linear-regression/e/LIN-349/metadata\n", "step": null, "ts": 1696870517.983379}]}, "version": 101}
{"obj": {"type": "LogStrings", "path": ["monitoring", "f6467f4f", "stdout"], "values": [{"value": "Shutting down background jobs, please wait a moment...\n", "step": null, "ts": 1696870517.9843788}]}, "version": 102}
{"obj": {"type": "LogStrings", "path": ["monitoring", "f6467f4f", "stdout"], "values": [{"value": "Done!\n", "step": null, "ts": 1696870518.1025229}]}, "version": 103}
{"obj": {"type": "LogStrings", "path": ["monitoring", "f6467f4f", "stdout"], "values": [{"value": "Waiting for the remaining 55 operations to synchronize with Neptune. Do not kill this process.\n", "step": null, "ts": 1696870518.1035233}]}, "version": 104}
{"obj": {"type": "LogStrings", "path": ["monitoring", "f6467f4f", "stdout"], "values": [{"value": "All 55 operations synced, thanks for waiting!\n", "step": null, "ts": 1696870518.4155335}]}, "version": 105}
{"obj": {"type": "LogStrings", "path": ["monitoring", "f6467f4f", "stdout"], "values": [{"value": "Explore the metadata in the Neptune app:\n", "step": null, "ts": 1696870518.4175344}]}, "version": 106}
{"obj": {"type": "LogStrings", "path": ["monitoring", "f6467f4f", "stdout"], "values": [{"value": "https://app.neptune.ai/wildbine/linear-regression/e/LIN-348/metadata\n", "step": null, "ts": 1696870518.419534}]}, "version": 107}
{"obj": {"type": "LogStrings", "path": ["monitoring", "f6467f4f", "stdout"], "values": [{"value": "Shutting down background jobs, please wait a moment...\n", "step": null, "ts": 1696870518.4205341}]}, "version": 108}
{"obj": {"type": "LogStrings", "path": ["monitoring", "f6467f4f", "stdout"], "values": [{"value": "Done!\n", "step": null, "ts": 1696870518.5812201}]}, "version": 109}
{"obj": {"type": "LogStrings", "path": ["monitoring", "f6467f4f", "stdout"], "values": [{"value": "Waiting for the remaining 6 operations to synchronize with Neptune. Do not kill this process.\n", "step": null, "ts": 1696870518.5822184}]}, "version": 110}
{"obj": {"type": "LogStrings", "path": ["monitoring", "f6467f4f", "stdout"], "values": [{"value": "All 6 operations synced, thanks for waiting!\n", "step": null, "ts": 1696870518.7542381}]}, "version": 111}
{"obj": {"type": "LogStrings", "path": ["monitoring", "f6467f4f", "stdout"], "values": [{"value": "Explore the metadata in the Neptune app:\n", "step": null, "ts": 1696870518.7582383}]}, "version": 112}
{"obj": {"type": "LogStrings", "path": ["monitoring", "f6467f4f", "stdout"], "values": [{"value": "https://app.neptune.ai/wildbine/linear-regression/e/LIN-347/metadata\n", "step": null, "ts": 1696870518.7602382}]}, "version": 113}
{"obj": {"type": "LogStrings", "path": ["monitoring", "f6467f4f", "stdout"], "values": [{"value": "Shutting down background jobs, please wait a moment...\n", "step": null, "ts": 1696870518.761238}]}, "version": 114}
{"obj": {"type": "LogStrings", "path": ["monitoring", "f6467f4f", "stdout"], "values": [{"value": "Done!\n", "step": null, "ts": 1696870518.9742587}]}, "version": 115}
{"obj": {"type": "LogStrings", "path": ["monitoring", "f6467f4f", "stdout"], "values": [{"value": "Waiting for the remaining 18 operations to synchronize with Neptune. Do not kill this process.\n", "step": null, "ts": 1696870518.9762583}]}, "version": 116}
{"obj": {"type": "LogStrings", "path": ["monitoring", "f6467f4f", "stdout"], "values": [{"value": "All 18 operations synced, thanks for waiting!\n", "step": null, "ts": 1696870519.1612113}]}, "version": 117}
{"obj": {"type": "LogStrings", "path": ["monitoring", "f6467f4f", "stdout"], "values": [{"value": "Explore the metadata in the Neptune app:\n", "step": null, "ts": 1696870519.1632118}]}, "version": 118}
{"obj": {"type": "LogStrings", "path": ["monitoring", "f6467f4f", "stdout"], "values": [{"value": "https://app.neptune.ai/wildbine/linear-regression/e/LIN-346/metadata\n", "step": null, "ts": 1696870519.1652122}]}, "version": 119}
{"obj": {"type": "LogStrings", "path": ["monitoring", "f6467f4f", "stdout"], "values": [{"value": "Shutting down background jobs, please wait a moment...\n", "step": null, "ts": 1696870519.1672115}]}, "version": 120}
{"obj": {"type": "LogStrings", "path": ["monitoring", "f6467f4f", "stdout"], "values": [{"value": "Done!\n", "step": null, "ts": 1696870519.3266578}]}, "version": 121}
{"obj": {"type": "LogStrings", "path": ["monitoring", "f6467f4f", "stdout"], "values": [{"value": "Waiting for the remaining 30 operations to synchronize with Neptune. Do not kill this process.\n", "step": null, "ts": 1696870519.3306582}]}, "version": 122}
{"obj": {"type": "LogStrings", "path": ["monitoring", "f6467f4f", "stdout"], "values": [{"value": "All 30 operations synced, thanks for waiting!\n", "step": null, "ts": 1696870519.4956567}]}, "version": 123}
{"obj": {"type": "LogStrings", "path": ["monitoring", "f6467f4f", "stdout"], "values": [{"value": "Explore the metadata in the Neptune app:\n", "step": null, "ts": 1696870519.4986567}]}, "version": 124}
{"obj": {"type": "LogStrings", "path": ["monitoring", "f6467f4f", "stdout"], "values": [{"value": "https://app.neptune.ai/wildbine/linear-regression/e/LIN-345/metadata\n", "step": null, "ts": 1696870519.500658}]}, "version": 125}
{"obj": {"type": "LogStrings", "path": ["monitoring", "f6467f4f", "stdout"], "values": [{"value": "Shutting down background jobs, please wait a moment...\n", "step": null, "ts": 1696870519.500658}]}, "version": 126}
{"obj": {"type": "LogStrings", "path": ["monitoring", "f6467f4f", "stdout"], "values": [{"value": "Done!\n", "step": null, "ts": 1696870519.6886568}]}, "version": 127}
{"obj": {"type": "LogStrings", "path": ["monitoring", "f6467f4f", "stdout"], "values": [{"value": "Waiting for the remaining 46 operations to synchronize with Neptune. Do not kill this process.\n", "step": null, "ts": 1696870519.6926582}]}, "version": 128}
{"obj": {"type": "LogStrings", "path": ["monitoring", "f6467f4f", "stdout"], "values": [{"value": "All 46 operations synced, thanks for waiting!\n", "step": null, "ts": 1696870519.8764021}]}, "version": 129}
{"obj": {"type": "LogStrings", "path": ["monitoring", "f6467f4f", "stdout"], "values": [{"value": "Explore the metadata in the Neptune app:\n", "step": null, "ts": 1696870519.8794017}]}, "version": 130}
{"obj": {"type": "LogStrings", "path": ["monitoring", "f6467f4f", "stdout"], "values": [{"value": "https://app.neptune.ai/wildbine/linear-regression/e/LIN-344/metadata\n", "step": null, "ts": 1696870519.8814015}]}, "version": 131}
{"obj": {"type": "LogStrings", "path": ["monitoring", "f6467f4f", "stdout"], "values": [{"value": "Shutting down background jobs, please wait a moment...\n", "step": null, "ts": 1696870519.8824024}]}, "version": 132}
{"obj": {"type": "LogStrings", "path": ["monitoring", "f6467f4f", "stdout"], "values": [{"value": "Done!\n", "step": null, "ts": 1696870520.062407}]}, "version": 133}
{"obj": {"type": "LogStrings", "path": ["monitoring", "f6467f4f", "stdout"], "values": [{"value": "Waiting for the remaining 58 operations to synchronize with Neptune. Do not kill this process.\n", "step": null, "ts": 1696870520.0674067}]}, "version": 134}
{"obj": {"type": "LogStrings", "path": ["monitoring", "f6467f4f", "stdout"], "values": [{"value": "All 58 operations synced, thanks for waiting!\n", "step": null, "ts": 1696870520.2574203}]}, "version": 135}
{"obj": {"type": "LogStrings", "path": ["monitoring", "f6467f4f", "stdout"], "values": [{"value": "Explore the metadata in the Neptune app:\n", "step": null, "ts": 1696870520.2594204}]}, "version": 136}
{"obj": {"type": "LogStrings", "path": ["monitoring", "f6467f4f", "stdout"], "values": [{"value": "https://app.neptune.ai/wildbine/linear-regression/e/LIN-343/metadata\n", "step": null, "ts": 1696870520.26142}]}, "version": 137}
{"obj": {"type": "LogStrings", "path": ["monitoring", "f6467f4f", "stdout"], "values": [{"value": "Shutting down background jobs, please wait a moment...\n", "step": null, "ts": 1696870520.2624202}]}, "version": 138}
{"obj": {"type": "LogStrings", "path": ["monitoring", "f6467f4f", "stdout"], "values": [{"value": "Done!\n", "step": null, "ts": 1696870520.3794198}]}, "version": 139}
{"obj": {"type": "LogStrings", "path": ["monitoring", "f6467f4f", "stdout"], "values": [{"value": "Waiting for the remaining 66 operations to synchronize with Neptune. Do not kill this process.\n", "step": null, "ts": 1696870520.3814194}]}, "version": 140}
{"obj": {"type": "LogStrings", "path": ["monitoring", "f6467f4f", "stdout"], "values": [{"value": "All 66 operations synced, thanks for waiting!\n", "step": null, "ts": 1696870520.6600478}]}, "version": 141}
{"obj": {"type": "LogStrings", "path": ["monitoring", "f6467f4f", "stdout"], "values": [{"value": "Explore the metadata in the Neptune app:\n", "step": null, "ts": 1696870520.6620474}]}, "version": 142}
{"obj": {"type": "LogStrings", "path": ["monitoring", "f6467f4f", "stdout"], "values": [{"value": "https://app.neptune.ai/wildbine/linear-regression/e/LIN-342/metadata\n", "step": null, "ts": 1696870520.6620474}]}, "version": 143}
{"obj": {"type": "LogStrings", "path": ["monitoring", "f6467f4f", "stdout"], "values": [{"value": "Shutting down background jobs, please wait a moment...\n", "step": null, "ts": 1696870520.6630473}]}, "version": 144}
{"obj": {"type": "LogFloats", "path": ["monitoring", "f6467f4f", "cpu"], "values": [{"value": 14.5, "step": null, "ts": 1696870520.6910484}]}, "version": 145}
{"obj": {"type": "LogFloats", "path": ["monitoring", "f6467f4f", "memory"], "values": [{"value": 17.034664154052734, "step": null, "ts": 1696870520.6910484}]}, "version": 146}
{"obj": {"type": "LogFloats", "path": ["monitoring", "f6467f4f", "gpu"], "values": [{"value": 10.0, "step": null, "ts": 1696870520.6910484}]}, "version": 147}
{"obj": {"type": "LogFloats", "path": ["monitoring", "f6467f4f", "gpu_memory"], "values": [{"value": 1.80224609375, "step": null, "ts": 1696870520.6910484}]}, "version": 148}
{"obj": {"type": "LogStrings", "path": ["monitoring", "f6467f4f", "stdout"], "values": [{"value": "Done!\n", "step": null, "ts": 1696870520.832053}]}, "version": 149}
{"obj": {"type": "LogStrings", "path": ["monitoring", "f6467f4f", "stdout"], "values": [{"value": "Waiting for the remaining 16 operations to synchronize with Neptune. Do not kill this process.\n", "step": null, "ts": 1696870520.8330524}]}, "version": 150}
{"obj": {"type": "LogStrings", "path": ["monitoring", "f6467f4f", "stdout"], "values": [{"value": "All 16 operations synced, thanks for waiting!\n", "step": null, "ts": 1696870521.0010526}]}, "version": 151}
{"obj": {"type": "LogStrings", "path": ["monitoring", "f6467f4f", "stdout"], "values": [{"value": "Explore the metadata in the Neptune app:\n", "step": null, "ts": 1696870521.0040526}]}, "version": 152}
{"obj": {"type": "LogStrings", "path": ["monitoring", "f6467f4f", "stdout"], "values": [{"value": "https://app.neptune.ai/wildbine/linear-regression/e/LIN-341/metadata\n", "step": null, "ts": 1696870521.006052}]}, "version": 153}
{"obj": {"type": "LogStrings", "path": ["monitoring", "f6467f4f", "stdout"], "values": [{"value": "Shutting down background jobs, please wait a moment...\n", "step": null, "ts": 1696870521.0070536}]}, "version": 154}
{"obj": {"type": "LogStrings", "path": ["monitoring", "f6467f4f", "stdout"], "values": [{"value": "Done!\n", "step": null, "ts": 1696870521.1260521}]}, "version": 155}
{"obj": {"type": "LogStrings", "path": ["monitoring", "f6467f4f", "stdout"], "values": [{"value": "Waiting for the remaining 34 operations to synchronize with Neptune. Do not kill this process.\n", "step": null, "ts": 1696870521.1270518}]}, "version": 156}
{"obj": {"type": "LogStrings", "path": ["monitoring", "f6467f4f", "stdout"], "values": [{"value": "All 34 operations synced, thanks for waiting!\n", "step": null, "ts": 1696870521.367052}]}, "version": 157}
{"obj": {"type": "LogStrings", "path": ["monitoring", "f6467f4f", "stdout"], "values": [{"value": "Explore the metadata in the Neptune app:\n", "step": null, "ts": 1696870521.369052}]}, "version": 158}
{"obj": {"type": "LogStrings", "path": ["monitoring", "f6467f4f", "stdout"], "values": [{"value": "https://app.neptune.ai/wildbine/linear-regression/e/LIN-340/metadata\n", "step": null, "ts": 1696870521.371051}]}, "version": 159}
{"obj": {"type": "LogStrings", "path": ["monitoring", "f6467f4f", "stdout"], "values": [{"value": "Shutting down background jobs, please wait a moment...\n", "step": null, "ts": 1696870521.373052}]}, "version": 160}
{"obj": {"type": "LogStrings", "path": ["monitoring", "f6467f4f", "stdout"], "values": [{"value": "Done!\n", "step": null, "ts": 1696870521.6180522}]}, "version": 161}
{"obj": {"type": "LogStrings", "path": ["monitoring", "f6467f4f", "stdout"], "values": [{"value": "Waiting for the remaining 52 operations to synchronize with Neptune. Do not kill this process.\n", "step": null, "ts": 1696870521.6200514}]}, "version": 162}
{"obj": {"type": "LogStrings", "path": ["monitoring", "f6467f4f", "stdout"], "values": [{"value": "All 52 operations synced, thanks for waiting!\n", "step": null, "ts": 1696870521.7990506}]}, "version": 163}
{"obj": {"type": "LogStrings", "path": ["monitoring", "f6467f4f", "stdout"], "values": [{"value": "Explore the metadata in the Neptune app:\n", "step": null, "ts": 1696870521.8000503}]}, "version": 164}
{"obj": {"type": "LogStrings", "path": ["monitoring", "f6467f4f", "stdout"], "values": [{"value": "https://app.neptune.ai/wildbine/linear-regression/e/LIN-339/metadata\n", "step": null, "ts": 1696870521.8020506}]}, "version": 165}
{"obj": {"type": "LogStrings", "path": ["monitoring", "f6467f4f", "stdout"], "values": [{"value": "Shutting down background jobs, please wait a moment...\n", "step": null, "ts": 1696870521.80305}]}, "version": 166}
{"obj": {"type": "LogStrings", "path": ["monitoring", "f6467f4f", "stdout"], "values": [{"value": "Done!\n", "step": null, "ts": 1696870522.0070617}]}, "version": 167}
{"obj": {"type": "LogStrings", "path": ["monitoring", "f6467f4f", "stdout"], "values": [{"value": "Waiting for the remaining 64 operations to synchronize with Neptune. Do not kill this process.\n", "step": null, "ts": 1696870522.0100613}]}, "version": 168}
{"obj": {"type": "LogStrings", "path": ["monitoring", "f6467f4f", "stdout"], "values": [{"value": "All 64 operations synced, thanks for waiting!\n", "step": null, "ts": 1696870522.2850616}]}, "version": 169}
{"obj": {"type": "LogStrings", "path": ["monitoring", "f6467f4f", "stdout"], "values": [{"value": "Explore the metadata in the Neptune app:\n", "step": null, "ts": 1696870522.287062}]}, "version": 170}
{"obj": {"type": "LogStrings", "path": ["monitoring", "f6467f4f", "stdout"], "values": [{"value": "https://app.neptune.ai/wildbine/linear-regression/e/LIN-338/metadata\n", "step": null, "ts": 1696870522.2880619}]}, "version": 171}
{"obj": {"type": "LogStrings", "path": ["monitoring", "f6467f4f", "stdout"], "values": [{"value": "Shutting down background jobs, please wait a moment...\n", "step": null, "ts": 1696870522.2890613}]}, "version": 172}
{"obj": {"type": "LogStrings", "path": ["monitoring", "f6467f4f", "stdout"], "values": [{"value": "Done!\n", "step": null, "ts": 1696870522.4050617}]}, "version": 173}
{"obj": {"type": "LogStrings", "path": ["monitoring", "f6467f4f", "stdout"], "values": [{"value": "Waiting for the remaining 76 operations to synchronize with Neptune. Do not kill this process.\n", "step": null, "ts": 1696870522.406062}]}, "version": 174}
