{"obj": {"type": "AssignString", "path": ["sys", "name"], "value": "Reg0.07531018170870951_LR0.007847191468264507_FuncHashe2f000"}, "version": 1}
{"obj": {"type": "AssignString", "path": ["sys", "description"], "value": ""}, "version": 2}
{"obj": {"type": "AssignString", "path": ["monitoring", "f6467f4f", "hostname"], "value": "DESKTOP-F0FFPV5"}, "version": 3}
{"obj": {"type": "AssignString", "path": ["sys", "hostname"], "value": "DESKTOP-F0FFPV5"}, "version": 4}
{"obj": {"type": "AssignString", "path": ["monitoring", "f6467f4f", "pid"], "value": "18780"}, "version": 5}
{"obj": {"type": "AssignString", "path": ["monitoring", "f6467f4f", "tid"], "value": "25076"}, "version": 6}
{"obj": {"type": "AssignBool", "path": ["sys", "failed"], "value": false}, "version": 7}
{"obj": {"type": "ClearStringLog", "path": ["monitoring", "f6467f4f", "stdout"]}, "version": 8}
{"obj": {"type": "ClearStringLog", "path": ["monitoring", "f6467f4f", "stderr"]}, "version": 9}
{"obj": {"type": "AssignString", "path": ["source_code", "entrypoint"], "value": "execute.py"}, "version": 10}
{"obj": {"type": "UploadFileSet", "path": ["source_code", "files"], "file_globs": ["D:\\PyCharmProjects\\pyProjects\\mllib_f2023-master\\execute.py"], "reset": "False"}, "version": 11}
{"obj": {"type": "UploadFile", "path": ["source_code", "diff"], "ext": "patch", "file_path": null, "tmp_file_name": "source_code_diff-1696870495.79878-2023-10-09_19.54.55.798780.patch", "clean_after_upload": false}, "version": 12}
{"obj": {"type": "ConfigFloatSeries", "path": ["monitoring", "f6467f4f", "cpu"], "min": 0.0, "max": 100.0, "unit": "%"}, "version": 13}
{"obj": {"type": "ClearFloatLog", "path": ["monitoring", "f6467f4f", "cpu"]}, "version": 14}
{"obj": {"type": "ConfigFloatSeries", "path": ["monitoring", "f6467f4f", "memory"], "min": 0.0, "max": 31.85687255859375, "unit": "GB"}, "version": 15}
{"obj": {"type": "ClearFloatLog", "path": ["monitoring", "f6467f4f", "memory"]}, "version": 16}
{"obj": {"type": "ConfigFloatSeries", "path": ["monitoring", "f6467f4f", "gpu"], "min": 0.0, "max": 100.0, "unit": "%"}, "version": 17}
{"obj": {"type": "ClearFloatLog", "path": ["monitoring", "f6467f4f", "gpu"]}, "version": 18}
{"obj": {"type": "ConfigFloatSeries", "path": ["monitoring", "f6467f4f", "gpu_memory"], "min": 0.0, "max": 8.0, "unit": "GB"}, "version": 19}
{"obj": {"type": "ClearFloatLog", "path": ["monitoring", "f6467f4f", "gpu_memory"]}, "version": 20}
{"obj": {"type": "AssignString", "path": ["hyperparameters", "base_function"], "value": "polynomial_func = lambda x: 5 + x + x**2\nlog_func = lambda x: np.log(x)\ncos_func = lambda x: np.cos(x)"}, "version": 21}
{"obj": {"type": "AssignFloat", "path": ["hyperparameters", "regularisation_coefficient"], "value": 0.07531018170870951}, "version": 22}
{"obj": {"type": "AssignFloat", "path": ["hyperparameters", "learning_rate"], "value": 0.007847191468264507}, "version": 23}
{"obj": {"type": "LogFloats", "path": ["monitoring", "f6467f4f", "cpu"], "values": [{"value": 19.2, "step": null, "ts": 1696870495.82778}]}, "version": 24}
{"obj": {"type": "LogFloats", "path": ["monitoring", "f6467f4f", "memory"], "values": [{"value": 16.058094024658203, "step": null, "ts": 1696870495.82778}]}, "version": 25}
{"obj": {"type": "LogFloats", "path": ["monitoring", "f6467f4f", "gpu"], "values": [{"value": 28.0, "step": null, "ts": 1696870495.82778}]}, "version": 26}
{"obj": {"type": "LogFloats", "path": ["monitoring", "f6467f4f", "gpu_memory"], "values": [{"value": 1.80657958984375, "step": null, "ts": 1696870495.82778}]}, "version": 27}
{"obj": {"type": "AssignFloat", "path": ["final_metrics", "validation_mse"], "value": 0.013964678616082384}, "version": 28}
{"obj": {"type": "LogFloats", "path": ["valid", "mse"], "values": [{"value": 0.013702526130504688, "step": null, "ts": 1696870495.8377802}]}, "version": 29}
{"obj": {"type": "LogFloats", "path": ["valid", "cost_function"], "values": [{"value": 1.0997275290763975, "step": null, "ts": 1696870495.8387806}]}, "version": 30}
{"obj": {"type": "LogStrings", "path": ["monitoring", "f6467f4f", "stdout"], "values": [{"value": "https://app.neptune.ai/wildbine/linear-regression/e/LIN-324\n", "step": null, "ts": 1696870497.2705896}]}, "version": 31}
{"obj": {"type": "LogStrings", "path": ["monitoring", "f6467f4f", "stdout"], "values": [{"value": "https://app.neptune.ai/wildbine/linear-regression/e/LIN-325\n", "step": null, "ts": 1696870497.9991007}]}, "version": 32}
{"obj": {"type": "LogStrings", "path": ["monitoring", "f6467f4f", "stdout"], "values": [{"value": "https://app.neptune.ai/wildbine/linear-regression/e/LIN-326\n", "step": null, "ts": 1696870498.7314475}]}, "version": 33}
{"obj": {"type": "LogStrings", "path": ["monitoring", "f6467f4f", "stdout"], "values": [{"value": "https://app.neptune.ai/wildbine/linear-regression/e/LIN-327\n", "step": null, "ts": 1696870499.368314}]}, "version": 34}
{"obj": {"type": "LogStrings", "path": ["monitoring", "f6467f4f", "stdout"], "values": [{"value": "https://app.neptune.ai/wildbine/linear-regression/e/LIN-328\n", "step": null, "ts": 1696870499.9951715}]}, "version": 35}
{"obj": {"type": "LogStrings", "path": ["monitoring", "f6467f4f", "stdout"], "values": [{"value": "https://app.neptune.ai/wildbine/linear-regression/e/LIN-329\n", "step": null, "ts": 1696870500.6462889}]}, "version": 36}
{"obj": {"type": "LogStrings", "path": ["monitoring", "f6467f4f", "stdout"], "values": [{"value": "https://app.neptune.ai/wildbine/linear-regression/e/LIN-330\n", "step": null, "ts": 1696870501.3642106}]}, "version": 37}
{"obj": {"type": "LogStrings", "path": ["monitoring", "f6467f4f", "stdout"], "values": [{"value": "https://app.neptune.ai/wildbine/linear-regression/e/LIN-331\n", "step": null, "ts": 1696870502.0184214}]}, "version": 38}
{"obj": {"type": "LogStrings", "path": ["monitoring", "f6467f4f", "stdout"], "values": [{"value": "https://app.neptune.ai/wildbine/linear-regression/e/LIN-332\n", "step": null, "ts": 1696870502.6070828}]}, "version": 39}
{"obj": {"type": "LogStrings", "path": ["monitoring", "f6467f4f", "stdout"], "values": [{"value": "https://app.neptune.ai/wildbine/linear-regression/e/LIN-333\n", "step": null, "ts": 1696870503.27162}]}, "version": 40}
{"obj": {"type": "LogStrings", "path": ["monitoring", "f6467f4f", "stdout"], "values": [{"value": "https://app.neptune.ai/wildbine/linear-regression/e/LIN-334\n", "step": null, "ts": 1696870503.9172347}]}, "version": 41}
{"obj": {"type": "LogStrings", "path": ["monitoring", "f6467f4f", "stdout"], "values": [{"value": "https://app.neptune.ai/wildbine/linear-regression/e/LIN-335\n", "step": null, "ts": 1696870504.537702}]}, "version": 42}
{"obj": {"type": "LogStrings", "path": ["monitoring", "f6467f4f", "stdout"], "values": [{"value": "https://app.neptune.ai/wildbine/linear-regression/e/LIN-336\n", "step": null, "ts": 1696870505.1967525}]}, "version": 43}
{"obj": {"type": "LogFloats", "path": ["monitoring", "f6467f4f", "cpu"], "values": [{"value": 5.8, "step": null, "ts": 1696870505.8422925}]}, "version": 44}
{"obj": {"type": "LogFloats", "path": ["monitoring", "f6467f4f", "memory"], "values": [{"value": 16.969970703125, "step": null, "ts": 1696870505.8422925}]}, "version": 45}
{"obj": {"type": "LogFloats", "path": ["monitoring", "f6467f4f", "gpu"], "values": [{"value": 29.0, "step": null, "ts": 1696870505.8422925}]}, "version": 46}
{"obj": {"type": "LogFloats", "path": ["monitoring", "f6467f4f", "gpu_memory"], "values": [{"value": 1.80438232421875, "step": null, "ts": 1696870505.8422925}]}, "version": 47}
{"obj": {"type": "LogStrings", "path": ["monitoring", "f6467f4f", "stdout"], "values": [{"value": "https://app.neptune.ai/wildbine/linear-regression/e/LIN-337\n", "step": null, "ts": 1696870506.2162313}]}, "version": 48}
{"obj": {"type": "LogStrings", "path": ["monitoring", "f6467f4f", "stdout"], "values": [{"value": "https://app.neptune.ai/wildbine/linear-regression/e/LIN-338\n", "step": null, "ts": 1696870506.8522663}]}, "version": 49}
{"obj": {"type": "LogStrings", "path": ["monitoring", "f6467f4f", "stdout"], "values": [{"value": "https://app.neptune.ai/wildbine/linear-regression/e/LIN-339\n", "step": null, "ts": 1696870507.5198767}]}, "version": 50}
{"obj": {"type": "LogStrings", "path": ["monitoring", "f6467f4f", "stdout"], "values": [{"value": "https://app.neptune.ai/wildbine/linear-regression/e/LIN-340\n", "step": null, "ts": 1696870508.1085875}]}, "version": 51}
{"obj": {"type": "LogStrings", "path": ["monitoring", "f6467f4f", "stdout"], "values": [{"value": "https://app.neptune.ai/wildbine/linear-regression/e/LIN-341\n", "step": null, "ts": 1696870508.8425221}]}, "version": 52}
{"obj": {"type": "LogStrings", "path": ["monitoring", "f6467f4f", "stdout"], "values": [{"value": "https://app.neptune.ai/wildbine/linear-regression/e/LIN-342\n", "step": null, "ts": 1696870509.4581687}]}, "version": 53}
{"obj": {"type": "LogStrings", "path": ["monitoring", "f6467f4f", "stdout"], "values": [{"value": "https://app.neptune.ai/wildbine/linear-regression/e/LIN-343\n", "step": null, "ts": 1696870510.0188088}]}, "version": 54}
{"obj": {"type": "LogStrings", "path": ["monitoring", "f6467f4f", "stdout"], "values": [{"value": "https://app.neptune.ai/wildbine/linear-regression/e/LIN-344\n", "step": null, "ts": 1696870510.651141}]}, "version": 55}
{"obj": {"type": "LogStrings", "path": ["monitoring", "f6467f4f", "stdout"], "values": [{"value": "https://app.neptune.ai/wildbine/linear-regression/e/LIN-345\n", "step": null, "ts": 1696870511.3043766}]}, "version": 56}
{"obj": {"type": "LogStrings", "path": ["monitoring", "f6467f4f", "stdout"], "values": [{"value": "https://app.neptune.ai/wildbine/linear-regression/e/LIN-346\n", "step": null, "ts": 1696870511.9013183}]}, "version": 57}
{"obj": {"type": "LogStrings", "path": ["monitoring", "f6467f4f", "stdout"], "values": [{"value": "https://app.neptune.ai/wildbine/linear-regression/e/LIN-347\n", "step": null, "ts": 1696870512.4581997}]}, "version": 58}
{"obj": {"type": "LogStrings", "path": ["monitoring", "f6467f4f", "stdout"], "values": [{"value": "https://app.neptune.ai/wildbine/linear-regression/e/LIN-348\n", "step": null, "ts": 1696870513.0515857}]}, "version": 59}
{"obj": {"type": "LogStrings", "path": ["monitoring", "f6467f4f", "stdout"], "values": [{"value": "https://app.neptune.ai/wildbine/linear-regression/e/LIN-349\n", "step": null, "ts": 1696870513.591577}]}, "version": 60}
{"obj": {"type": "LogStrings", "path": ["monitoring", "f6467f4f", "stdout"], "values": [{"value": "https://app.neptune.ai/wildbine/linear-regression/e/LIN-350\n", "step": null, "ts": 1696870514.1568072}]}, "version": 61}
{"obj": {"type": "LogStrings", "path": ["monitoring", "f6467f4f", "stdout"], "values": [{"value": "https://app.neptune.ai/wildbine/linear-regression/e/LIN-351\n", "step": null, "ts": 1696870514.7617395}]}, "version": 62}
{"obj": {"type": "LogStrings", "path": ["monitoring", "f6467f4f", "stdout"], "values": [{"value": "https://app.neptune.ai/wildbine/linear-regression/e/LIN-352\n", "step": null, "ts": 1696870515.3965752}]}, "version": 63}
{"obj": {"type": "LogStrings", "path": ["monitoring", "f6467f4f", "stdout"], "values": [{"value": "Shutting down background jobs, please wait a moment...\n", "step": null, "ts": 1696870515.4385746}]}, "version": 64}
{"obj": {"type": "LogFloats", "path": ["monitoring", "f6467f4f", "cpu"], "values": [{"value": 5.9, "step": null, "ts": 1696870515.8508122}]}, "version": 65}
{"obj": {"type": "LogFloats", "path": ["monitoring", "f6467f4f", "memory"], "values": [{"value": 17.004417419433594, "step": null, "ts": 1696870515.8508122}]}, "version": 66}
{"obj": {"type": "LogFloats", "path": ["monitoring", "f6467f4f", "gpu"], "values": [{"value": 31.0, "step": null, "ts": 1696870515.8508122}]}, "version": 67}
{"obj": {"type": "LogFloats", "path": ["monitoring", "f6467f4f", "gpu_memory"], "values": [{"value": 1.80438232421875, "step": null, "ts": 1696870515.8508122}]}, "version": 68}
{"obj": {"type": "LogStrings", "path": ["monitoring", "f6467f4f", "stdout"], "values": [{"value": "Done!\n", "step": null, "ts": 1696870516.1467557}]}, "version": 69}
{"obj": {"type": "LogStrings", "path": ["monitoring", "f6467f4f", "stdout"], "values": [{"value": "Waiting for the remaining 39 operations to synchronize with Neptune. Do not kill this process.\n", "step": null, "ts": 1696870516.151755}]}, "version": 70}
{"obj": {"type": "LogStrings", "path": ["monitoring", "f6467f4f", "stdout"], "values": [{"value": "All 39 operations synced, thanks for waiting!\n", "step": null, "ts": 1696870516.4327745}]}, "version": 71}
{"obj": {"type": "LogStrings", "path": ["monitoring", "f6467f4f", "stdout"], "values": [{"value": "Explore the metadata in the Neptune app:\n", "step": null, "ts": 1696870516.4367747}]}, "version": 72}
{"obj": {"type": "LogStrings", "path": ["monitoring", "f6467f4f", "stdout"], "values": [{"value": "https://app.neptune.ai/wildbine/linear-regression/e/LIN-352/metadata\n", "step": null, "ts": 1696870516.4378438}]}, "version": 73}
{"obj": {"type": "LogStrings", "path": ["monitoring", "f6467f4f", "stdout"], "values": [{"value": "Shutting down background jobs, please wait a moment...\n", "step": null, "ts": 1696870516.4397748}]}, "version": 74}
{"obj": {"type": "LogStrings", "path": ["monitoring", "f6467f4f", "stdout"], "values": [{"value": "Done!\n", "step": null, "ts": 1696870516.6117766}]}, "version": 75}
{"obj": {"type": "LogStrings", "path": ["monitoring", "f6467f4f", "stdout"], "values": [{"value": "Waiting for the remaining 26 operations to synchronize with Neptune. Do not kill this process.\n", "step": null, "ts": 1696870516.617776}]}, "version": 76}
{"obj": {"type": "LogStrings", "path": ["monitoring", "f6467f4f", "stdout"], "values": [{"value": "All 26 operations synced, thanks for waiting!\n", "step": null, "ts": 1696870516.9043214}]}, "version": 77}
{"obj": {"type": "LogStrings", "path": ["monitoring", "f6467f4f", "stdout"], "values": [{"value": "Explore the metadata in the Neptune app:\n", "step": null, "ts": 1696870516.9063215}]}, "version": 78}
{"obj": {"type": "LogStrings", "path": ["monitoring", "f6467f4f", "stdout"], "values": [{"value": "https://app.neptune.ai/wildbine/linear-regression/e/LIN-351/metadata\n", "step": null, "ts": 1696870516.9083214}]}, "version": 79}
{"obj": {"type": "LogStrings", "path": ["monitoring", "f6467f4f", "stdout"], "values": [{"value": "Shutting down background jobs, please wait a moment...\n", "step": null, "ts": 1696870516.9083214}]}, "version": 80}
{"obj": {"type": "LogStrings", "path": ["monitoring", "f6467f4f", "stdout"], "values": [{"value": "Done!\n", "step": null, "ts": 1696870517.1353257}]}, "version": 81}
{"obj": {"type": "LogStrings", "path": ["monitoring", "f6467f4f", "stdout"], "values": [{"value": "Waiting for the remaining 45 operations to synchronize with Neptune. Do not kill this process.\n", "step": null, "ts": 1696870517.1393251}]}, "version": 82}
{"obj": {"type": "LogStrings", "path": ["monitoring", "f6467f4f", "stdout"], "values": [{"value": "All 45 operations synced, thanks for waiting!\n", "step": null, "ts": 1696870517.4543633}]}, "version": 83}
{"obj": {"type": "LogStrings", "path": ["monitoring", "f6467f4f", "stdout"], "values": [{"value": "Explore the metadata in the Neptune app:\n", "step": null, "ts": 1696870517.4593625}]}, "version": 84}
{"obj": {"type": "LogStrings", "path": ["monitoring", "f6467f4f", "stdout"], "values": [{"value": "https://app.neptune.ai/wildbine/linear-regression/e/LIN-350/metadata\n", "step": null, "ts": 1696870517.4603631}]}, "version": 85}
{"obj": {"type": "LogStrings", "path": ["monitoring", "f6467f4f", "stdout"], "values": [{"value": "Shutting down background jobs, please wait a moment...\n", "step": null, "ts": 1696870517.4613633}]}, "version": 86}
{"obj": {"type": "LogStrings", "path": ["monitoring", "f6467f4f", "stdout"], "values": [{"value": "Done!\n", "step": null, "ts": 1696870517.6253679}]}, "version": 87}
{"obj": {"type": "LogStrings", "path": ["monitoring", "f6467f4f", "stdout"], "values": [{"value": "Waiting for the remaining 40 operations to synchronize with Neptune. Do not kill this process.\n", "step": null, "ts": 1696870517.6273682}]}, "version": 88}
{"obj": {"type": "LogStrings", "path": ["monitoring", "f6467f4f", "stdout"], "values": [{"value": "All 40 operations synced, thanks for waiting!\n", "step": null, "ts": 1696870517.9773796}]}, "version": 89}
{"obj": {"type": "LogStrings", "path": ["monitoring", "f6467f4f", "stdout"], "values": [{"value": "Explore the metadata in the Neptune app:\n", "step": null, "ts": 1696870517.9813795}]}, "version": 90}
{"obj": {"type": "LogStrings", "path": ["monitoring", "f6467f4f", "stdout"], "values": [{"value": "https://app.neptune.ai/wildbine/linear-regression/e/LIN-349/metadata\n", "step": null, "ts": 1696870517.9823794}]}, "version": 91}
{"obj": {"type": "LogStrings", "path": ["monitoring", "f6467f4f", "stdout"], "values": [{"value": "Shutting down background jobs, please wait a moment...\n", "step": null, "ts": 1696870517.9843788}]}, "version": 92}
{"obj": {"type": "LogStrings", "path": ["monitoring", "f6467f4f", "stdout"], "values": [{"value": "Done!\n", "step": null, "ts": 1696870518.1015236}]}, "version": 93}
{"obj": {"type": "LogStrings", "path": ["monitoring", "f6467f4f", "stdout"], "values": [{"value": "Waiting for the remaining 55 operations to synchronize with Neptune. Do not kill this process.\n", "step": null, "ts": 1696870518.1045232}]}, "version": 94}
{"obj": {"type": "LogStrings", "path": ["monitoring", "f6467f4f", "stdout"], "values": [{"value": "All 55 operations synced, thanks for waiting!\n", "step": null, "ts": 1696870518.4155335}]}, "version": 95}
{"obj": {"type": "LogStrings", "path": ["monitoring", "f6467f4f", "stdout"], "values": [{"value": "Explore the metadata in the Neptune app:\n", "step": null, "ts": 1696870518.4165335}]}, "version": 96}
{"obj": {"type": "LogStrings", "path": ["monitoring", "f6467f4f", "stdout"], "values": [{"value": "https://app.neptune.ai/wildbine/linear-regression/e/LIN-348/metadata\n", "step": null, "ts": 1696870518.419534}]}, "version": 97}
{"obj": {"type": "LogStrings", "path": ["monitoring", "f6467f4f", "stdout"], "values": [{"value": "Shutting down background jobs, please wait a moment...\n", "step": null, "ts": 1696870518.4205341}]}, "version": 98}
{"obj": {"type": "LogStrings", "path": ["monitoring", "f6467f4f", "stdout"], "values": [{"value": "Done!\n", "step": null, "ts": 1696870518.5792186}]}, "version": 99}
{"obj": {"type": "LogStrings", "path": ["monitoring", "f6467f4f", "stdout"], "values": [{"value": "Waiting for the remaining 6 operations to synchronize with Neptune. Do not kill this process.\n", "step": null, "ts": 1696870518.583218}]}, "version": 100}
{"obj": {"type": "LogStrings", "path": ["monitoring", "f6467f4f", "stdout"], "values": [{"value": "All 6 operations synced, thanks for waiting!\n", "step": null, "ts": 1696870518.7542381}]}, "version": 101}
{"obj": {"type": "LogStrings", "path": ["monitoring", "f6467f4f", "stdout"], "values": [{"value": "Explore the metadata in the Neptune app:\n", "step": null, "ts": 1696870518.7582383}]}, "version": 102}
{"obj": {"type": "LogStrings", "path": ["monitoring", "f6467f4f", "stdout"], "values": [{"value": "https://app.neptune.ai/wildbine/linear-regression/e/LIN-347/metadata\n", "step": null, "ts": 1696870518.7602382}]}, "version": 103}
{"obj": {"type": "LogStrings", "path": ["monitoring", "f6467f4f", "stdout"], "values": [{"value": "Shutting down background jobs, please wait a moment...\n", "step": null, "ts": 1696870518.761238}]}, "version": 104}
{"obj": {"type": "LogStrings", "path": ["monitoring", "f6467f4f", "stdout"], "values": [{"value": "Done!\n", "step": null, "ts": 1696870518.9742587}]}, "version": 105}
{"obj": {"type": "LogStrings", "path": ["monitoring", "f6467f4f", "stdout"], "values": [{"value": "Waiting for the remaining 18 operations to synchronize with Neptune. Do not kill this process.\n", "step": null, "ts": 1696870518.9752584}]}, "version": 106}
{"obj": {"type": "LogStrings", "path": ["monitoring", "f6467f4f", "stdout"], "values": [{"value": "All 18 operations synced, thanks for waiting!\n", "step": null, "ts": 1696870519.1612113}]}, "version": 107}
{"obj": {"type": "LogStrings", "path": ["monitoring", "f6467f4f", "stdout"], "values": [{"value": "Explore the metadata in the Neptune app:\n", "step": null, "ts": 1696870519.1642122}]}, "version": 108}
{"obj": {"type": "LogStrings", "path": ["monitoring", "f6467f4f", "stdout"], "values": [{"value": "https://app.neptune.ai/wildbine/linear-regression/e/LIN-346/metadata\n", "step": null, "ts": 1696870519.166212}]}, "version": 109}
{"obj": {"type": "LogStrings", "path": ["monitoring", "f6467f4f", "stdout"], "values": [{"value": "Shutting down background jobs, please wait a moment...\n", "step": null, "ts": 1696870519.1682115}]}, "version": 110}
{"obj": {"type": "LogStrings", "path": ["monitoring", "f6467f4f", "stdout"], "values": [{"value": "Done!\n", "step": null, "ts": 1696870519.3266578}]}, "version": 111}
{"obj": {"type": "LogStrings", "path": ["monitoring", "f6467f4f", "stdout"], "values": [{"value": "Waiting for the remaining 30 operations to synchronize with Neptune. Do not kill this process.\n", "step": null, "ts": 1696870519.3326578}]}, "version": 112}
{"obj": {"type": "LogStrings", "path": ["monitoring", "f6467f4f", "stdout"], "values": [{"value": "All 30 operations synced, thanks for waiting!\n", "step": null, "ts": 1696870519.4956567}]}, "version": 113}
{"obj": {"type": "LogStrings", "path": ["monitoring", "f6467f4f", "stdout"], "values": [{"value": "Explore the metadata in the Neptune app:\n", "step": null, "ts": 1696870519.4986567}]}, "version": 114}
{"obj": {"type": "LogStrings", "path": ["monitoring", "f6467f4f", "stdout"], "values": [{"value": "https://app.neptune.ai/wildbine/linear-regression/e/LIN-345/metadata\n", "step": null, "ts": 1696870519.4996572}]}, "version": 115}
{"obj": {"type": "LogStrings", "path": ["monitoring", "f6467f4f", "stdout"], "values": [{"value": "Shutting down background jobs, please wait a moment...\n", "step": null, "ts": 1696870519.500658}]}, "version": 116}
{"obj": {"type": "LogStrings", "path": ["monitoring", "f6467f4f", "stdout"], "values": [{"value": "Done!\n", "step": null, "ts": 1696870519.6886568}]}, "version": 117}
{"obj": {"type": "LogStrings", "path": ["monitoring", "f6467f4f", "stdout"], "values": [{"value": "Waiting for the remaining 46 operations to synchronize with Neptune. Do not kill this process.\n", "step": null, "ts": 1696870519.6926582}]}, "version": 118}
{"obj": {"type": "LogStrings", "path": ["monitoring", "f6467f4f", "stdout"], "values": [{"value": "All 46 operations synced, thanks for waiting!\n", "step": null, "ts": 1696870519.8754025}]}, "version": 119}
{"obj": {"type": "LogStrings", "path": ["monitoring", "f6467f4f", "stdout"], "values": [{"value": "Explore the metadata in the Neptune app:\n", "step": null, "ts": 1696870519.8784015}]}, "version": 120}
{"obj": {"type": "LogStrings", "path": ["monitoring", "f6467f4f", "stdout"], "values": [{"value": "https://app.neptune.ai/wildbine/linear-regression/e/LIN-344/metadata\n", "step": null, "ts": 1696870519.8804016}]}, "version": 121}
{"obj": {"type": "LogStrings", "path": ["monitoring", "f6467f4f", "stdout"], "values": [{"value": "Shutting down background jobs, please wait a moment...\n", "step": null, "ts": 1696870519.8814633}]}, "version": 122}
{"obj": {"type": "LogStrings", "path": ["monitoring", "f6467f4f", "stdout"], "values": [{"value": "Done!\n", "step": null, "ts": 1696870520.062407}]}, "version": 123}
{"obj": {"type": "LogStrings", "path": ["monitoring", "f6467f4f", "stdout"], "values": [{"value": "Waiting for the remaining 58 operations to synchronize with Neptune. Do not kill this process.\n", "step": null, "ts": 1696870520.0634072}]}, "version": 124}
{"obj": {"type": "LogStrings", "path": ["monitoring", "f6467f4f", "stdout"], "values": [{"value": "All 58 operations synced, thanks for waiting!\n", "step": null, "ts": 1696870520.2564201}]}, "version": 125}
{"obj": {"type": "LogStrings", "path": ["monitoring", "f6467f4f", "stdout"], "values": [{"value": "Explore the metadata in the Neptune app:\n", "step": null, "ts": 1696870520.2594204}]}, "version": 126}
{"obj": {"type": "LogStrings", "path": ["monitoring", "f6467f4f", "stdout"], "values": [{"value": "https://app.neptune.ai/wildbine/linear-regression/e/LIN-343/metadata\n", "step": null, "ts": 1696870520.26142}]}, "version": 127}
{"obj": {"type": "LogStrings", "path": ["monitoring", "f6467f4f", "stdout"], "values": [{"value": "Shutting down background jobs, please wait a moment...\n", "step": null, "ts": 1696870520.2624202}]}, "version": 128}
{"obj": {"type": "LogStrings", "path": ["monitoring", "f6467f4f", "stdout"], "values": [{"value": "Done!\n", "step": null, "ts": 1696870520.3794198}]}, "version": 129}
{"obj": {"type": "LogStrings", "path": ["monitoring", "f6467f4f", "stdout"], "values": [{"value": "Waiting for the remaining 66 operations to synchronize with Neptune. Do not kill this process.\n", "step": null, "ts": 1696870520.3814194}]}, "version": 130}
{"obj": {"type": "LogStrings", "path": ["monitoring", "f6467f4f", "stdout"], "values": [{"value": "All 66 operations synced, thanks for waiting!\n", "step": null, "ts": 1696870520.659049}]}, "version": 131}
{"obj": {"type": "LogStrings", "path": ["monitoring", "f6467f4f", "stdout"], "values": [{"value": "Explore the metadata in the Neptune app:\n", "step": null, "ts": 1696870520.6610475}]}, "version": 132}
{"obj": {"type": "LogStrings", "path": ["monitoring", "f6467f4f", "stdout"], "values": [{"value": "https://app.neptune.ai/wildbine/linear-regression/e/LIN-342/metadata\n", "step": null, "ts": 1696870520.6630473}]}, "version": 133}
{"obj": {"type": "LogStrings", "path": ["monitoring", "f6467f4f", "stdout"], "values": [{"value": "Shutting down background jobs, please wait a moment...\n", "step": null, "ts": 1696870520.6640477}]}, "version": 134}
{"obj": {"type": "LogStrings", "path": ["monitoring", "f6467f4f", "stdout"], "values": [{"value": "Done!\n", "step": null, "ts": 1696870520.832053}]}, "version": 135}
{"obj": {"type": "LogStrings", "path": ["monitoring", "f6467f4f", "stdout"], "values": [{"value": "Waiting for the remaining 16 operations to synchronize with Neptune. Do not kill this process.\n", "step": null, "ts": 1696870520.8330524}]}, "version": 136}
{"obj": {"type": "LogStrings", "path": ["monitoring", "f6467f4f", "stdout"], "values": [{"value": "All 16 operations synced, thanks for waiting!\n", "step": null, "ts": 1696870521.0010526}]}, "version": 137}
{"obj": {"type": "LogStrings", "path": ["monitoring", "f6467f4f", "stdout"], "values": [{"value": "Explore the metadata in the Neptune app:\n", "step": null, "ts": 1696870521.0040526}]}, "version": 138}
{"obj": {"type": "LogStrings", "path": ["monitoring", "f6467f4f", "stdout"], "values": [{"value": "https://app.neptune.ai/wildbine/linear-regression/e/LIN-341/metadata\n", "step": null, "ts": 1696870521.006052}]}, "version": 139}
{"obj": {"type": "LogStrings", "path": ["monitoring", "f6467f4f", "stdout"], "values": [{"value": "Shutting down background jobs, please wait a moment...\n", "step": null, "ts": 1696870521.0070536}]}, "version": 140}
{"obj": {"type": "LogStrings", "path": ["monitoring", "f6467f4f", "stdout"], "values": [{"value": "Done!\n", "step": null, "ts": 1696870521.1250517}]}, "version": 141}
{"obj": {"type": "LogStrings", "path": ["monitoring", "f6467f4f", "stdout"], "values": [{"value": "Waiting for the remaining 34 operations to synchronize with Neptune. Do not kill this process.\n", "step": null, "ts": 1696870521.129052}]}, "version": 142}
{"obj": {"type": "LogStrings", "path": ["monitoring", "f6467f4f", "stdout"], "values": [{"value": "All 34 operations synced, thanks for waiting!\n", "step": null, "ts": 1696870521.3660517}]}, "version": 143}
{"obj": {"type": "LogStrings", "path": ["monitoring", "f6467f4f", "stdout"], "values": [{"value": "Explore the metadata in the Neptune app:\n", "step": null, "ts": 1696870521.369052}]}, "version": 144}
{"obj": {"type": "LogStrings", "path": ["monitoring", "f6467f4f", "stdout"], "values": [{"value": "https://app.neptune.ai/wildbine/linear-regression/e/LIN-340/metadata\n", "step": null, "ts": 1696870521.371051}]}, "version": 145}
{"obj": {"type": "LogStrings", "path": ["monitoring", "f6467f4f", "stdout"], "values": [{"value": "Shutting down background jobs, please wait a moment...\n", "step": null, "ts": 1696870521.373052}]}, "version": 146}
{"obj": {"type": "LogStrings", "path": ["monitoring", "f6467f4f", "stdout"], "values": [{"value": "Done!\n", "step": null, "ts": 1696870521.6180522}]}, "version": 147}
{"obj": {"type": "LogStrings", "path": ["monitoring", "f6467f4f", "stdout"], "values": [{"value": "Waiting for the remaining 52 operations to synchronize with Neptune. Do not kill this process.\n", "step": null, "ts": 1696870521.619051}]}, "version": 148}
{"obj": {"type": "LogStrings", "path": ["monitoring", "f6467f4f", "stdout"], "values": [{"value": "All 52 operations synced, thanks for waiting!\n", "step": null, "ts": 1696870521.7980504}]}, "version": 149}
{"obj": {"type": "LogStrings", "path": ["monitoring", "f6467f4f", "stdout"], "values": [{"value": "Explore the metadata in the Neptune app:\n", "step": null, "ts": 1696870521.8010502}]}, "version": 150}
{"obj": {"type": "LogStrings", "path": ["monitoring", "f6467f4f", "stdout"], "values": [{"value": "https://app.neptune.ai/wildbine/linear-regression/e/LIN-339/metadata\n", "step": null, "ts": 1696870521.8020506}]}, "version": 151}
{"obj": {"type": "LogStrings", "path": ["monitoring", "f6467f4f", "stdout"], "values": [{"value": "Shutting down background jobs, please wait a moment...\n", "step": null, "ts": 1696870521.80305}]}, "version": 152}
{"obj": {"type": "LogStrings", "path": ["monitoring", "f6467f4f", "stdout"], "values": [{"value": "Done!\n", "step": null, "ts": 1696870522.0070617}]}, "version": 153}
{"obj": {"type": "LogStrings", "path": ["monitoring", "f6467f4f", "stdout"], "values": [{"value": "Waiting for the remaining 64 operations to synchronize with Neptune. Do not kill this process.\n", "step": null, "ts": 1696870522.0080614}]}, "version": 154}
{"obj": {"type": "LogStrings", "path": ["monitoring", "f6467f4f", "stdout"], "values": [{"value": "All 64 operations synced, thanks for waiting!\n", "step": null, "ts": 1696870522.2850616}]}, "version": 155}
{"obj": {"type": "LogStrings", "path": ["monitoring", "f6467f4f", "stdout"], "values": [{"value": "Explore the metadata in the Neptune app:\n", "step": null, "ts": 1696870522.287062}]}, "version": 156}
{"obj": {"type": "LogStrings", "path": ["monitoring", "f6467f4f", "stdout"], "values": [{"value": "https://app.neptune.ai/wildbine/linear-regression/e/LIN-338/metadata\n", "step": null, "ts": 1696870522.2880619}]}, "version": 157}
{"obj": {"type": "LogStrings", "path": ["monitoring", "f6467f4f", "stdout"], "values": [{"value": "Shutting down background jobs, please wait a moment...\n", "step": null, "ts": 1696870522.2880619}]}, "version": 158}
{"obj": {"type": "LogStrings", "path": ["monitoring", "f6467f4f", "stdout"], "values": [{"value": "Done!\n", "step": null, "ts": 1696870522.4040735}]}, "version": 159}
{"obj": {"type": "LogStrings", "path": ["monitoring", "f6467f4f", "stdout"], "values": [{"value": "Waiting for the remaining 76 operations to synchronize with Neptune. Do not kill this process.\n", "step": null, "ts": 1696870522.406062}]}, "version": 160}
{"obj": {"type": "LogStrings", "path": ["monitoring", "f6467f4f", "stdout"], "values": [{"value": "All 76 operations synced, thanks for waiting!\n", "step": null, "ts": 1696870522.6230605}]}, "version": 161}
{"obj": {"type": "LogStrings", "path": ["monitoring", "f6467f4f", "stdout"], "values": [{"value": "Explore the metadata in the Neptune app:\n", "step": null, "ts": 1696870522.6250598}]}, "version": 162}
{"obj": {"type": "LogStrings", "path": ["monitoring", "f6467f4f", "stdout"], "values": [{"value": "https://app.neptune.ai/wildbine/linear-regression/e/LIN-337/metadata\n", "step": null, "ts": 1696870522.6250598}]}, "version": 163}
{"obj": {"type": "LogStrings", "path": ["monitoring", "f6467f4f", "stdout"], "values": [{"value": "Shutting down background jobs, please wait a moment...\n", "step": null, "ts": 1696870522.6260598}]}, "version": 164}
{"obj": {"type": "LogStrings", "path": ["monitoring", "f6467f4f", "stdout"], "values": [{"value": "Done!\n", "step": null, "ts": 1696870522.7490716}]}, "version": 165}
{"obj": {"type": "LogStrings", "path": ["monitoring", "f6467f4f", "stdout"], "values": [{"value": "Waiting for the remaining 18 operations to synchronize with Neptune. Do not kill this process.\n", "step": null, "ts": 1696870522.752071}]}, "version": 166}
{"obj": {"type": "LogStrings", "path": ["monitoring", "f6467f4f", "stdout"], "values": [{"value": "All 18 operations synced, thanks for waiting!\n", "step": null, "ts": 1696870522.9190743}]}, "version": 167}
{"obj": {"type": "LogStrings", "path": ["monitoring", "f6467f4f", "stdout"], "values": [{"value": "Explore the metadata in the Neptune app:\n", "step": null, "ts": 1696870522.921074}]}, "version": 168}
{"obj": {"type": "LogStrings", "path": ["monitoring", "f6467f4f", "stdout"], "values": [{"value": "https://app.neptune.ai/wildbine/linear-regression/e/LIN-336/metadata\n", "step": null, "ts": 1696870522.9220736}]}, "version": 169}
{"obj": {"type": "LogStrings", "path": ["monitoring", "f6467f4f", "stdout"], "values": [{"value": "Shutting down background jobs, please wait a moment...\n", "step": null, "ts": 1696870522.923074}]}, "version": 170}
