{"obj": {"type": "AssignString", "path": ["sys", "name"], "value": "Reg0.09153488863066217_LR0.00924926515680852_FuncHash405b22"}, "version": 1}
{"obj": {"type": "AssignString", "path": ["sys", "description"], "value": ""}, "version": 2}
{"obj": {"type": "AssignString", "path": ["monitoring", "f6467f4f", "hostname"], "value": "DESKTOP-F0FFPV5"}, "version": 3}
{"obj": {"type": "AssignString", "path": ["sys", "hostname"], "value": "DESKTOP-F0FFPV5"}, "version": 4}
{"obj": {"type": "AssignString", "path": ["monitoring", "f6467f4f", "pid"], "value": "18780"}, "version": 5}
{"obj": {"type": "AssignString", "path": ["monitoring", "f6467f4f", "tid"], "value": "25076"}, "version": 6}
{"obj": {"type": "AssignBool", "path": ["sys", "failed"], "value": false}, "version": 7}
{"obj": {"type": "ClearStringLog", "path": ["monitoring", "f6467f4f", "stdout"]}, "version": 8}
{"obj": {"type": "ClearStringLog", "path": ["monitoring", "f6467f4f", "stderr"]}, "version": 9}
{"obj": {"type": "AssignString", "path": ["source_code", "entrypoint"], "value": "execute.py"}, "version": 10}
{"obj": {"type": "UploadFileSet", "path": ["source_code", "files"], "file_globs": ["D:\\PyCharmProjects\\pyProjects\\mllib_f2023-master\\execute.py"], "reset": "False"}, "version": 11}
{"obj": {"type": "UploadFile", "path": ["source_code", "diff"], "ext": "patch", "file_path": null, "tmp_file_name": "source_code_diff-1696870499.367313-2023-10-09_19.54.59.367313.patch", "clean_after_upload": false}, "version": 12}
{"obj": {"type": "ConfigFloatSeries", "path": ["monitoring", "f6467f4f", "cpu"], "min": 0.0, "max": 100.0, "unit": "%"}, "version": 13}
{"obj": {"type": "ClearFloatLog", "path": ["monitoring", "f6467f4f", "cpu"]}, "version": 14}
{"obj": {"type": "ConfigFloatSeries", "path": ["monitoring", "f6467f4f", "memory"], "min": 0.0, "max": 31.85687255859375, "unit": "GB"}, "version": 15}
{"obj": {"type": "ClearFloatLog", "path": ["monitoring", "f6467f4f", "memory"]}, "version": 16}
{"obj": {"type": "ConfigFloatSeries", "path": ["monitoring", "f6467f4f", "gpu"], "min": 0.0, "max": 100.0, "unit": "%"}, "version": 17}
{"obj": {"type": "ClearFloatLog", "path": ["monitoring", "f6467f4f", "gpu"]}, "version": 18}
{"obj": {"type": "ConfigFloatSeries", "path": ["monitoring", "f6467f4f", "gpu_memory"], "min": 0.0, "max": 8.0, "unit": "GB"}, "version": 19}
{"obj": {"type": "ClearFloatLog", "path": ["monitoring", "f6467f4f", "gpu_memory"]}, "version": 20}
{"obj": {"type": "AssignString", "path": ["hyperparameters", "base_function"], "value": "log_func = lambda x: np.log(x)\ncos_func = lambda x: np.cos(x)\nexp_func = lambda x: np.exp(x)"}, "version": 21}
{"obj": {"type": "AssignFloat", "path": ["hyperparameters", "regularisation_coefficient"], "value": 0.09153488863066217}, "version": 22}
{"obj": {"type": "AssignFloat", "path": ["hyperparameters", "learning_rate"], "value": 0.00924926515680852}, "version": 23}
{"obj": {"type": "LogFloats", "path": ["monitoring", "f6467f4f", "cpu"], "values": [{"value": 6.1, "step": null, "ts": 1696870499.375314}]}, "version": 24}
{"obj": {"type": "LogFloats", "path": ["monitoring", "f6467f4f", "memory"], "values": [{"value": 16.9566650390625, "step": null, "ts": 1696870499.375314}]}, "version": 25}
{"obj": {"type": "LogFloats", "path": ["train", "mse"], "values": [{"value": 10.308753110474761, "step": null, "ts": 1696870499.3853133}]}, "version": 26}
{"obj": {"type": "LogFloats", "path": ["monitoring", "f6467f4f", "gpu"], "values": [{"value": 27.0, "step": null, "ts": 1696870499.375314}]}, "version": 27}
{"obj": {"type": "LogFloats", "path": ["train", "cost_function"], "values": [{"value": 10.772711487611609, "step": null, "ts": 1696870499.3863137}]}, "version": 28}
{"obj": {"type": "LogFloats", "path": ["monitoring", "f6467f4f", "gpu_memory"], "values": [{"value": 1.80438232421875, "step": null, "ts": 1696870499.375314}]}, "version": 29}
{"obj": {"type": "LogFloats", "path": ["train", "mse"], "values": [{"value": 2.0614257727921457, "step": null, "ts": 1696870499.3893132}]}, "version": 30}
{"obj": {"type": "LogFloats", "path": ["train", "cost_function"], "values": [{"value": 2.386580646589366, "step": null, "ts": 1696870499.3893132}]}, "version": 31}
{"obj": {"type": "LogFloats", "path": ["train", "mse"], "values": [{"value": 1.246786882249431, "step": null, "ts": 1696870499.3923132}]}, "version": 32}
{"obj": {"type": "LogFloats", "path": ["train", "cost_function"], "values": [{"value": 1.5498507383199935, "step": null, "ts": 1696870499.3923132}]}, "version": 33}
{"obj": {"type": "LogFloats", "path": ["train", "mse"], "values": [{"value": 1.158820138401789, "step": null, "ts": 1696870499.3953135}]}, "version": 34}
{"obj": {"type": "LogFloats", "path": ["train", "cost_function"], "values": [{"value": 1.4521312243017939, "step": null, "ts": 1696870499.3953135}]}, "version": 35}
{"obj": {"type": "LogFloats", "path": ["train", "mse"], "values": [{"value": 1.1449686794415643, "step": null, "ts": 1696870499.3973134}]}, "version": 36}
{"obj": {"type": "LogFloats", "path": ["train", "cost_function"], "values": [{"value": 1.4305830760922353, "step": null, "ts": 1696870499.3973134}]}, "version": 37}
{"obj": {"type": "LogFloats", "path": ["train", "mse"], "values": [{"value": 1.140458250835538, "step": null, "ts": 1696870499.4003134}]}, "version": 38}
{"obj": {"type": "LogFloats", "path": ["train", "cost_function"], "values": [{"value": 1.4192892857987416, "step": null, "ts": 1696870499.4003134}]}, "version": 39}
{"obj": {"type": "AssignFloat", "path": ["final_metrics", "validation_mse"], "value": 1.1398873742546605}, "version": 40}
{"obj": {"type": "LogFloats", "path": ["valid", "mse"], "values": [{"value": 0.9920185667074172, "step": null, "ts": 1696870499.4033134}]}, "version": 41}
{"obj": {"type": "LogFloats", "path": ["valid", "cost_function"], "values": [{"value": 1.2695795694136183, "step": null, "ts": 1696870499.404314}]}, "version": 42}
{"obj": {"type": "LogStrings", "path": ["monitoring", "f6467f4f", "stdout"], "values": [{"value": "https://app.neptune.ai/wildbine/linear-regression/e/LIN-328\n", "step": null, "ts": 1696870499.9961717}]}, "version": 43}
{"obj": {"type": "LogStrings", "path": ["monitoring", "f6467f4f", "stdout"], "values": [{"value": "https://app.neptune.ai/wildbine/linear-regression/e/LIN-329\n", "step": null, "ts": 1696870500.6472893}]}, "version": 44}
{"obj": {"type": "LogStrings", "path": ["monitoring", "f6467f4f", "stdout"], "values": [{"value": "https://app.neptune.ai/wildbine/linear-regression/e/LIN-330\n", "step": null, "ts": 1696870501.3642106}]}, "version": 45}
{"obj": {"type": "LogStrings", "path": ["monitoring", "f6467f4f", "stdout"], "values": [{"value": "https://app.neptune.ai/wildbine/linear-regression/e/LIN-331\n", "step": null, "ts": 1696870502.0194213}]}, "version": 46}
{"obj": {"type": "LogStrings", "path": ["monitoring", "f6467f4f", "stdout"], "values": [{"value": "https://app.neptune.ai/wildbine/linear-regression/e/LIN-332\n", "step": null, "ts": 1696870502.6080818}]}, "version": 47}
{"obj": {"type": "LogStrings", "path": ["monitoring", "f6467f4f", "stdout"], "values": [{"value": "https://app.neptune.ai/wildbine/linear-regression/e/LIN-333\n", "step": null, "ts": 1696870503.27162}]}, "version": 48}
{"obj": {"type": "LogStrings", "path": ["monitoring", "f6467f4f", "stdout"], "values": [{"value": "https://app.neptune.ai/wildbine/linear-regression/e/LIN-334\n", "step": null, "ts": 1696870503.9172347}]}, "version": 49}
{"obj": {"type": "LogStrings", "path": ["monitoring", "f6467f4f", "stdout"], "values": [{"value": "https://app.neptune.ai/wildbine/linear-regression/e/LIN-335\n", "step": null, "ts": 1696870504.5387018}]}, "version": 50}
{"obj": {"type": "LogStrings", "path": ["monitoring", "f6467f4f", "stdout"], "values": [{"value": "https://app.neptune.ai/wildbine/linear-regression/e/LIN-336\n", "step": null, "ts": 1696870505.1967525}]}, "version": 51}
{"obj": {"type": "LogStrings", "path": ["monitoring", "f6467f4f", "stdout"], "values": [{"value": "https://app.neptune.ai/wildbine/linear-regression/e/LIN-337\n", "step": null, "ts": 1696870506.2172315}]}, "version": 52}
{"obj": {"type": "LogStrings", "path": ["monitoring", "f6467f4f", "stdout"], "values": [{"value": "https://app.neptune.ai/wildbine/linear-regression/e/LIN-338\n", "step": null, "ts": 1696870506.8522663}]}, "version": 53}
{"obj": {"type": "LogStrings", "path": ["monitoring", "f6467f4f", "stdout"], "values": [{"value": "https://app.neptune.ai/wildbine/linear-regression/e/LIN-339\n", "step": null, "ts": 1696870507.5198767}]}, "version": 54}
{"obj": {"type": "LogStrings", "path": ["monitoring", "f6467f4f", "stdout"], "values": [{"value": "https://app.neptune.ai/wildbine/linear-regression/e/LIN-340\n", "step": null, "ts": 1696870508.1085875}]}, "version": 55}
{"obj": {"type": "LogStrings", "path": ["monitoring", "f6467f4f", "stdout"], "values": [{"value": "https://app.neptune.ai/wildbine/linear-regression/e/LIN-341\n", "step": null, "ts": 1696870508.8425221}]}, "version": 56}
{"obj": {"type": "LogFloats", "path": ["monitoring", "f6467f4f", "cpu"], "values": [{"value": 8.5, "step": null, "ts": 1696870509.3911695}]}, "version": 57}
{"obj": {"type": "LogFloats", "path": ["monitoring", "f6467f4f", "memory"], "values": [{"value": 16.987159729003906, "step": null, "ts": 1696870509.3911695}]}, "version": 58}
{"obj": {"type": "LogFloats", "path": ["monitoring", "f6467f4f", "gpu"], "values": [{"value": 31.0, "step": null, "ts": 1696870509.3911695}]}, "version": 59}
{"obj": {"type": "LogFloats", "path": ["monitoring", "f6467f4f", "gpu_memory"], "values": [{"value": 1.80438232421875, "step": null, "ts": 1696870509.3911695}]}, "version": 60}
{"obj": {"type": "LogStrings", "path": ["monitoring", "f6467f4f", "stdout"], "values": [{"value": "https://app.neptune.ai/wildbine/linear-regression/e/LIN-342\n", "step": null, "ts": 1696870509.4581687}]}, "version": 61}
{"obj": {"type": "LogStrings", "path": ["monitoring", "f6467f4f", "stdout"], "values": [{"value": "https://app.neptune.ai/wildbine/linear-regression/e/LIN-343\n", "step": null, "ts": 1696870510.0198777}]}, "version": 62}
{"obj": {"type": "LogStrings", "path": ["monitoring", "f6467f4f", "stdout"], "values": [{"value": "https://app.neptune.ai/wildbine/linear-regression/e/LIN-344\n", "step": null, "ts": 1696870510.652141}]}, "version": 63}
{"obj": {"type": "LogStrings", "path": ["monitoring", "f6467f4f", "stdout"], "values": [{"value": "https://app.neptune.ai/wildbine/linear-regression/e/LIN-345\n", "step": null, "ts": 1696870511.3043766}]}, "version": 64}
{"obj": {"type": "LogStrings", "path": ["monitoring", "f6467f4f", "stdout"], "values": [{"value": "https://app.neptune.ai/wildbine/linear-regression/e/LIN-346\n", "step": null, "ts": 1696870511.9023185}]}, "version": 65}
{"obj": {"type": "LogStrings", "path": ["monitoring", "f6467f4f", "stdout"], "values": [{"value": "https://app.neptune.ai/wildbine/linear-regression/e/LIN-347\n", "step": null, "ts": 1696870512.4592001}]}, "version": 66}
{"obj": {"type": "LogStrings", "path": ["monitoring", "f6467f4f", "stdout"], "values": [{"value": "https://app.neptune.ai/wildbine/linear-regression/e/LIN-348\n", "step": null, "ts": 1696870513.0515857}]}, "version": 67}
{"obj": {"type": "LogStrings", "path": ["monitoring", "f6467f4f", "stdout"], "values": [{"value": "https://app.neptune.ai/wildbine/linear-regression/e/LIN-349\n", "step": null, "ts": 1696870513.5925772}]}, "version": 68}
{"obj": {"type": "LogStrings", "path": ["monitoring", "f6467f4f", "stdout"], "values": [{"value": "https://app.neptune.ai/wildbine/linear-regression/e/LIN-350\n", "step": null, "ts": 1696870514.1578074}]}, "version": 69}
{"obj": {"type": "LogStrings", "path": ["monitoring", "f6467f4f", "stdout"], "values": [{"value": "https://app.neptune.ai/wildbine/linear-regression/e/LIN-351\n", "step": null, "ts": 1696870514.7627392}]}, "version": 70}
{"obj": {"type": "LogStrings", "path": ["monitoring", "f6467f4f", "stdout"], "values": [{"value": "https://app.neptune.ai/wildbine/linear-regression/e/LIN-352\n", "step": null, "ts": 1696870515.3975747}]}, "version": 71}
{"obj": {"type": "LogStrings", "path": ["monitoring", "f6467f4f", "stdout"], "values": [{"value": "Shutting down background jobs, please wait a moment...\n", "step": null, "ts": 1696870515.4405746}]}, "version": 72}
{"obj": {"type": "LogStrings", "path": ["monitoring", "f6467f4f", "stdout"], "values": [{"value": "Done!\n", "step": null, "ts": 1696870516.1487553}]}, "version": 73}
{"obj": {"type": "LogStrings", "path": ["monitoring", "f6467f4f", "stdout"], "values": [{"value": "Waiting for the remaining 39 operations to synchronize with Neptune. Do not kill this process.\n", "step": null, "ts": 1696870516.1527548}]}, "version": 74}
{"obj": {"type": "LogStrings", "path": ["monitoring", "f6467f4f", "stdout"], "values": [{"value": "All 39 operations synced, thanks for waiting!\n", "step": null, "ts": 1696870516.4327745}]}, "version": 75}
{"obj": {"type": "LogStrings", "path": ["monitoring", "f6467f4f", "stdout"], "values": [{"value": "Explore the metadata in the Neptune app:\n", "step": null, "ts": 1696870516.4367747}]}, "version": 76}
{"obj": {"type": "LogStrings", "path": ["monitoring", "f6467f4f", "stdout"], "values": [{"value": "https://app.neptune.ai/wildbine/linear-regression/e/LIN-352/metadata\n", "step": null, "ts": 1696870516.4387755}]}, "version": 77}
{"obj": {"type": "LogStrings", "path": ["monitoring", "f6467f4f", "stdout"], "values": [{"value": "Shutting down background jobs, please wait a moment...\n", "step": null, "ts": 1696870516.4397748}]}, "version": 78}
{"obj": {"type": "LogStrings", "path": ["monitoring", "f6467f4f", "stdout"], "values": [{"value": "Done!\n", "step": null, "ts": 1696870516.6117766}]}, "version": 79}
{"obj": {"type": "LogStrings", "path": ["monitoring", "f6467f4f", "stdout"], "values": [{"value": "Waiting for the remaining 26 operations to synchronize with Neptune. Do not kill this process.\n", "step": null, "ts": 1696870516.6167748}]}, "version": 80}
{"obj": {"type": "LogStrings", "path": ["monitoring", "f6467f4f", "stdout"], "values": [{"value": "All 26 operations synced, thanks for waiting!\n", "step": null, "ts": 1696870516.9033227}]}, "version": 81}
{"obj": {"type": "LogStrings", "path": ["monitoring", "f6467f4f", "stdout"], "values": [{"value": "Explore the metadata in the Neptune app:\n", "step": null, "ts": 1696870516.9063215}]}, "version": 82}
{"obj": {"type": "LogStrings", "path": ["monitoring", "f6467f4f", "stdout"], "values": [{"value": "https://app.neptune.ai/wildbine/linear-regression/e/LIN-351/metadata\n", "step": null, "ts": 1696870516.9073215}]}, "version": 83}
{"obj": {"type": "LogStrings", "path": ["monitoring", "f6467f4f", "stdout"], "values": [{"value": "Shutting down background jobs, please wait a moment...\n", "step": null, "ts": 1696870516.909322}]}, "version": 84}
{"obj": {"type": "LogStrings", "path": ["monitoring", "f6467f4f", "stdout"], "values": [{"value": "Done!\n", "step": null, "ts": 1696870517.1353257}]}, "version": 85}
{"obj": {"type": "LogStrings", "path": ["monitoring", "f6467f4f", "stdout"], "values": [{"value": "Waiting for the remaining 45 operations to synchronize with Neptune. Do not kill this process.\n", "step": null, "ts": 1696870517.140325}]}, "version": 86}
{"obj": {"type": "LogStrings", "path": ["monitoring", "f6467f4f", "stdout"], "values": [{"value": "All 45 operations synced, thanks for waiting!\n", "step": null, "ts": 1696870517.4553635}]}, "version": 87}
{"obj": {"type": "LogStrings", "path": ["monitoring", "f6467f4f", "stdout"], "values": [{"value": "Explore the metadata in the Neptune app:\n", "step": null, "ts": 1696870517.4583626}]}, "version": 88}
{"obj": {"type": "LogStrings", "path": ["monitoring", "f6467f4f", "stdout"], "values": [{"value": "https://app.neptune.ai/wildbine/linear-regression/e/LIN-350/metadata\n", "step": null, "ts": 1696870517.4593625}]}, "version": 89}
{"obj": {"type": "LogStrings", "path": ["monitoring", "f6467f4f", "stdout"], "values": [{"value": "Shutting down background jobs, please wait a moment...\n", "step": null, "ts": 1696870517.4613633}]}, "version": 90}
{"obj": {"type": "LogStrings", "path": ["monitoring", "f6467f4f", "stdout"], "values": [{"value": "Done!\n", "step": null, "ts": 1696870517.6263683}]}, "version": 91}
{"obj": {"type": "LogStrings", "path": ["monitoring", "f6467f4f", "stdout"], "values": [{"value": "Waiting for the remaining 40 operations to synchronize with Neptune. Do not kill this process.\n", "step": null, "ts": 1696870517.6293678}]}, "version": 92}
{"obj": {"type": "LogStrings", "path": ["monitoring", "f6467f4f", "stdout"], "values": [{"value": "All 40 operations synced, thanks for waiting!\n", "step": null, "ts": 1696870517.9793797}]}, "version": 93}
{"obj": {"type": "LogStrings", "path": ["monitoring", "f6467f4f", "stdout"], "values": [{"value": "Explore the metadata in the Neptune app:\n", "step": null, "ts": 1696870517.9813795}]}, "version": 94}
{"obj": {"type": "LogStrings", "path": ["monitoring", "f6467f4f", "stdout"], "values": [{"value": "https://app.neptune.ai/wildbine/linear-regression/e/LIN-349/metadata\n", "step": null, "ts": 1696870517.983379}]}, "version": 95}
{"obj": {"type": "LogStrings", "path": ["monitoring", "f6467f4f", "stdout"], "values": [{"value": "Shutting down background jobs, please wait a moment...\n", "step": null, "ts": 1696870517.9843788}]}, "version": 96}
{"obj": {"type": "LogStrings", "path": ["monitoring", "f6467f4f", "stdout"], "values": [{"value": "Done!\n", "step": null, "ts": 1696870518.1035233}]}, "version": 97}
{"obj": {"type": "LogStrings", "path": ["monitoring", "f6467f4f", "stdout"], "values": [{"value": "Waiting for the remaining 55 operations to synchronize with Neptune. Do not kill this process.\n", "step": null, "ts": 1696870518.1035233}]}, "version": 98}
{"obj": {"type": "LogStrings", "path": ["monitoring", "f6467f4f", "stdout"], "values": [{"value": "All 55 operations synced, thanks for waiting!\n", "step": null, "ts": 1696870518.4145343}]}, "version": 99}
{"obj": {"type": "LogStrings", "path": ["monitoring", "f6467f4f", "stdout"], "values": [{"value": "Explore the metadata in the Neptune app:\n", "step": null, "ts": 1696870518.418534}]}, "version": 100}
{"obj": {"type": "LogStrings", "path": ["monitoring", "f6467f4f", "stdout"], "values": [{"value": "https://app.neptune.ai/wildbine/linear-regression/e/LIN-348/metadata\n", "step": null, "ts": 1696870518.4205341}]}, "version": 101}
{"obj": {"type": "LogStrings", "path": ["monitoring", "f6467f4f", "stdout"], "values": [{"value": "Shutting down background jobs, please wait a moment...\n", "step": null, "ts": 1696870518.4215343}]}, "version": 102}
{"obj": {"type": "LogStrings", "path": ["monitoring", "f6467f4f", "stdout"], "values": [{"value": "Done!\n", "step": null, "ts": 1696870518.5802195}]}, "version": 103}
{"obj": {"type": "LogStrings", "path": ["monitoring", "f6467f4f", "stdout"], "values": [{"value": "Waiting for the remaining 6 operations to synchronize with Neptune. Do not kill this process.\n", "step": null, "ts": 1696870518.584219}]}, "version": 104}
{"obj": {"type": "LogStrings", "path": ["monitoring", "f6467f4f", "stdout"], "values": [{"value": "All 6 operations synced, thanks for waiting!\n", "step": null, "ts": 1696870518.7552388}]}, "version": 105}
{"obj": {"type": "LogStrings", "path": ["monitoring", "f6467f4f", "stdout"], "values": [{"value": "Explore the metadata in the Neptune app:\n", "step": null, "ts": 1696870518.7582383}]}, "version": 106}
{"obj": {"type": "LogStrings", "path": ["monitoring", "f6467f4f", "stdout"], "values": [{"value": "https://app.neptune.ai/wildbine/linear-regression/e/LIN-347/metadata\n", "step": null, "ts": 1696870518.7602382}]}, "version": 107}
{"obj": {"type": "LogStrings", "path": ["monitoring", "f6467f4f", "stdout"], "values": [{"value": "Shutting down background jobs, please wait a moment...\n", "step": null, "ts": 1696870518.761238}]}, "version": 108}
{"obj": {"type": "LogStrings", "path": ["monitoring", "f6467f4f", "stdout"], "values": [{"value": "Done!\n", "step": null, "ts": 1696870518.9742587}]}, "version": 109}
{"obj": {"type": "LogStrings", "path": ["monitoring", "f6467f4f", "stdout"], "values": [{"value": "Waiting for the remaining 18 operations to synchronize with Neptune. Do not kill this process.\n", "step": null, "ts": 1696870518.9762583}]}, "version": 110}
{"obj": {"type": "LogStrings", "path": ["monitoring", "f6467f4f", "stdout"], "values": [{"value": "All 18 operations synced, thanks for waiting!\n", "step": null, "ts": 1696870519.1602116}]}, "version": 111}
{"obj": {"type": "LogStrings", "path": ["monitoring", "f6467f4f", "stdout"], "values": [{"value": "Explore the metadata in the Neptune app:\n", "step": null, "ts": 1696870519.1632118}]}, "version": 112}
{"obj": {"type": "LogStrings", "path": ["monitoring", "f6467f4f", "stdout"], "values": [{"value": "https://app.neptune.ai/wildbine/linear-regression/e/LIN-346/metadata\n", "step": null, "ts": 1696870519.166212}]}, "version": 113}
{"obj": {"type": "LogStrings", "path": ["monitoring", "f6467f4f", "stdout"], "values": [{"value": "Shutting down background jobs, please wait a moment...\n", "step": null, "ts": 1696870519.166212}]}, "version": 114}
{"obj": {"type": "LogStrings", "path": ["monitoring", "f6467f4f", "stdout"], "values": [{"value": "Done!\n", "step": null, "ts": 1696870519.325663}]}, "version": 115}
{"obj": {"type": "LogStrings", "path": ["monitoring", "f6467f4f", "stdout"], "values": [{"value": "Waiting for the remaining 30 operations to synchronize with Neptune. Do not kill this process.\n", "step": null, "ts": 1696870519.3276584}]}, "version": 116}
{"obj": {"type": "LogFloats", "path": ["monitoring", "f6467f4f", "cpu"], "values": [{"value": 29.6, "step": null, "ts": 1696870519.4026582}]}, "version": 117}
{"obj": {"type": "LogFloats", "path": ["monitoring", "f6467f4f", "memory"], "values": [{"value": 17.024024963378906, "step": null, "ts": 1696870519.4026582}]}, "version": 118}
{"obj": {"type": "LogFloats", "path": ["monitoring", "f6467f4f", "gpu"], "values": [{"value": 9.0, "step": null, "ts": 1696870519.4026582}]}, "version": 119}
{"obj": {"type": "LogFloats", "path": ["monitoring", "f6467f4f", "gpu_memory"], "values": [{"value": 1.7987060546875, "step": null, "ts": 1696870519.4026582}]}, "version": 120}
{"obj": {"type": "LogStrings", "path": ["monitoring", "f6467f4f", "stdout"], "values": [{"value": "All 30 operations synced, thanks for waiting!\n", "step": null, "ts": 1696870519.496657}]}, "version": 121}
{"obj": {"type": "LogStrings", "path": ["monitoring", "f6467f4f", "stdout"], "values": [{"value": "Explore the metadata in the Neptune app:\n", "step": null, "ts": 1696870519.4986567}]}, "version": 122}
{"obj": {"type": "LogStrings", "path": ["monitoring", "f6467f4f", "stdout"], "values": [{"value": "https://app.neptune.ai/wildbine/linear-regression/e/LIN-345/metadata\n", "step": null, "ts": 1696870519.4996572}]}, "version": 123}
{"obj": {"type": "LogStrings", "path": ["monitoring", "f6467f4f", "stdout"], "values": [{"value": "Shutting down background jobs, please wait a moment...\n", "step": null, "ts": 1696870519.5016565}]}, "version": 124}
{"obj": {"type": "LogStrings", "path": ["monitoring", "f6467f4f", "stdout"], "values": [{"value": "Done!\n", "step": null, "ts": 1696870519.6906571}]}, "version": 125}
{"obj": {"type": "LogStrings", "path": ["monitoring", "f6467f4f", "stdout"], "values": [{"value": "Waiting for the remaining 46 operations to synchronize with Neptune. Do not kill this process.\n", "step": null, "ts": 1696870519.693657}]}, "version": 126}
{"obj": {"type": "LogStrings", "path": ["monitoring", "f6467f4f", "stdout"], "values": [{"value": "All 46 operations synced, thanks for waiting!\n", "step": null, "ts": 1696870519.8764021}]}, "version": 127}
{"obj": {"type": "LogStrings", "path": ["monitoring", "f6467f4f", "stdout"], "values": [{"value": "Explore the metadata in the Neptune app:\n", "step": null, "ts": 1696870519.8784015}]}, "version": 128}
{"obj": {"type": "LogStrings", "path": ["monitoring", "f6467f4f", "stdout"], "values": [{"value": "https://app.neptune.ai/wildbine/linear-regression/e/LIN-344/metadata\n", "step": null, "ts": 1696870519.8794017}]}, "version": 129}
{"obj": {"type": "LogStrings", "path": ["monitoring", "f6467f4f", "stdout"], "values": [{"value": "Shutting down background jobs, please wait a moment...\n", "step": null, "ts": 1696870519.8804016}]}, "version": 130}
{"obj": {"type": "LogStrings", "path": ["monitoring", "f6467f4f", "stdout"], "values": [{"value": "Done!\n", "step": null, "ts": 1696870520.062407}]}, "version": 131}
{"obj": {"type": "LogStrings", "path": ["monitoring", "f6467f4f", "stdout"], "values": [{"value": "Waiting for the remaining 58 operations to synchronize with Neptune. Do not kill this process.\n", "step": null, "ts": 1696870520.0664072}]}, "version": 132}
{"obj": {"type": "LogStrings", "path": ["monitoring", "f6467f4f", "stdout"], "values": [{"value": "All 58 operations synced, thanks for waiting!\n", "step": null, "ts": 1696870520.2574203}]}, "version": 133}
{"obj": {"type": "LogStrings", "path": ["monitoring", "f6467f4f", "stdout"], "values": [{"value": "Explore the metadata in the Neptune app:\n", "step": null, "ts": 1696870520.2594204}]}, "version": 134}
{"obj": {"type": "LogStrings", "path": ["monitoring", "f6467f4f", "stdout"], "values": [{"value": "https://app.neptune.ai/wildbine/linear-regression/e/LIN-343/metadata\n", "step": null, "ts": 1696870520.2624202}]}, "version": 135}
{"obj": {"type": "LogStrings", "path": ["monitoring", "f6467f4f", "stdout"], "values": [{"value": "Shutting down background jobs, please wait a moment...\n", "step": null, "ts": 1696870520.2624202}]}, "version": 136}
{"obj": {"type": "LogStrings", "path": ["monitoring", "f6467f4f", "stdout"], "values": [{"value": "Done!\n", "step": null, "ts": 1696870520.3794198}]}, "version": 137}
{"obj": {"type": "LogStrings", "path": ["monitoring", "f6467f4f", "stdout"], "values": [{"value": "Waiting for the remaining 66 operations to synchronize with Neptune. Do not kill this process.\n", "step": null, "ts": 1696870520.3824193}]}, "version": 138}
{"obj": {"type": "LogStrings", "path": ["monitoring", "f6467f4f", "stdout"], "values": [{"value": "All 66 operations synced, thanks for waiting!\n", "step": null, "ts": 1696870520.6600478}]}, "version": 139}
{"obj": {"type": "LogStrings", "path": ["monitoring", "f6467f4f", "stdout"], "values": [{"value": "Explore the metadata in the Neptune app:\n", "step": null, "ts": 1696870520.6620474}]}, "version": 140}
{"obj": {"type": "LogStrings", "path": ["monitoring", "f6467f4f", "stdout"], "values": [{"value": "https://app.neptune.ai/wildbine/linear-regression/e/LIN-342/metadata\n", "step": null, "ts": 1696870520.6630473}]}, "version": 141}
{"obj": {"type": "LogStrings", "path": ["monitoring", "f6467f4f", "stdout"], "values": [{"value": "Shutting down background jobs, please wait a moment...\n", "step": null, "ts": 1696870520.6640477}]}, "version": 142}
